Log file open, 09/30/18 23:16:01
LogWindows: Failed to load 'aqProf.dll' (GetLastError=126)
LogWindows: File 'aqProf.dll' does not exist
LogWindows: Failed to load 'VtuneApi.dll' (GetLastError=126)
LogWindows: File 'VtuneApi.dll' does not exist
LogWindows: Failed to load 'VtuneApi32e.dll' (GetLastError=126)
LogWindows: File 'VtuneApi32e.dll' does not exist
LogInit: Display: Running engine for game: FPSProject
LogPlatformFile: Not using cached read wrapper
LogTaskGraph: Started task graph with 5 named threads and 11 total threads with 3 sets of task threads.
LogStats: Stats thread started at 0.297964
LogD3D11RHI: Loaded GFSDK_Aftermath_Lib.x64.dll
LogICUInternationalization: Display: ICU TimeZone Detection - Raw Offset: -6:00, Platform Override: ''
LogPluginManager: Mounting plugin Paper2D
LogPluginManager: Mounting plugin AISupport
LogPluginManager: Mounting plugin LightPropagationVolume
LogPluginManager: Mounting plugin CLionSourceCodeAccess
LogPluginManager: Mounting plugin CodeLiteSourceCodeAccess
LogPluginManager: Mounting plugin GitSourceControl
LogPluginManager: Mounting plugin KDevelopSourceCodeAccess
LogPluginManager: Mounting plugin NullSourceCodeAccess
LogPluginManager: Mounting plugin PerforceSourceControl
LogPluginManager: Mounting plugin SubversionSourceControl
LogPluginManager: Mounting plugin UObjectPlugin
LogPluginManager: Mounting plugin VisualStudioCodeSourceCodeAccess
LogPluginManager: Mounting plugin VisualStudioSourceCodeAccess
LogPluginManager: Mounting plugin XCodeSourceCodeAccess
LogPluginManager: Mounting plugin AssetManagerEditor
LogPluginManager: Mounting plugin CryptoKeys
LogPluginManager: Mounting plugin DataValidation
LogPluginManager: Mounting plugin FacialAnimation
LogPluginManager: Mounting plugin GameplayTagsEditor
LogPluginManager: Mounting plugin MacGraphicsSwitching
LogPluginManager: Mounting plugin MeshEditor
LogPluginManager: Mounting plugin MobileLauncherProfileWizard
LogPluginManager: Mounting plugin PluginBrowser
LogPluginManager: Mounting plugin SpeedTreeImporter
LogPluginManager: Mounting plugin DatasmithContent
LogPluginManager: Mounting plugin AlembicImporter
LogPluginManager: Mounting plugin AppleImageUtils
LogPluginManager: Mounting plugin AppleVision
LogPluginManager: Mounting plugin BackChannel
LogPluginManager: Mounting plugin CharacterAI
LogPluginManager: Mounting plugin GeometryCache
LogPluginManager: Mounting plugin HTML5Networking
LogPluginManager: Mounting plugin ProxyLODPlugin
LogPluginManager: Mounting plugin MagicLeap
LogPluginManager: Mounting plugin MagicLeapEmulator
LogPluginManager: Mounting plugin MagicLeapMedia
LogPluginManager: Mounting plugin AndroidMedia
LogPluginManager: Mounting plugin AvfMedia
LogPluginManager: Mounting plugin ImgMedia
LogPluginManager: Mounting plugin LinearTimecode
LogPluginManager: Mounting plugin MediaCompositing
LogPluginManager: Mounting plugin MediaPlayerEditor
LogPluginManager: Mounting plugin WmfMedia
LogPluginManager: Mounting plugin TcpMessaging
LogPluginManager: Mounting plugin UdpMessaging
LogPluginManager: Mounting plugin ActorSequence
LogPluginManager: Mounting plugin LevelSequenceEditor
LogPluginManager: Mounting plugin MatineeToLevelSequence
LogPluginManager: Mounting plugin NetcodeUnitTest
LogPluginManager: Mounting plugin NUTUnrealEngine4
LogPluginManager: Mounting plugin OnlineSubsystemGooglePlay
LogPluginManager: Mounting plugin OnlineSubsystemIOS
LogPluginManager: Mounting plugin OnlineSubsystem
LogPluginManager: Mounting plugin OnlineSubsystemNull
LogPluginManager: Mounting plugin OnlineSubsystemUtils
LogPluginManager: Mounting plugin LauncherChunkInstaller
LogPluginManager: Mounting plugin AndroidDeviceProfileSelector
LogPluginManager: Mounting plugin AndroidMoviePlayer
LogPluginManager: Mounting plugin AndroidPermission
LogPluginManager: Mounting plugin AppleMoviePlayer
LogPluginManager: Mounting plugin ArchVisCharacter
LogPluginManager: Mounting plugin AudioCapture
LogPluginManager: Mounting plugin CableComponent
LogPluginManager: Mounting plugin CustomMeshComponent
LogPluginManager: Mounting plugin EditableMesh
LogPluginManager: Mounting plugin ExampleDeviceProfileSelector
LogPluginManager: Mounting plugin GoogleCloudMessaging
LogPluginManager: Mounting plugin ImmediatePhysics
LogPluginManager: Mounting plugin IOSDeviceProfileSelector
LogPluginManager: Mounting plugin LinuxDeviceProfileSelector
LogPluginManager: Mounting plugin LocationServicesBPLibrary
LogPluginManager: Mounting plugin MobilePatchingUtils
LogPluginManager: Mounting plugin OculusVR
LogPluginManager: Plugin shader directory ../../../Engine/Plugins/Runtime/Oculus/OculusVR/Shaders found
LogPluginManager: Mapping shader source directory ../../../Engine/Plugins/Runtime/Oculus/OculusVR/Shaders to virtual directory /Plugin/OculusVR
LogPluginManager: Mounting plugin PhysXVehicles
LogPluginManager: Mounting plugin ProceduralMeshComponent
LogPluginManager: Mounting plugin RuntimePhysXCooking
LogPluginManager: Mounting plugin SteamVR
LogPluginManager: Mounting plugin WindowsMoviePlayer
LogStreaming: Display: Took  0.178s to configure plugins.
LogInit: Using libcurl 7.55.1-DEV
LogInit:  - built for x86_64-pc-win32
LogInit:  - supports SSL with OpenSSL/1.0.2h
LogInit:  - supports HTTP deflate (compression) using libz 1.2.8
LogInit:  - other features:
LogInit:      CURL_VERSION_SSL
LogInit:      CURL_VERSION_LIBZ
LogInit:      CURL_VERSION_IPV6
LogInit:      CURL_VERSION_ASYNCHDNS
LogInit:      CURL_VERSION_LARGEFILE
LogInit:      CURL_VERSION_IDN
LogInit:  CurlRequestOptions (configurable via config and command line):
LogInit:  - bVerifyPeer = false  - Libcurl will NOT verify peer certificate
LogInit:  - bUseHttpProxy = false  - Libcurl will NOT use HTTP proxy
LogInit:  - bDontReuseConnections = false  - Libcurl will reuse connections
LogInit:  - CertBundlePath = nullptr  - Libcurl will use whatever was configured at build time.
LogInit:  - MaxHostConnections = 16  - Libcurl will limit the number of connections to a host
LogInit:  - LocalHostAddr = Default
LogInit:  - BufferSize = 65536
LogInit: WinSock: version 1.1 (2.2), MaxSocks=32767, MaxUdp=65467
LogInit: Build: ++UE4+Release-4.20-CL-4369336
LogInit: Engine Version: 4.20.3-4369336+++UE4+Release-4.20
LogInit: Compatible Engine Version: 4.20.0-4212847+++UE4+Release-4.20
LogInit: Net CL: 4212847
LogInit: OS: Windows 8.1 (), CPU: AMD FX(tm)-4300 Quad-Core Processor            , GPU: NVIDIA GeForce GTX 970
LogInit: Compiled (64-bit): Sep 17 2018 12:26:19
LogInit: Compiled with Visual C++: 19.13.26129.00
LogInit: Build Configuration: Development
LogInit: Branch Name: ++UE4+Release-4.20
LogInit: Command Line:  -skipcompile
LogInit: Base Directory: C:/Program Files/Epic Games/UE_4.20/Engine/Binaries/Win64/
LogInit: Installed Engine Build: 1
LogDevObjectVersion: Number of dev versions registered: 20
LogDevObjectVersion:   Dev-Blueprints (B0D832E4-1F89-4F0D-ACCF-7EB736FD4AA2): 10
LogDevObjectVersion:   Dev-Build (E1C64328-A22C-4D53-A36C-8E866417BD8C): 0
LogDevObjectVersion:   Dev-Core (375EC13C-06E4-48FB-B500-84F0262A717E): 2
LogDevObjectVersion:   Dev-Editor (E4B068ED-F494-42E9-A231-DA0B2E46BB41): 24
LogDevObjectVersion:   Dev-Framework (CFFC743F-43B0-4480-9391-14DF171D2073): 34
LogDevObjectVersion:   Dev-Mobile (B02B49B5-BB20-44E9-A304-32B752E40360): 2
LogDevObjectVersion:   Dev-Networking (A4E4105C-59A1-49B5-A7C5-40C4547EDFEE): 0
LogDevObjectVersion:   Dev-Online (39C831C9-5AE6-47DC-9A44-9C173E1C8E7C): 0
LogDevObjectVersion:   Dev-Physics (78F01B33-EBEA-4F98-B9B4-84EACCB95AA2): 0
LogDevObjectVersion:   Dev-Platform (6631380F-2D4D-43E0-8009-CF276956A95A): 0
LogDevObjectVersion:   Dev-Rendering (12F88B9F-8875-4AFC-A67C-D90C383ABD29): 26
LogDevObjectVersion:   Dev-Sequencer (7B5AE74C-D270-4C10-A958-57980B212A5A): 9
LogDevObjectVersion:   Dev-VR (D7296918-1DD6-4BDD-9DE2-64A83CC13884): 2
LogDevObjectVersion:   Dev-LoadTimes (C2A15278-BFE7-4AFE-6C17-90FF531DF755): 1
LogDevObjectVersion:   Private-Geometry (6EACA3D4-40EC-4CC1-B786-8BED09428FC5): 3
LogDevObjectVersion:   Dev-AnimPhys (29E575DD-E0A3-4627-9D10-D276232CDCEA): 17
LogDevObjectVersion:   Dev-ReflectionCapture (6B266CEC-1EC7-4B8F-A30B-E4D90942FC07): 1
LogDevObjectVersion:   Dev-Automation (0DF73D61-A23F-47EA-B727-89E90C41499A): 1
LogDevObjectVersion:   FortniteMain (601D1886-AC64-4F84-AA16-D3DE0DEAC7D6): 12
LogDevObjectVersion:   Dev-Enterprise (9DFFBCD6-494F-0158-E221-12823C92A888): 1
LogStreaming: Display: Took  0.001s to delete old logs.
LogInit: Presizing for max 8388607 objects, including 0 objects not considered by GC, pre-allocating 0 bytes for permanent pool.
LogInit: Object subsystem initialized
[2018.10.01-04.16.01:769][  0]LogInit: Selected Device Profile: [Windows]
[2018.10.01-04.16.01:769][  0]LogInit: Applying CVar settings loaded from the selected device profile: [Windows]
[2018.10.01-04.16.01:795][  0]LogHAL: Display: Platform has ~ 16 GB [17160523776 / 17179869184 / 16], which maps to Larger [LargestMinGB=32, LargerMinGB=12, DefaultMinGB=8, SmallerMinGB=6, SmallestMinGB=0)
[2018.10.01-04.16.01:795][  0]LogInit: Setting Device Profile CVar: [[r.Vulkan.UseRealUBs:1]]
[2018.10.01-04.16.01:795][  0]LogInit: Going up to parent DeviceProfile []
[2018.10.01-04.16.01:796][  0]LogInit: Computer: PETEPC
[2018.10.01-04.16.01:796][  0]LogInit: User: Peter
[2018.10.01-04.16.01:796][  0]LogInit: CPU Page size=4096, Cores=2
[2018.10.01-04.16.01:796][  0]LogInit: High frequency timer resolution =3.727432 MHz
[2018.10.01-04.16.01:796][  0]LogMemory: Memory total: Physical=16.0GB (16GB approx)
[2018.10.01-04.16.01:796][  0]LogMemory: Platform Memory Stats for Windows
[2018.10.01-04.16.01:796][  0]LogMemory: Process Physical Memory: 98.15 MB used, 98.15 MB peak
[2018.10.01-04.16.01:797][  0]LogMemory: Process Virtual Memory: 82.46 MB used, 82.46 MB peak
[2018.10.01-04.16.01:797][  0]LogMemory: Physical Memory: 6406.73 MB used,  9958.82 MB free, 16365.55 MB total
[2018.10.01-04.16.01:797][  0]LogMemory: Virtual Memory: 466.61 MB used,  9958.82 MB free, 134217728.00 MB total
[2018.10.01-04.16.02:085][  0]LogInit: Using OS detected language (en-GB).
[2018.10.01-04.16.02:085][  0]LogInit: Using OS detected locale (en-US).
[2018.10.01-04.16.02:086][  0]LogTextLocalizationManager: No specific localization for 'en-GB' exists, so the 'en' localization will be used.
[2018.10.01-04.16.02:666][  0]LogStreaming: Display: Took  0.581s to InitEngineTextLocalization.
[2018.10.01-04.16.02:666][  0]LogInit: Setting process to per monitor DPI aware
[2018.10.01-04.16.02:743][  0]LogSlate: New Slate User Created.  User Index 0, Is Virtual User: 0
[2018.10.01-04.16.02:743][  0]LogSlate: Slate User Registered.  User Index 0, Is Virtual User: 0
[2018.10.01-04.16.03:026][  0]LogHMD: Failed to initialize OpenVR with code 110
[2018.10.01-04.16.03:026][  0]LogD3D11RHI: D3D11 adapters:
[2018.10.01-04.16.03:107][  0]LogD3D11RHI:    0. 'NVIDIA GeForce GTX 970' (Feature Level 11_0)
[2018.10.01-04.16.03:107][  0]LogD3D11RHI:       3992/0/8182 MB DedicatedVideo/DedicatedSystem/SharedSystem, Outputs:2, VendorId:0x10de
[2018.10.01-04.16.03:115][  0]LogD3D11RHI:    1. 'Microsoft Basic Render Driver' (Feature Level 11_0)
[2018.10.01-04.16.03:116][  0]LogD3D11RHI:       0/0/256 MB DedicatedVideo/DedicatedSystem/SharedSystem, Outputs:0, VendorId:0x1414
[2018.10.01-04.16.03:116][  0]LogD3D11RHI: Chosen D3D11 Adapter: 0
[2018.10.01-04.16.03:122][  0]LogD3D11RHI: Creating new Direct3DDevice
[2018.10.01-04.16.03:122][  0]LogD3D11RHI:     GPU DeviceId: 0x13c2 (for the marketing name, search the web for "GPU Device Id")
[2018.10.01-04.16.03:122][  0]LogWindows: EnumDisplayDevices:
[2018.10.01-04.16.03:123][  0]LogWindows:    0. 'NVIDIA GeForce GTX 970' (P:0 D:1)
[2018.10.01-04.16.03:123][  0]LogWindows:    1. 'NVIDIA GeForce GTX 970' (P:1 D:1)
[2018.10.01-04.16.03:123][  0]LogWindows:    2. 'NVIDIA GeForce GTX 970' (P:0 D:0)
[2018.10.01-04.16.03:124][  0]LogWindows:    3. 'NVIDIA GeForce GTX 970' (P:0 D:0)
[2018.10.01-04.16.03:124][  0]LogWindows: DebugString: FoundDriverCount:4 
[2018.10.01-04.16.03:124][  0]LogD3D11RHI:     Adapter Name: NVIDIA GeForce GTX 970
[2018.10.01-04.16.03:124][  0]LogD3D11RHI:   Driver Version: 391.35 (internal:23.21.13.9135, unified:391.35)
[2018.10.01-04.16.03:124][  0]LogD3D11RHI:      Driver Date: 3-23-2018
[2018.10.01-04.16.03:124][  0]LogRHI: Texture pool is 2794 MB (70% of 3992 MB)
[2018.10.01-04.16.03:159][  0]LogD3D11RHI: Async texture creation enabled
[2018.10.01-04.16.03:181][  0]LogD3D11RHI: GPU Timing Frequency: 1000.000000 (Debug: 2 2)
[2018.10.01-04.16.03:233][  0]LogShaderCompilers: Guid format shader working directory is -19 characters bigger than the processId version (../../../../../../Users/Peter/Documents/Unreal Projects/FPSProject/Intermediate/Shaders/WorkingDirectory/728/).
[2018.10.01-04.16.03:233][  0]LogShaderCompilers: Cleaned the shader compiler working directory 'C:/Users/Peter/AppData/Local/Temp/UnrealShaderWorkingDir/21379F194F765041250698B8EA42EFD1/'.
[2018.10.01-04.16.03:624][  0]LogTemp: Display: Loaded TP AllDesktopTargetPlatform
[2018.10.01-04.16.03:654][  0]LogTemp: Display: Loaded TP MacClientTargetPlatform
[2018.10.01-04.16.03:682][  0]LogTemp: Display: Loaded TP MacNoEditorTargetPlatform
[2018.10.01-04.16.03:710][  0]LogTemp: Display: Loaded TP MacServerTargetPlatform
[2018.10.01-04.16.03:739][  0]LogTemp: Display: Loaded TP MacTargetPlatform
[2018.10.01-04.16.03:766][  0]LogTemp: Display: Loaded TP WindowsClientTargetPlatform
[2018.10.01-04.16.03:795][  0]LogTemp: Display: Loaded TP WindowsNoEditorTargetPlatform
[2018.10.01-04.16.03:821][  0]LogTemp: Display: Loaded TP WindowsServerTargetPlatform
[2018.10.01-04.16.03:833][  0]LogTemp: Display: Loaded TP WindowsTargetPlatform
[2018.10.01-04.16.03:984][  0]LogTemp: Display: Loaded TP AndroidTargetPlatform
[2018.10.01-04.16.03:984][  0]LogTemp: Display: Loaded TP AndroidTargetPlatform
[2018.10.01-04.16.03:984][  0]LogTemp: Display: Loaded TP AndroidTargetPlatform
[2018.10.01-04.16.03:985][  0]LogTemp: Display: Loaded TP AndroidTargetPlatform
[2018.10.01-04.16.03:985][  0]LogTemp: Display: Loaded TP AndroidTargetPlatform
[2018.10.01-04.16.03:985][  0]LogTemp: Display: Loaded TP AndroidTargetPlatform
[2018.10.01-04.16.03:985][  0]LogTemp: Display: Loaded TP AndroidTargetPlatform
[2018.10.01-04.16.03:985][  0]LogTemp: Display: Loaded TP AndroidTargetPlatform
[2018.10.01-04.16.03:985][  0]LogTemp: Display: Loaded TP AndroidTargetPlatform
[2018.10.01-04.16.03:985][  0]LogTemp: Display: Loaded TP AndroidTargetPlatform
[2018.10.01-04.16.03:985][  0]LogTemp: Display: Loaded TP AndroidTargetPlatform
[2018.10.01-04.16.03:985][  0]LogTemp: Display: Loaded TP AndroidTargetPlatform
[2018.10.01-04.16.03:985][  0]LogTemp: Display: Loaded TP AndroidTargetPlatform
[2018.10.01-04.16.03:985][  0]LogTemp: Display: Loaded TP AndroidTargetPlatform
[2018.10.01-04.16.03:985][  0]LogTemp: Display: Loaded TP AndroidTargetPlatform
[2018.10.01-04.16.03:985][  0]LogTemp: Display: Loaded TP AndroidTargetPlatform
[2018.10.01-04.16.03:985][  0]LogTemp: Display: Loaded TP AndroidTargetPlatform
[2018.10.01-04.16.03:985][  0]LogTemp: Display: Loaded TP AndroidTargetPlatform
[2018.10.01-04.16.03:990][  0]LogTemp: Display: Loaded TP HTML5TargetPlatform
[2018.10.01-04.16.04:088][  0]LogTemp: Display: Loaded TP IOSTargetPlatform
[2018.10.01-04.16.04:088][  0]LogTemp: Display: Loaded TP IOSTargetPlatform
[2018.10.01-04.16.04:139][  0]LogTemp: Display: Loaded TP TVOSTargetPlatform
[2018.10.01-04.16.04:140][  0]LogTemp: Display: Loaded TP TVOSTargetPlatform
[2018.10.01-04.16.04:168][  0]LogTemp: Display: Loaded TP LinuxClientTargetPlatform
[2018.10.01-04.16.04:210][  0]LogTemp: Display: Loaded TP LinuxNoEditorTargetPlatform
[2018.10.01-04.16.04:246][  0]LogTemp: Display: Loaded TP LinuxServerTargetPlatform
[2018.10.01-04.16.04:275][  0]LogTemp: Display: Loaded TP LinuxTargetPlatform
[2018.10.01-04.16.04:303][  0]LogTemp: Display: Loaded TP LuminTargetPlatform
[2018.10.01-04.16.04:303][  0]LogTargetPlatformManager: Display: Building Assets For Windows
[2018.10.01-04.16.04:570][  0]LogXGEController: Cannot use XGE Controller as Incredibuild is not installed on this machine.
[2018.10.01-04.16.04:570][  0]LogShaderCompilers: Cannot use XGE Shader Compiler as Incredibuild is not installed on this machine.
[2018.10.01-04.16.04:570][  0]LogShaderCompilers: Display: Using Local Shader Compiler.
[2018.10.01-04.16.06:024][  0]LogDerivedDataCache: Display: Max Cache Size: 512 MB
[2018.10.01-04.16.06:189][  0]LogDerivedDataCache: Loaded boot cache 0.17s 71MB C:/Users/Peter/AppData/Local/UnrealEngine/4.20/DerivedDataCache/Boot.ddc.
[2018.10.01-04.16.06:190][  0]LogDerivedDataCache: Display: Loaded Boot cache: C:/Users/Peter/AppData/Local/UnrealEngine/4.20/DerivedDataCache/Boot.ddc
[2018.10.01-04.16.06:191][  0]LogDerivedDataCache: FDerivedDataBackendGraph:  Pak pak cache file ../../../../../../Users/Peter/Documents/Unreal Projects/FPSProject/DerivedDataCache/DDC.ddp not found, will not use a pak cache.
[2018.10.01-04.16.06:191][  0]LogDerivedDataCache: Unable to find inner node Pak for hierarchical cache Hierarchy.
[2018.10.01-04.16.06:191][  0]LogDerivedDataCache: FDerivedDataBackendGraph:  CompressedPak pak cache file ../../../../../../Users/Peter/Documents/Unreal Projects/FPSProject/DerivedDataCache/Compressed.ddp not found, will not use a pak cache.
[2018.10.01-04.16.06:191][  0]LogDerivedDataCache: Unable to find inner node CompressedPak for hierarchical cache Hierarchy.
[2018.10.01-04.16.06:214][  0]LogDerivedDataCache: Display: Pak cache opened for reading ../../../Engine/DerivedDataCache/Compressed.ddp.
[2018.10.01-04.16.06:228][  0]LogDerivedDataCache: Using Local data cache path C:/Users/Peter/AppData/Local/UnrealEngine/Common/DerivedDataCache: Writable
[2018.10.01-04.16.06:228][  0]LogDerivedDataCache: Shared data cache path not found in *engine.ini, will not use an Shared cache.
[2018.10.01-04.16.06:228][  0]LogDerivedDataCache: Unable to find inner node Shared for hierarchical cache Hierarchy.
[2018.10.01-04.16.06:263][  0]LogMaterial: Verifying Global Shaders for PCD3D_SM5
[2018.10.01-04.16.06:265][  0]LogSlate: Using FreeType 2.6.0
[2018.10.01-04.16.06:266][  0]LogSlate: SlateFontServices - WITH_FREETYPE: 1, WITH_HARFBUZZ: 1
[2018.10.01-04.16.06:369][  0]LogAssetRegistry: FAssetRegistry took 0.0338 seconds to start up
[2018.10.01-04.16.06:994][  0]LogInit: Selected Device Profile: [Windows]
[2018.10.01-04.16.07:194][  0]LogSimplygon: Simplygon DLL not present - disabling.
[2018.10.01-04.16.07:205][  0]LogMeshReduction: Using SimplygonSwarm for distributed automatic mesh merging
[2018.10.01-04.16.07:205][  0]LogMeshReduction: Using ProxyLODMeshReduction for automatic mesh merging
[2018.10.01-04.16.07:205][  0]LogMeshReduction: Using QuadricMeshReduction for automatic static mesh reduction
[2018.10.01-04.16.07:205][  0]LogMeshReduction: No automatic skeletal mesh reduction module available
[2018.10.01-04.16.07:246][  0]LogNetVersion: FPSProject 1.0.0, NetCL: 4212847, EngineNetVer: 5, GameNetVer: 0 (Checksum: 131968215)
[2018.10.01-04.16.07:998][  0]LogPackageLocalizationCache: Processed 11 localized package path(s) for 2 prioritized culture(s) in 0.151402 seconds
[2018.10.01-04.16.08:008][  0]LogUObjectArray: 38425 objects as part of root set at end of initial load.
[2018.10.01-04.16.08:008][  0]LogUObjectAllocator: 6690864 out of 0 bytes used by permanent object pool.
[2018.10.01-04.16.08:008][  0]LogUObjectArray: CloseDisregardForGC: 0/0 objects in disregard for GC pool
[2018.10.01-04.16.09:242][  0]LogTcpMessaging: Initializing TcpMessaging bridge
[2018.10.01-04.16.09:287][  0]LogUdpMessaging: Initializing bridge on interface 0.0.0.0:0 to multicast group 230.0.0.1:6666.
[2018.10.01-04.16.10:299][  0]SourceControl: Source control is disabled
[2018.10.01-04.16.10:300][  0]SourceControl: Source control is disabled
[2018.10.01-04.16.10:304][  0]SourceControl: Source control is disabled
[2018.10.01-04.16.10:308][  0]SourceControl: Source control is disabled
[2018.10.01-04.16.10:607][  0]LogAndroidPermission: UAndroidPermissionCallbackProxy::GetInstance
[2018.10.01-04.16.10:708][  0]LogOcInput: OculusInput pre-init called
[2018.10.01-04.16.10:793][  0]LogEngine: Initializing Engine...
[2018.10.01-04.16.10:794][  0]LogHMD: Failed to initialize OpenVR with code 110
[2018.10.01-04.16.10:796][  0]LogStats: UGameplayTagsManager::ConstructGameplayTagTree: ImportINI prefixes -  0.000 s
[2018.10.01-04.16.10:797][  0]LogStats: UGameplayTagsManager::ConstructGameplayTagTree: Construct from data asset -  0.000 s
[2018.10.01-04.16.10:797][  0]LogStats: UGameplayTagsManager::ConstructGameplayTagTree: ImportINI -  0.000 s
[2018.10.01-04.16.10:797][  0]LogStats: UGameplayTagsManager::ConstructGameplayTagTree: GameplayTagTreeChangedEvent.Broadcast -  0.000 s
[2018.10.01-04.16.11:135][  0]LogInit: Initializing FReadOnlyCVARCache
[2018.10.01-04.16.11:176][  0]LogAIModule: Creating AISystem for world Untitled
[2018.10.01-04.16.11:198][  0]LogInit: XAudio2 using 'Speakers (2- High Definition Audio Device)' : 2 channels at 44.1 kHz using 16 bits per sample (channel mask 0x3)
[2018.10.01-04.16.11:209][  0]LogInit: FAudioDevice initialized.
[2018.10.01-04.16.11:210][  0]LogNetVersion: Set ProjectVersion to 1.0.0.0. Version Checksum will be recalculated on next use.
[2018.10.01-04.16.11:354][  0]LogDerivedDataCache: Saved boot cache 0.14s 71MB C:/Users/Peter/AppData/Local/UnrealEngine/4.20/DerivedDataCache/Boot.ddc.
[2018.10.01-04.16.11:369][  0]LogInit: Texture streaming: Enabled
[2018.10.01-04.16.11:400][  0]LogEngineSessionManager: EngineSessionManager initialized
[2018.10.01-04.16.11:414][  0]LogInit: Transaction tracking system initialized
[2018.10.01-04.16.11:456][  0]BlueprintLog: New page: Editor Load
[2018.10.01-04.16.11:616][  0]LocalizationService: Localization service is disabled
[2018.10.01-04.16.11:995][  0]LogCook: Display: Max memory allowance for cook 16384mb min free memory 0mb
[2018.10.01-04.16.11:996][  0]LogFileCache: Scanning file cache for directory 'C:/Users/Peter/Documents/Unreal Projects/FPSProject/Content/' took 0.01s
[2018.10.01-04.16.11:996][  0]LogCook: Display: Mobile HDR setting 1
[2018.10.01-04.16.11:996][  0]LogGameplayTags: Display: UGameplayTagsManager::DoneAddingNativeTags. DelegateIsBound: 0
[2018.10.01-04.16.11:996][  0]LogStats: UGameplayTagsManager::ConstructGameplayTagTree: ImportINI prefixes -  0.000 s
[2018.10.01-04.16.11:996][  0]LogStats: UGameplayTagsManager::ConstructGameplayTagTree: Construct from data asset -  0.000 s
[2018.10.01-04.16.11:996][  0]LogStats: UGameplayTagsManager::ConstructGameplayTagTree: ImportINI -  0.000 s
[2018.10.01-04.16.11:996][  0]LogStats: UGameplayTagsManager::ConstructGameplayTagTree: GameplayTagTreeChangedEvent.Broadcast -  0.000 s
[2018.10.01-04.16.12:217][  0]SourceControl: Source control is disabled
[2018.10.01-04.16.12:217][  0]Cmd: MAP LOAD FILE="../../../../../../Users/Peter/Documents/Unreal Projects/FPSProject/Content/Maps/FPSMap.umap" TEMPLATE=0 SHOWPROGRESS=1 FEATURELEVEL=3
[2018.10.01-04.16.12:218][  0]LightingResults: New page: Lighting Build
[2018.10.01-04.16.12:222][  0]MapCheck: New page: Map Check
[2018.10.01-04.16.12:222][  0]LightingResults: New page: Lighting Build
[2018.10.01-04.16.12:567][  0]LogAIModule: Creating AISystem for world FPSMap
[2018.10.01-04.16.12:577][  0]LogEditorServer: Finished looking for orphan Actors (0.003 secs)
[2018.10.01-04.16.12:618][  0]Cmd: MAP CHECKDEP NOCLEARLOG
[2018.10.01-04.16.12:714][  0]MapCheck: Map check complete: 0 Error(s), 0 Warning(s), took 95.54ms to complete.
[2018.10.01-04.16.12:714][  0]LogFileHelpers: Loading map 'FPSMap' took 0.497
[2018.10.01-04.16.12:840][  0]LogSlate: Updating window title bar state: overlay mode, drag disabled, window buttons hidden, title bar hidden
[2018.10.01-04.16.12:851][  0]LogSlate: Updating window title bar state: overlay mode, drag disabled, window buttons hidden, title bar hidden
[2018.10.01-04.16.12:863][  0]LogSlate: Updating window title bar state: overlay mode, drag disabled, window buttons hidden, title bar hidden
[2018.10.01-04.16.12:876][  0]LogSlate: Updating window title bar state: overlay mode, drag disabled, window buttons hidden, title bar hidden
[2018.10.01-04.16.12:887][  0]LogCollectionManager: Loaded 0 collections in 0.002993 seconds
[2018.10.01-04.16.12:945][  0]LogFileCache: Scanning file cache for directory 'C:/Users/Peter/Documents/Unreal Projects/FPSProject/Saved/Collections/' took 0.01s
[2018.10.01-04.16.12:946][  0]LogFileCache: Scanning file cache for directory 'C:/Users/Peter/Documents/Unreal Projects/FPSProject/Content/Developers/Peter/Collections/' took 0.01s
[2018.10.01-04.16.12:946][  0]LogFileCache: Scanning file cache for directory 'C:/Users/Peter/Documents/Unreal Projects/FPSProject/Content/Collections/' took 0.01s
[2018.10.01-04.16.12:946][  0]LogCollectionManager: Rebuilt the GUID cache for 0 collections in 0.000000 seconds
[2018.10.01-04.16.12:966][  0]LogContentBrowser: Native class hierarchy populated in 0.0196 seconds. Added 2574 classes and 605 folders.
[2018.10.01-04.16.12:977][  0]LogContentBrowser: Native class hierarchy updated for 'WidgetCarousel' in 0.0004 seconds. Added 0 classes and 0 folders.
[2018.10.01-04.16.13:029][  0]LogContentBrowser: Native class hierarchy updated for 'AddContentDialog' in 0.0004 seconds. Added 0 classes and 0 folders.
[2018.10.01-04.16.13:038][  0]LogContentBrowser: Native class hierarchy updated for 'SceneOutliner' in 0.0005 seconds. Added 1 classes and 2 folders.
[2018.10.01-04.16.13:058][  0]LogSlate: Took 0.000312 seconds to synchronously load lazily loaded font '../../../Engine/Content/Slate/Fonts/Roboto-Regular.ttf' (155K)
[2018.10.01-04.16.13:061][  0]LogSlate: Took 0.000443 seconds to synchronously load lazily loaded font '../../../Engine/Content/Slate/Fonts/Roboto-Bold.ttf' (160K)
[2018.10.01-04.16.13:069][  0]LogSlate: Took 0.000478 seconds to synchronously load lazily loaded font '../../../Engine/Content/Editor/Slate/Fonts/FontAwesome.ttf' (139K)
[2018.10.01-04.16.13:182][  0]LogRenderer: Reallocating scene render targets to support 1208x576 Format 10 NumSamples 1 (Frame:1).
[2018.10.01-04.16.13:398][  0]LogContentBrowser: Native class hierarchy updated for 'HierarchicalLODOutliner' in 0.0006 seconds. Added 0 classes and 0 folders.
[2018.10.01-04.16.13:398][  0]LogLoad: (Engine Initialization) Total time: 13.96 seconds
[2018.10.01-04.16.13:398][  0]LogLoad: (Engine Initialization) Total Blueprint compile time: 0.00 seconds
[2018.10.01-04.16.13:436][  0]LogContentStreaming: Texture pool size now 1000 MB
[2018.10.01-04.16.13:531][  2]LogAssetRegistry: Asset discovery search completed in 7.1860 seconds
[2018.10.01-04.16.13:534][  2]LogCollectionManager: Rebuilt the object cache for 0 collections in 0.000000 seconds (found 0 objects)
[2018.10.01-04.16.13:535][  2]LogCollectionManager: Fixed up redirectors for 0 collections in 0.000205 seconds (updated 0 objects)
[2018.10.01-04.16.15:358][  8]LogSlate: FSceneViewport::OnFocusLost() reason 0
[2018.10.01-04.16.15:520][  8]LogTemp: Repeating last play command: Selected Viewport
[2018.10.01-04.16.15:545][  8]LogPlayLevel: PlayLevel: No blueprints needed recompiling
[2018.10.01-04.16.15:561][  8]PIE: New page: PIE session: FPSMap (Sep 30, 2018, 6:16:15 PM)
[2018.10.01-04.16.15:561][  8]LogPlayLevel: Creating play world package: /Game/Maps/UEDPIE_0_FPSMap
[2018.10.01-04.16.15:566][  8]LogPlayLevel: PIE: StaticDuplicateObject took: (0.004511s)
[2018.10.01-04.16.15:567][  8]LogAIModule: Creating AISystem for world FPSMap
[2018.10.01-04.16.15:567][  8]LogPlayLevel: PIE: World Init took: (0.001245s)
[2018.10.01-04.16.15:567][  8]LogPlayLevel: PIE: Created PIE world by copying editor world from /Game/Maps/FPSMap.FPSMap to /Game/Maps/UEDPIE_0_FPSMap.FPSMap (0.006219s)
[2018.10.01-04.16.15:611][  8]LogInit: XAudio2 using 'Speakers (2- High Definition Audio Device)' : 2 channels at 44.1 kHz using 16 bits per sample (channel mask 0x3)
[2018.10.01-04.16.15:620][  8]LogInit: FAudioDevice initialized.
[2018.10.01-04.16.15:681][  8]LogLoad: Game class is 'BP_FPSProjectGameModeBase_C'
[2018.10.01-04.16.15:684][  8]LogWorld: Bringing World /Game/Maps/UEDPIE_0_FPSMap.FPSMap up for play (max tick rate 0) at 2018.09.30-23.16.15
[2018.10.01-04.16.15:684][  8]LogWorld: Bringing up level for play took: 0.000967
[2018.10.01-04.16.15:704][  8]LogContentBrowser: Native class hierarchy updated for 'MovieSceneCapture' in 0.0005 seconds. Added 10 classes and 0 folders.
[2018.10.01-04.16.15:706][  8]PIE: Play in editor start time for /Game/Maps/UEDPIE_0_FPSMap 0.159
[2018.10.01-04.16.24:586][142]LogSlate: Took 0.000235 seconds to synchronously load lazily loaded font '../../../Engine/Content/Slate/Fonts/Roboto-Light.ttf' (167K)
[2018.10.01-04.16.28:059][435]LogSlate: Updating window title bar state: overlay mode, drag disabled, window buttons hidden, title bar hidden
[2018.10.01-04.16.28:097][435]LogPlayLevel: Display: Shutting down PIE online subsystems
[2018.10.01-04.16.28:129][435]LogSlate: Updating window title bar state: overlay mode, drag disabled, window buttons hidden, title bar hidden
[2018.10.01-04.16.28:163][438]LogPlayLevel: Display: Destroying online subsystem :Context_1
