Log file open, 10/01/18 23:23:41
LogWindows: Failed to load 'aqProf.dll' (GetLastError=126)
LogWindows: File 'aqProf.dll' does not exist
LogWindows: Failed to load 'VtuneApi.dll' (GetLastError=126)
LogWindows: File 'VtuneApi.dll' does not exist
LogWindows: Failed to load 'VtuneApi32e.dll' (GetLastError=126)
LogWindows: File 'VtuneApi32e.dll' does not exist
LogInit: Display: Running engine for game: FPSProject
LogPlatformFile: Not using cached read wrapper
LogTaskGraph: Started task graph with 5 named threads and 11 total threads with 3 sets of task threads.
LogStats: Stats thread started at 0.187001
LogD3D11RHI: Loaded GFSDK_Aftermath_Lib.x64.dll
LogICUInternationalization: Display: ICU TimeZone Detection - Raw Offset: -6:00, Platform Override: ''
LogPluginManager: Mounting plugin Paper2D
LogPluginManager: Mounting plugin AISupport
LogPluginManager: Mounting plugin LightPropagationVolume
LogPluginManager: Mounting plugin CLionSourceCodeAccess
LogPluginManager: Mounting plugin CodeLiteSourceCodeAccess
LogPluginManager: Mounting plugin GitSourceControl
LogPluginManager: Mounting plugin KDevelopSourceCodeAccess
LogPluginManager: Mounting plugin NullSourceCodeAccess
LogPluginManager: Mounting plugin PerforceSourceControl
LogPluginManager: Mounting plugin SubversionSourceControl
LogPluginManager: Mounting plugin UObjectPlugin
LogPluginManager: Mounting plugin VisualStudioCodeSourceCodeAccess
LogPluginManager: Mounting plugin VisualStudioSourceCodeAccess
LogPluginManager: Mounting plugin XCodeSourceCodeAccess
LogPluginManager: Mounting plugin AssetManagerEditor
LogPluginManager: Mounting plugin CryptoKeys
LogPluginManager: Mounting plugin DataValidation
LogPluginManager: Mounting plugin FacialAnimation
LogPluginManager: Mounting plugin GameplayTagsEditor
LogPluginManager: Mounting plugin MacGraphicsSwitching
LogPluginManager: Mounting plugin MeshEditor
LogPluginManager: Mounting plugin MobileLauncherProfileWizard
LogPluginManager: Mounting plugin PluginBrowser
LogPluginManager: Mounting plugin SpeedTreeImporter
LogPluginManager: Mounting plugin DatasmithContent
LogPluginManager: Mounting plugin AlembicImporter
LogPluginManager: Mounting plugin AppleImageUtils
LogPluginManager: Mounting plugin AppleVision
LogPluginManager: Mounting plugin BackChannel
LogPluginManager: Mounting plugin CharacterAI
LogPluginManager: Mounting plugin GeometryCache
LogPluginManager: Mounting plugin HTML5Networking
LogPluginManager: Mounting plugin ProxyLODPlugin
LogPluginManager: Mounting plugin MagicLeap
LogPluginManager: Mounting plugin MagicLeapEmulator
LogPluginManager: Mounting plugin MagicLeapMedia
LogPluginManager: Mounting plugin AndroidMedia
LogPluginManager: Mounting plugin AvfMedia
LogPluginManager: Mounting plugin ImgMedia
LogPluginManager: Mounting plugin LinearTimecode
LogPluginManager: Mounting plugin MediaCompositing
LogPluginManager: Mounting plugin MediaPlayerEditor
LogPluginManager: Mounting plugin WmfMedia
LogPluginManager: Mounting plugin TcpMessaging
LogPluginManager: Mounting plugin UdpMessaging
LogPluginManager: Mounting plugin ActorSequence
LogPluginManager: Mounting plugin LevelSequenceEditor
LogPluginManager: Mounting plugin MatineeToLevelSequence
LogPluginManager: Mounting plugin NetcodeUnitTest
LogPluginManager: Mounting plugin NUTUnrealEngine4
LogPluginManager: Mounting plugin OnlineSubsystemGooglePlay
LogPluginManager: Mounting plugin OnlineSubsystemIOS
LogPluginManager: Mounting plugin OnlineSubsystem
LogPluginManager: Mounting plugin OnlineSubsystemNull
LogPluginManager: Mounting plugin OnlineSubsystemUtils
LogPluginManager: Mounting plugin LauncherChunkInstaller
LogPluginManager: Mounting plugin AndroidDeviceProfileSelector
LogPluginManager: Mounting plugin AndroidMoviePlayer
LogPluginManager: Mounting plugin AndroidPermission
LogPluginManager: Mounting plugin AppleMoviePlayer
LogPluginManager: Mounting plugin ArchVisCharacter
LogPluginManager: Mounting plugin AudioCapture
LogPluginManager: Mounting plugin CableComponent
LogPluginManager: Mounting plugin CustomMeshComponent
LogPluginManager: Mounting plugin EditableMesh
LogPluginManager: Mounting plugin ExampleDeviceProfileSelector
LogPluginManager: Mounting plugin GoogleCloudMessaging
LogPluginManager: Mounting plugin ImmediatePhysics
LogPluginManager: Mounting plugin IOSDeviceProfileSelector
LogPluginManager: Mounting plugin LinuxDeviceProfileSelector
LogPluginManager: Mounting plugin LocationServicesBPLibrary
LogPluginManager: Mounting plugin MobilePatchingUtils
LogPluginManager: Mounting plugin OculusVR
LogPluginManager: Plugin shader directory ../../../Engine/Plugins/Runtime/Oculus/OculusVR/Shaders found
LogPluginManager: Mapping shader source directory ../../../Engine/Plugins/Runtime/Oculus/OculusVR/Shaders to virtual directory /Plugin/OculusVR
LogPluginManager: Mounting plugin PhysXVehicles
LogPluginManager: Mounting plugin ProceduralMeshComponent
LogPluginManager: Mounting plugin RuntimePhysXCooking
LogPluginManager: Mounting plugin SteamVR
LogPluginManager: Mounting plugin WindowsMoviePlayer
LogStreaming: Display: Took  0.153s to configure plugins.
LogInit: Using libcurl 7.55.1-DEV
LogInit:  - built for x86_64-pc-win32
LogInit:  - supports SSL with OpenSSL/1.0.2h
LogInit:  - supports HTTP deflate (compression) using libz 1.2.8
LogInit:  - other features:
LogInit:      CURL_VERSION_SSL
LogInit:      CURL_VERSION_LIBZ
LogInit:      CURL_VERSION_IPV6
LogInit:      CURL_VERSION_ASYNCHDNS
LogInit:      CURL_VERSION_LARGEFILE
LogInit:      CURL_VERSION_IDN
LogInit:  CurlRequestOptions (configurable via config and command line):
LogInit:  - bVerifyPeer = false  - Libcurl will NOT verify peer certificate
LogInit:  - bUseHttpProxy = false  - Libcurl will NOT use HTTP proxy
LogInit:  - bDontReuseConnections = false  - Libcurl will reuse connections
LogInit:  - CertBundlePath = nullptr  - Libcurl will use whatever was configured at build time.
LogInit:  - MaxHostConnections = 16  - Libcurl will limit the number of connections to a host
LogInit:  - LocalHostAddr = Default
LogInit:  - BufferSize = 65536
LogInit: WinSock: version 1.1 (2.2), MaxSocks=32767, MaxUdp=65467
LogInit: Build: ++UE4+Release-4.20-CL-4369336
LogInit: Engine Version: 4.20.3-4369336+++UE4+Release-4.20
LogInit: Compatible Engine Version: 4.20.0-4212847+++UE4+Release-4.20
LogInit: Net CL: 4212847
LogInit: OS: Windows 8.1 (), CPU: AMD FX(tm)-4300 Quad-Core Processor            , GPU: NVIDIA GeForce GTX 970
LogInit: Compiled (64-bit): Sep 17 2018 12:26:19
LogInit: Compiled with Visual C++: 19.13.26129.00
LogInit: Build Configuration: Development
LogInit: Branch Name: ++UE4+Release-4.20
LogInit: Command Line:  
LogInit: Base Directory: C:/Program Files/Epic Games/UE_4.20/Engine/Binaries/Win64/
LogInit: Installed Engine Build: 1
LogDevObjectVersion: Number of dev versions registered: 20
LogDevObjectVersion:   Dev-Blueprints (B0D832E4-1F89-4F0D-ACCF-7EB736FD4AA2): 10
LogDevObjectVersion:   Dev-Build (E1C64328-A22C-4D53-A36C-8E866417BD8C): 0
LogDevObjectVersion:   Dev-Core (375EC13C-06E4-48FB-B500-84F0262A717E): 2
LogDevObjectVersion:   Dev-Editor (E4B068ED-F494-42E9-A231-DA0B2E46BB41): 24
LogDevObjectVersion:   Dev-Framework (CFFC743F-43B0-4480-9391-14DF171D2073): 34
LogDevObjectVersion:   Dev-Mobile (B02B49B5-BB20-44E9-A304-32B752E40360): 2
LogDevObjectVersion:   Dev-Networking (A4E4105C-59A1-49B5-A7C5-40C4547EDFEE): 0
LogDevObjectVersion:   Dev-Online (39C831C9-5AE6-47DC-9A44-9C173E1C8E7C): 0
LogDevObjectVersion:   Dev-Physics (78F01B33-EBEA-4F98-B9B4-84EACCB95AA2): 0
LogDevObjectVersion:   Dev-Platform (6631380F-2D4D-43E0-8009-CF276956A95A): 0
LogDevObjectVersion:   Dev-Rendering (12F88B9F-8875-4AFC-A67C-D90C383ABD29): 26
LogDevObjectVersion:   Dev-Sequencer (7B5AE74C-D270-4C10-A958-57980B212A5A): 9
LogDevObjectVersion:   Dev-VR (D7296918-1DD6-4BDD-9DE2-64A83CC13884): 2
LogDevObjectVersion:   Dev-LoadTimes (C2A15278-BFE7-4AFE-6C17-90FF531DF755): 1
LogDevObjectVersion:   Private-Geometry (6EACA3D4-40EC-4CC1-B786-8BED09428FC5): 3
LogDevObjectVersion:   Dev-AnimPhys (29E575DD-E0A3-4627-9D10-D276232CDCEA): 17
LogDevObjectVersion:   Dev-ReflectionCapture (6B266CEC-1EC7-4B8F-A30B-E4D90942FC07): 1
LogDevObjectVersion:   Dev-Automation (0DF73D61-A23F-47EA-B727-89E90C41499A): 1
LogDevObjectVersion:   FortniteMain (601D1886-AC64-4F84-AA16-D3DE0DEAC7D6): 12
LogDevObjectVersion:   Dev-Enterprise (9DFFBCD6-494F-0158-E221-12823C92A888): 1
LogStreaming: Display: Took  0.002s to delete old logs.
LogInit: Presizing for max 8388607 objects, including 0 objects not considered by GC, pre-allocating 0 bytes for permanent pool.
LogInit: Object subsystem initialized
[2018.10.02-04.23.41:973][  0]LogInit: Selected Device Profile: [Windows]
[2018.10.02-04.23.41:973][  0]LogInit: Applying CVar settings loaded from the selected device profile: [Windows]
[2018.10.02-04.23.41:993][  0]LogHAL: Display: Platform has ~ 16 GB [17160523776 / 17179869184 / 16], which maps to Larger [LargestMinGB=32, LargerMinGB=12, DefaultMinGB=8, SmallerMinGB=6, SmallestMinGB=0)
[2018.10.02-04.23.41:993][  0]LogInit: Setting Device Profile CVar: [[r.Vulkan.UseRealUBs:1]]
[2018.10.02-04.23.41:994][  0]LogInit: Going up to parent DeviceProfile []
[2018.10.02-04.23.41:994][  0]LogInit: Computer: PETEPC
[2018.10.02-04.23.41:994][  0]LogInit: User: Peter
[2018.10.02-04.23.41:994][  0]LogInit: CPU Page size=4096, Cores=2
[2018.10.02-04.23.41:994][  0]LogInit: High frequency timer resolution =3.727432 MHz
[2018.10.02-04.23.41:995][  0]LogMemory: Memory total: Physical=16.0GB (16GB approx)
[2018.10.02-04.23.41:995][  0]LogMemory: Platform Memory Stats for Windows
[2018.10.02-04.23.41:995][  0]LogMemory: Process Physical Memory: 98.30 MB used, 98.30 MB peak
[2018.10.02-04.23.41:995][  0]LogMemory: Process Virtual Memory: 84.24 MB used, 84.24 MB peak
[2018.10.02-04.23.41:995][  0]LogMemory: Physical Memory: 4463.20 MB used,  11902.35 MB free, 16365.55 MB total
[2018.10.02-04.23.41:995][  0]LogMemory: Virtual Memory: 468.17 MB used,  11902.35 MB free, 134217728.00 MB total
[2018.10.02-04.23.42:020][  0]LogInit: Using OS detected language (en-GB).
[2018.10.02-04.23.42:020][  0]LogInit: Using OS detected locale (en-US).
[2018.10.02-04.23.42:021][  0]LogTextLocalizationManager: No specific localization for 'en-GB' exists, so the 'en' localization will be used.
[2018.10.02-04.23.42:495][  0]LogStreaming: Display: Took  0.476s to InitEngineTextLocalization.
[2018.10.02-04.23.42:496][  0]LogInit: Setting process to per monitor DPI aware
[2018.10.02-04.23.42:538][  0]LogSlate: New Slate User Created.  User Index 0, Is Virtual User: 0
[2018.10.02-04.23.42:538][  0]LogSlate: Slate User Registered.  User Index 0, Is Virtual User: 0
[2018.10.02-04.23.42:771][  0]LogHMD: Failed to initialize OpenVR with code 110
[2018.10.02-04.23.42:771][  0]LogD3D11RHI: D3D11 adapters:
[2018.10.02-04.23.42:810][  0]LogD3D11RHI:    0. 'NVIDIA GeForce GTX 970' (Feature Level 11_0)
[2018.10.02-04.23.42:810][  0]LogD3D11RHI:       3992/0/8182 MB DedicatedVideo/DedicatedSystem/SharedSystem, Outputs:2, VendorId:0x10de
[2018.10.02-04.23.42:812][  0]LogD3D11RHI:    1. 'Microsoft Basic Render Driver' (Feature Level 11_0)
[2018.10.02-04.23.42:812][  0]LogD3D11RHI:       0/0/256 MB DedicatedVideo/DedicatedSystem/SharedSystem, Outputs:0, VendorId:0x1414
[2018.10.02-04.23.42:812][  0]LogD3D11RHI: Chosen D3D11 Adapter: 0
[2018.10.02-04.23.42:817][  0]LogD3D11RHI: Creating new Direct3DDevice
[2018.10.02-04.23.42:817][  0]LogD3D11RHI:     GPU DeviceId: 0x13c2 (for the marketing name, search the web for "GPU Device Id")
[2018.10.02-04.23.42:817][  0]LogWindows: EnumDisplayDevices:
[2018.10.02-04.23.42:817][  0]LogWindows:    0. 'NVIDIA GeForce GTX 970' (P:0 D:1)
[2018.10.02-04.23.42:817][  0]LogWindows:    1. 'NVIDIA GeForce GTX 970' (P:1 D:1)
[2018.10.02-04.23.42:817][  0]LogWindows:    2. 'NVIDIA GeForce GTX 970' (P:0 D:0)
[2018.10.02-04.23.42:817][  0]LogWindows:    3. 'NVIDIA GeForce GTX 970' (P:0 D:0)
[2018.10.02-04.23.42:817][  0]LogWindows: DebugString: FoundDriverCount:4 
[2018.10.02-04.23.42:817][  0]LogD3D11RHI:     Adapter Name: NVIDIA GeForce GTX 970
[2018.10.02-04.23.42:818][  0]LogD3D11RHI:   Driver Version: 391.35 (internal:23.21.13.9135, unified:391.35)
[2018.10.02-04.23.42:818][  0]LogD3D11RHI:      Driver Date: 3-23-2018
[2018.10.02-04.23.42:818][  0]LogRHI: Texture pool is 2794 MB (70% of 3992 MB)
[2018.10.02-04.23.42:843][  0]LogD3D11RHI: Async texture creation enabled
[2018.10.02-04.23.42:862][  0]LogD3D11RHI: GPU Timing Frequency: 1000.000000 (Debug: 2 2)
[2018.10.02-04.23.42:913][  0]LogShaderCompilers: Guid format shader working directory is -20 characters bigger than the processId version (../../../../../../Users/Peter/Documents/Unreal Projects/FPSProject/Intermediate/Shaders/WorkingDirectory/3364/).
[2018.10.02-04.23.42:914][  0]LogShaderCompilers: Cleaned the shader compiler working directory 'C:/Users/Peter/AppData/Local/Temp/UnrealShaderWorkingDir/2B16107F4D988CB8BF4319A8C151EF18/'.
[2018.10.02-04.23.43:250][  0]LogTemp: Display: Loaded TP AllDesktopTargetPlatform
[2018.10.02-04.23.43:271][  0]LogTemp: Display: Loaded TP MacClientTargetPlatform
[2018.10.02-04.23.43:291][  0]LogTemp: Display: Loaded TP MacNoEditorTargetPlatform
[2018.10.02-04.23.43:313][  0]LogTemp: Display: Loaded TP MacServerTargetPlatform
[2018.10.02-04.23.43:334][  0]LogTemp: Display: Loaded TP MacTargetPlatform
[2018.10.02-04.23.43:355][  0]LogTemp: Display: Loaded TP WindowsClientTargetPlatform
[2018.10.02-04.23.43:376][  0]LogTemp: Display: Loaded TP WindowsNoEditorTargetPlatform
[2018.10.02-04.23.43:396][  0]LogTemp: Display: Loaded TP WindowsServerTargetPlatform
[2018.10.02-04.23.43:405][  0]LogTemp: Display: Loaded TP WindowsTargetPlatform
[2018.10.02-04.23.43:536][  0]LogTemp: Display: Loaded TP AndroidTargetPlatform
[2018.10.02-04.23.43:536][  0]LogTemp: Display: Loaded TP AndroidTargetPlatform
[2018.10.02-04.23.43:536][  0]LogTemp: Display: Loaded TP AndroidTargetPlatform
[2018.10.02-04.23.43:536][  0]LogTemp: Display: Loaded TP AndroidTargetPlatform
[2018.10.02-04.23.43:537][  0]LogTemp: Display: Loaded TP AndroidTargetPlatform
[2018.10.02-04.23.43:537][  0]LogTemp: Display: Loaded TP AndroidTargetPlatform
[2018.10.02-04.23.43:537][  0]LogTemp: Display: Loaded TP AndroidTargetPlatform
[2018.10.02-04.23.43:537][  0]LogTemp: Display: Loaded TP AndroidTargetPlatform
[2018.10.02-04.23.43:537][  0]LogTemp: Display: Loaded TP AndroidTargetPlatform
[2018.10.02-04.23.43:537][  0]LogTemp: Display: Loaded TP AndroidTargetPlatform
[2018.10.02-04.23.43:537][  0]LogTemp: Display: Loaded TP AndroidTargetPlatform
[2018.10.02-04.23.43:537][  0]LogTemp: Display: Loaded TP AndroidTargetPlatform
[2018.10.02-04.23.43:537][  0]LogTemp: Display: Loaded TP AndroidTargetPlatform
[2018.10.02-04.23.43:537][  0]LogTemp: Display: Loaded TP AndroidTargetPlatform
[2018.10.02-04.23.43:537][  0]LogTemp: Display: Loaded TP AndroidTargetPlatform
[2018.10.02-04.23.43:537][  0]LogTemp: Display: Loaded TP AndroidTargetPlatform
[2018.10.02-04.23.43:537][  0]LogTemp: Display: Loaded TP AndroidTargetPlatform
[2018.10.02-04.23.43:537][  0]LogTemp: Display: Loaded TP AndroidTargetPlatform
[2018.10.02-04.23.43:538][  0]LogTemp: Display: Loaded TP HTML5TargetPlatform
[2018.10.02-04.23.43:615][  0]LogTemp: Display: Loaded TP IOSTargetPlatform
[2018.10.02-04.23.43:615][  0]LogTemp: Display: Loaded TP IOSTargetPlatform
[2018.10.02-04.23.43:658][  0]LogTemp: Display: Loaded TP TVOSTargetPlatform
[2018.10.02-04.23.43:658][  0]LogTemp: Display: Loaded TP TVOSTargetPlatform
[2018.10.02-04.23.43:680][  0]LogTemp: Display: Loaded TP LinuxClientTargetPlatform
[2018.10.02-04.23.43:701][  0]LogTemp: Display: Loaded TP LinuxNoEditorTargetPlatform
[2018.10.02-04.23.43:723][  0]LogTemp: Display: Loaded TP LinuxServerTargetPlatform
[2018.10.02-04.23.43:748][  0]LogTemp: Display: Loaded TP LinuxTargetPlatform
[2018.10.02-04.23.43:763][  0]LogTemp: Display: Loaded TP LuminTargetPlatform
[2018.10.02-04.23.43:763][  0]LogTargetPlatformManager: Display: Building Assets For Windows
[2018.10.02-04.23.43:840][  0]LogXGEController: Cleaning working directory: C:/Users/Peter/AppData/Local/Temp/UnrealXGEWorkingDir/
[2018.10.02-04.23.43:841][  0]LogXGEController: Cannot use XGE Controller as Incredibuild is not installed on this machine.
[2018.10.02-04.23.43:841][  0]LogShaderCompilers: Cannot use XGE Shader Compiler as Incredibuild is not installed on this machine.
[2018.10.02-04.23.43:841][  0]LogShaderCompilers: Display: Using Local Shader Compiler.
[2018.10.02-04.23.45:024][  0]LogDerivedDataCache: Display: Max Cache Size: 512 MB
[2018.10.02-04.23.45:137][  0]LogDerivedDataCache: Loaded boot cache 0.11s 71MB C:/Users/Peter/AppData/Local/UnrealEngine/4.20/DerivedDataCache/Boot.ddc.
[2018.10.02-04.23.45:138][  0]LogDerivedDataCache: Display: Loaded Boot cache: C:/Users/Peter/AppData/Local/UnrealEngine/4.20/DerivedDataCache/Boot.ddc
[2018.10.02-04.23.45:138][  0]LogDerivedDataCache: FDerivedDataBackendGraph:  Pak pak cache file ../../../../../../Users/Peter/Documents/Unreal Projects/FPSProject/DerivedDataCache/DDC.ddp not found, will not use a pak cache.
[2018.10.02-04.23.45:138][  0]LogDerivedDataCache: Unable to find inner node Pak for hierarchical cache Hierarchy.
[2018.10.02-04.23.45:138][  0]LogDerivedDataCache: FDerivedDataBackendGraph:  CompressedPak pak cache file ../../../../../../Users/Peter/Documents/Unreal Projects/FPSProject/DerivedDataCache/Compressed.ddp not found, will not use a pak cache.
[2018.10.02-04.23.45:138][  0]LogDerivedDataCache: Unable to find inner node CompressedPak for hierarchical cache Hierarchy.
[2018.10.02-04.23.45:159][  0]LogDerivedDataCache: Display: Pak cache opened for reading ../../../Engine/DerivedDataCache/Compressed.ddp.
[2018.10.02-04.23.45:171][  0]LogDerivedDataCache: Using Local data cache path C:/Users/Peter/AppData/Local/UnrealEngine/Common/DerivedDataCache: Writable
[2018.10.02-04.23.45:171][  0]LogDerivedDataCache: Shared data cache path not found in *engine.ini, will not use an Shared cache.
[2018.10.02-04.23.45:171][  0]LogDerivedDataCache: Unable to find inner node Shared for hierarchical cache Hierarchy.
[2018.10.02-04.23.45:202][  0]LogMaterial: Verifying Global Shaders for PCD3D_SM5
[2018.10.02-04.23.45:203][  0]LogSlate: Using FreeType 2.6.0
[2018.10.02-04.23.45:204][  0]LogSlate: SlateFontServices - WITH_FREETYPE: 1, WITH_HARFBUZZ: 1
[2018.10.02-04.23.45:296][  0]LogAssetRegistry: FAssetRegistry took 0.0285 seconds to start up
[2018.10.02-04.23.45:835][  0]LogInit: Selected Device Profile: [Windows]
[2018.10.02-04.23.45:899][  0]LogSimplygon: Simplygon DLL not present - disabling.
[2018.10.02-04.23.45:903][  0]LogMeshReduction: Using SimplygonSwarm for distributed automatic mesh merging
[2018.10.02-04.23.45:903][  0]LogMeshReduction: Using ProxyLODMeshReduction for automatic mesh merging
[2018.10.02-04.23.45:903][  0]LogMeshReduction: Using QuadricMeshReduction for automatic static mesh reduction
[2018.10.02-04.23.45:903][  0]LogMeshReduction: No automatic skeletal mesh reduction module available
[2018.10.02-04.23.46:041][  0]LogNetVersion: FPSProject 1.0.0, NetCL: 4212847, EngineNetVer: 5, GameNetVer: 0 (Checksum: 131968215)
[2018.10.02-04.23.46:717][  0]LogPackageLocalizationCache: Processed 11 localized package path(s) for 2 prioritized culture(s) in 0.139691 seconds
[2018.10.02-04.23.46:726][  0]LogUObjectArray: 38425 objects as part of root set at end of initial load.
[2018.10.02-04.23.46:726][  0]LogUObjectAllocator: 6690864 out of 0 bytes used by permanent object pool.
[2018.10.02-04.23.46:727][  0]LogUObjectArray: CloseDisregardForGC: 0/0 objects in disregard for GC pool
[2018.10.02-04.23.47:723][  0]LogTcpMessaging: Initializing TcpMessaging bridge
[2018.10.02-04.23.47:737][  0]LogUdpMessaging: Initializing bridge on interface 0.0.0.0:0 to multicast group 230.0.0.1:6666.
[2018.10.02-04.23.47:906][  0]SourceControl: Source control is disabled
[2018.10.02-04.23.47:906][  0]SourceControl: Source control is disabled
[2018.10.02-04.23.47:907][  0]SourceControl: Source control is disabled
[2018.10.02-04.23.47:908][  0]SourceControl: Source control is disabled
[2018.10.02-04.23.48:093][  0]LogAndroidPermission: UAndroidPermissionCallbackProxy::GetInstance
[2018.10.02-04.23.48:151][  0]LogOcInput: OculusInput pre-init called
[2018.10.02-04.23.48:224][  0]LogEngine: Initializing Engine...
[2018.10.02-04.23.48:225][  0]LogHMD: Failed to initialize OpenVR with code 110
[2018.10.02-04.23.48:227][  0]LogStats: UGameplayTagsManager::ConstructGameplayTagTree: ImportINI prefixes -  0.000 s
[2018.10.02-04.23.48:227][  0]LogStats: UGameplayTagsManager::ConstructGameplayTagTree: Construct from data asset -  0.000 s
[2018.10.02-04.23.48:227][  0]LogStats: UGameplayTagsManager::ConstructGameplayTagTree: ImportINI -  0.000 s
[2018.10.02-04.23.48:227][  0]LogStats: UGameplayTagsManager::ConstructGameplayTagTree: GameplayTagTreeChangedEvent.Broadcast -  0.000 s
[2018.10.02-04.23.48:525][  0]LogInit: Initializing FReadOnlyCVARCache
[2018.10.02-04.23.48:548][  0]LogAIModule: Creating AISystem for world Untitled
[2018.10.02-04.23.48:580][  0]LogInit: XAudio2 using 'Speakers (2- High Definition Audio Device)' : 2 channels at 44.1 kHz using 16 bits per sample (channel mask 0x3)
[2018.10.02-04.23.48:596][  0]LogInit: FAudioDevice initialized.
[2018.10.02-04.23.48:597][  0]LogNetVersion: Set ProjectVersion to 1.0.0.0. Version Checksum will be recalculated on next use.
[2018.10.02-04.23.48:810][  0]LogDerivedDataCache: Saved boot cache 0.21s 71MB C:/Users/Peter/AppData/Local/UnrealEngine/4.20/DerivedDataCache/Boot.ddc.
[2018.10.02-04.23.48:836][  0]LogInit: Texture streaming: Enabled
[2018.10.02-04.23.48:869][  0]LogEngineSessionManager: EngineSessionManager initialized
[2018.10.02-04.23.48:883][  0]LogInit: Transaction tracking system initialized
[2018.10.02-04.23.48:911][  0]BlueprintLog: New page: Editor Load
[2018.10.02-04.23.49:001][  0]LocalizationService: Localization service is disabled
[2018.10.02-04.23.49:345][  0]LogCook: Display: Max memory allowance for cook 16384mb min free memory 0mb
[2018.10.02-04.23.49:345][  0]LogCook: Display: Mobile HDR setting 1
[2018.10.02-04.23.49:345][  0]LogGameplayTags: Display: UGameplayTagsManager::DoneAddingNativeTags. DelegateIsBound: 0
[2018.10.02-04.23.49:345][  0]LogFileCache: Scanning file cache for directory 'C:/Users/Peter/Documents/Unreal Projects/FPSProject/Content/' took 0.01s
[2018.10.02-04.23.49:345][  0]LogStats: UGameplayTagsManager::ConstructGameplayTagTree: ImportINI prefixes -  0.000 s
[2018.10.02-04.23.49:345][  0]LogStats: UGameplayTagsManager::ConstructGameplayTagTree: Construct from data asset -  0.000 s
[2018.10.02-04.23.49:345][  0]LogStats: UGameplayTagsManager::ConstructGameplayTagTree: ImportINI -  0.000 s
[2018.10.02-04.23.49:345][  0]LogStats: UGameplayTagsManager::ConstructGameplayTagTree: GameplayTagTreeChangedEvent.Broadcast -  0.000 s
[2018.10.02-04.23.49:495][  0]SourceControl: Source control is disabled
[2018.10.02-04.23.49:496][  0]Cmd: MAP LOAD FILE="../../../../../../Users/Peter/Documents/Unreal Projects/FPSProject/Content/Maps/FPSMap.umap" TEMPLATE=0 SHOWPROGRESS=1 FEATURELEVEL=3
[2018.10.02-04.23.49:496][  0]LightingResults: New page: Lighting Build
[2018.10.02-04.23.49:499][  0]MapCheck: New page: Map Check
[2018.10.02-04.23.49:499][  0]LightingResults: New page: Lighting Build
[2018.10.02-04.23.49:819][  0]LogAIModule: Creating AISystem for world FPSMap
[2018.10.02-04.23.49:825][  0]LogEditorServer: Finished looking for orphan Actors (0.000 secs)
[2018.10.02-04.23.49:859][  0]Cmd: MAP CHECKDEP NOCLEARLOG
[2018.10.02-04.23.49:937][  0]MapCheck: Map check complete: 0 Error(s), 0 Warning(s), took 77.66ms to complete.
[2018.10.02-04.23.49:937][  0]LogFileHelpers: Loading map 'FPSMap' took 0.442
[2018.10.02-04.23.50:065][  0]LogSlate: Updating window title bar state: overlay mode, drag disabled, window buttons hidden, title bar hidden
[2018.10.02-04.23.50:076][  0]LogSlate: Updating window title bar state: overlay mode, drag disabled, window buttons hidden, title bar hidden
[2018.10.02-04.23.50:088][  0]LogSlate: Updating window title bar state: overlay mode, drag disabled, window buttons hidden, title bar hidden
[2018.10.02-04.23.50:099][  0]LogSlate: Updating window title bar state: overlay mode, drag disabled, window buttons hidden, title bar hidden
[2018.10.02-04.23.50:106][  0]LogCollectionManager: Loaded 0 collections in 0.001696 seconds
[2018.10.02-04.23.50:157][  0]LogFileCache: Scanning file cache for directory 'C:/Users/Peter/Documents/Unreal Projects/FPSProject/Saved/Collections/' took 0.01s
[2018.10.02-04.23.50:157][  0]LogFileCache: Scanning file cache for directory 'C:/Users/Peter/Documents/Unreal Projects/FPSProject/Content/Developers/Peter/Collections/' took 0.01s
[2018.10.02-04.23.50:157][  0]LogFileCache: Scanning file cache for directory 'C:/Users/Peter/Documents/Unreal Projects/FPSProject/Content/Collections/' took 0.01s
[2018.10.02-04.23.50:157][  0]LogCollectionManager: Rebuilt the GUID cache for 0 collections in 0.000000 seconds
[2018.10.02-04.23.50:175][  0]LogContentBrowser: Native class hierarchy populated in 0.0180 seconds. Added 2574 classes and 605 folders.
[2018.10.02-04.23.50:183][  0]LogContentBrowser: Native class hierarchy updated for 'WidgetCarousel' in 0.0004 seconds. Added 0 classes and 0 folders.
[2018.10.02-04.23.50:232][  0]LogContentBrowser: Native class hierarchy updated for 'AddContentDialog' in 0.0005 seconds. Added 0 classes and 0 folders.
[2018.10.02-04.23.50:238][  0]LogContentBrowser: Native class hierarchy updated for 'SceneOutliner' in 0.0004 seconds. Added 1 classes and 2 folders.
[2018.10.02-04.23.50:257][  0]LogSlate: Took 0.000222 seconds to synchronously load lazily loaded font '../../../Engine/Content/Slate/Fonts/Roboto-Regular.ttf' (155K)
[2018.10.02-04.23.50:260][  0]LogSlate: Took 0.000226 seconds to synchronously load lazily loaded font '../../../Engine/Content/Slate/Fonts/Roboto-Bold.ttf' (160K)
[2018.10.02-04.23.50:268][  0]LogSlate: Took 0.000316 seconds to synchronously load lazily loaded font '../../../Engine/Content/Editor/Slate/Fonts/FontAwesome.ttf' (139K)
[2018.10.02-04.23.50:375][  0]LogRenderer: Reallocating scene render targets to support 1208x576 Format 10 NumSamples 1 (Frame:1).
[2018.10.02-04.23.50:546][  0]LogContentBrowser: Native class hierarchy updated for 'HierarchicalLODOutliner' in 0.0004 seconds. Added 0 classes and 0 folders.
[2018.10.02-04.23.50:546][  0]LogLoad: (Engine Initialization) Total time: 10.28 seconds
[2018.10.02-04.23.50:546][  0]LogLoad: (Engine Initialization) Total Blueprint compile time: 0.00 seconds
[2018.10.02-04.23.50:578][  0]LogContentStreaming: Texture pool size now 1000 MB
[2018.10.02-04.23.50:601][  0]LogSlate: Took 0.000230 seconds to synchronously load lazily loaded font '../../../Engine/Content/Slate/Fonts/Roboto-Light.ttf' (167K)
[2018.10.02-04.23.50:656][  2]LogAssetRegistry: Asset discovery search completed in 5.3812 seconds
[2018.10.02-04.23.50:658][  2]LogCollectionManager: Rebuilt the object cache for 0 collections in 0.000000 seconds (found 0 objects)
[2018.10.02-04.23.50:659][  2]LogCollectionManager: Fixed up redirectors for 0 collections in 0.000074 seconds (updated 0 objects)
[2018.10.02-04.23.53:614][343]LogSlate: FSceneViewport::OnFocusLost() reason 2
[2018.10.02-04.24.13:228][547]LogSlate: FSceneViewport::OnFocusLost() reason 0
[2018.10.02-04.24.25:672][249]LogSlate: Took 0.000284 seconds to synchronously load lazily loaded font '../../../Engine/Content/Slate/Fonts/Roboto-Light.ttf' (167K)
[2018.10.02-04.24.25:701][249]LogFactory: FactoryCreateFile: StaticMesh with FbxFactory (0 0 ../../../../../../Users/Peter/Downloads/HeroFPP/HeroFPP.FBX)
[2018.10.02-04.24.25:742][249]LogFbx: Loading FBX Scene from ../../../../../../Users/Peter/Downloads/HeroFPP/HeroFPP.FBX
[2018.10.02-04.24.25:774][249]LogFbx: FBX Scene Loaded Succesfully
[2018.10.02-04.24.43:651][249]LogSlate: Window 'FBX Import Options' being destroyed
[2018.10.02-04.24.43:684][249]LogFbx: =================================================
[2018.10.02-04.24.43:684][249]LogFbx: Dumping Node START [HeroFPP] 
[2018.10.02-04.24.43:684][249]LogFbx: 	Total Deformer Count -557572304.
[2018.10.02-04.24.43:684][249]LogFbx: 		[Node 1]  (Type Skin).
[2018.10.02-04.24.43:684][249]LogFbx: =================================================
[2018.10.02-04.24.43:684][249]LogFbx: 	Attribute (HeroFPP) Type (4).
[2018.10.02-04.24.43:684][249]LogFbx: 		[Node Attribute Child 1] HeroFPP (Type Mesh).
[2018.10.02-04.24.43:684][249]LogFbx: Dumping Node END [HeroFPP]
[2018.10.02-04.24.43:684][249]LogFbx: =================================================
[2018.10.02-04.24.43:684][249]LogFbx: Dumping Node START [HeroFPP] 
[2018.10.02-04.24.43:684][249]LogFbx: 	Total Deformer Count -557571576.
[2018.10.02-04.24.43:684][249]LogFbx: 		[Node 1]  (Type Skin).
[2018.10.02-04.24.43:684][249]LogFbx: =================================================
[2018.10.02-04.24.43:684][249]LogFbx: 	Attribute (HeroFPP) Type (4).
[2018.10.02-04.24.43:684][249]LogFbx: 		[Node Attribute Child 1] HeroFPP (Type Mesh).
[2018.10.02-04.24.43:684][249]LogFbx: Dumping Node END [HeroFPP]
[2018.10.02-04.24.43:685][249]LogFbx: =================================================
[2018.10.02-04.24.43:685][249]LogFbx: Dumping Node START [HeroFPP] 
[2018.10.02-04.24.43:685][249]LogFbx: 	Total Deformer Count -557571296.
[2018.10.02-04.24.43:686][249]LogFbx: 		[Node 1]  (Type Skin).
[2018.10.02-04.24.43:686][249]LogFbx: =================================================
[2018.10.02-04.24.43:686][249]LogFbx: 	Attribute (HeroFPP) Type (4).
[2018.10.02-04.24.43:686][249]LogFbx: 		[Node Attribute Child 1] HeroFPP (Type Mesh).
[2018.10.02-04.24.43:686][249]LogFbx: Dumping Node END [HeroFPP]
[2018.10.02-04.24.43:688][249]LogFbx: Valid bind pose for Pose (HeroFPP) - HeroFPP
[2018.10.02-04.24.43:881][249]LogMaterial: Warning: Material /Game/WorldGridMaterial.WorldGridMaterial needed to have new flag set bUsedWithSkeletalMesh !
[2018.10.02-04.24.43:883][249]LogMaterial: Display: Missing cached shader map for material WorldGridMaterial, compiling. 
[2018.10.02-04.24.43:993][249]LogShaderCompilers: Display: Shaders left to compile 60
[2018.10.02-04.24.43:994][249]LogShaderCompilers: Display: Shaders left to compile 50
[2018.10.02-04.24.43:994][249]LogShaderCompilers: Display: Shaders left to compile 40
[2018.10.02-04.24.43:998][249]LogMaterial: Display: Missing cached shader map for material WorldGridMaterial, compiling. 
[2018.10.02-04.24.44:094][249]LogFbx: Warning: Bones digested - 43  Depth of hierarchy - 9
[2018.10.02-04.24.44:192][249]LogSkeletalMesh: Section 0: 1780 vertices, 40 active bones
[2018.10.02-04.24.44:193][249]LogSkeletalMesh: Section 0: Material=0, 2600 triangles
[2018.10.02-04.24.44:193][249]LogSkeletalMesh: Building Skeletal Mesh HeroFPP...
[2018.10.02-04.24.44:199][249]LogSkeletalMesh: Built Skeletal Mesh [0.01s] /Game/HeroFPP.HeroFPP
[2018.10.02-04.24.53:593][249]LogShaderCompilers: Display: Shaders left to compile 60
[2018.10.02-04.24.54:598][249]LogShaderCompilers: Display: Shaders left to compile 50
[2018.10.02-04.24.56:459][249]LogShaderCompilers: Display: Shaders left to compile 40
[2018.10.02-04.24.58:348][249]LogShaderCompilers: Display: Shaders left to compile 30
[2018.10.02-04.25.01:615][249]LogShaderCompilers: Display: Shaders left to compile 20
[2018.10.02-04.25.02:142][249]LogShaderCompilers: Display: Shaders left to compile 10
[2018.10.02-04.25.05:638][249]LogSlate: Window 'Message' being destroyed
[2018.10.02-04.25.05:642][249]LogLinker: Can't find file '/Game/HeroFPP_PhysicsAsset'
[2018.10.02-04.25.05:642][249]LogLinker: Can't find file '/Game/HeroFPP_PhysicsAsset'
[2018.10.02-04.25.05:675][249]LogSkeletalMesh: Building Skeletal Mesh HeroFPP...
[2018.10.02-04.25.05:679][249]LogSkeletalMesh: Built Skeletal Mesh [0.00s] /Game/HeroFPP.HeroFPP
[2018.10.02-04.25.05:772][249]FBXImport: Warning: No smoothing group information was found in this FBX scene.  Please make sure to enable the 'Export Smoothing Groups' option in the FBX Exporter plug-in before exporting the file.  Even for tools that don't support smoothing groups, the FBX Exporter will generate appropriate smoothing data at export-time so that correct vertex normals can be inferred while importing. 
[2018.10.02-04.25.05:791][249]LogSkeletalMesh: Building Skeletal Mesh HeroFPP...
[2018.10.02-04.25.05:796][249]LogSkeletalMesh: Built Skeletal Mesh [0.00s] /Game/HeroFPP.HeroFPP
[2018.10.02-04.25.08:240][385]LogSlate: Window 'Message Log' being destroyed
[2018.10.02-04.25.08:243][385]LogSlate: Window 'Message Log' being destroyed
[2018.10.02-04.25.16:299][634]Cmd: OBJ SAVEPACKAGE PACKAGE="/Game/Maps/FPSMap" FILE="../../../../../../Users/Peter/Documents/Unreal Projects/FPSProject/Content/Maps/FPSMap.umap" SILENT=true AUTOSAVING=false KEEPDIRTY=false
[2018.10.02-04.25.16:397][634]LogSavePackage: Moving '../../../../../../Users/Peter/Documents/Unreal Projects/FPSProject/Saved/FPSMapCDBACD1241B492037B4F54957ABC6C73.tmp' to '../../../../../../Users/Peter/Documents/Unreal Projects/FPSProject/Content/Maps/FPSMap.umap'
[2018.10.02-04.25.16:453][634]Cmd: OBJ SAVEPACKAGE PACKAGE="/Game/Maps/FPSMap_BuiltData" FILE="../../../../../../Users/Peter/Documents/Unreal Projects/FPSProject/Content/Maps/FPSMap_BuiltData.uasset" SILENT=true
[2018.10.02-04.25.16:492][634]LogSavePackage: Moving '../../../../../../Users/Peter/Documents/Unreal Projects/FPSProject/Saved/FPSMap_BuiltDataD2D15D4746D9920FB52A6984DAC884E6.tmp' to '../../../../../../Users/Peter/Documents/Unreal Projects/FPSProject/Content/Maps/FPSMap_BuiltData.uasset'
[2018.10.02-04.25.37:173][911]Cmd: OBJ SAVEPACKAGE PACKAGE="/Game/HeroFPP" FILE="../../../../../../Users/Peter/Documents/Unreal Projects/FPSProject/Content/HeroFPP.uasset" SILENT=true
[2018.10.02-04.25.37:204][911]LogSavePackage: Moving '../../../../../../Users/Peter/Documents/Unreal Projects/FPSProject/Saved/HeroFPPF733EB3048755875AC6C72867FEE2AA7.tmp' to '../../../../../../Users/Peter/Documents/Unreal Projects/FPSProject/Content/HeroFPP.uasset'
[2018.10.02-04.25.37:245][911]Cmd: OBJ SAVEPACKAGE PACKAGE="/Game/WorldGridMaterial" FILE="../../../../../../Users/Peter/Documents/Unreal Projects/FPSProject/Content/WorldGridMaterial.uasset" SILENT=true
[2018.10.02-04.25.37:266][911]LogSavePackage: Moving '../../../../../../Users/Peter/Documents/Unreal Projects/FPSProject/Saved/WorldGridMaterialF602CDD9458B44F9C174039904197A3E.tmp' to '../../../../../../Users/Peter/Documents/Unreal Projects/FPSProject/Content/WorldGridMaterial.uasset'
[2018.10.02-04.25.37:295][911]Cmd: OBJ SAVEPACKAGE PACKAGE="/Game/HeroFPP_PhysicsAsset" FILE="../../../../../../Users/Peter/Documents/Unreal Projects/FPSProject/Content/HeroFPP_PhysicsAsset.uasset" SILENT=true
[2018.10.02-04.25.37:320][911]LogSavePackage: Moving '../../../../../../Users/Peter/Documents/Unreal Projects/FPSProject/Saved/HeroFPP_PhysicsAsset72FC6FBB44EA95D0177575A35D36BF63.tmp' to '../../../../../../Users/Peter/Documents/Unreal Projects/FPSProject/Content/HeroFPP_PhysicsAsset.uasset'
[2018.10.02-04.25.52:891][607]LogAssetEditorManager: Opening Asset editor for Blueprint /Game/Blueprints/BP_FPSCharacter.BP_FPSCharacter
[2018.10.02-04.25.53:888][607]LogContentBrowser: Native class hierarchy updated for 'BlueprintGraph' in 0.0011 seconds. Added 116 classes and 0 folders.
[2018.10.02-04.26.02:067][637]LogSlate: Window 'BP_FPSCharacter' being destroyed
[2018.10.02-04.26.02:168][637]LogAssetEditorManager: Opening Asset editor for Blueprint /Game/Blueprints/BP_FPSCharacter.BP_FPSCharacter
[2018.10.02-04.26.02:700][637]LogSlate: Took 0.008880 seconds to synchronously load lazily loaded font '../../../Engine/Content/Slate/Fonts/Roboto-BoldCondensed.ttf' (158K)
[2018.10.02-04.26.03:763][713]LogSlate: Took 0.008360 seconds to synchronously load lazily loaded font '../../../Engine/Content/Slate/Fonts/Roboto-Italic.ttf' (157K)
[2018.10.02-04.26.05:957][871]LogRenderer: Reallocating scene render targets to support 1208x648 Format 10 NumSamples 1 (Frame:1).
[2018.10.02-04.27.23:168][299]LogEditorTransaction: Undo Set Scale
[2018.10.02-04.27.23:188][299]LogActorComponent: ~FComponentReregisterContext: (/Engine/Transient.World_6:PersistentLevel.BP_FPSCharacter_C_0.Arrow) Component already registered.
[2018.10.02-04.27.23:188][299]LogActorComponent: ~FComponentReregisterContext: (/Engine/Transient.World_6:PersistentLevel.BP_FPSCharacter_C_0.CharMoveComp) Component already registered.
[2018.10.02-04.27.23:189][299]LogActorComponent: ~FComponentReregisterContext: (/Engine/Transient.World_6:PersistentLevel.BP_FPSCharacter_C_0.CharacterMesh0) Component already registered.
[2018.10.02-04.27.23:189][299]LogActorComponent: ~FComponentReregisterContext: (/Engine/Transient.World_6:PersistentLevel.BP_FPSCharacter_C_0.FirstPersonCamera) Component already registered.
[2018.10.02-04.27.23:189][299]LogActorComponent: ~FComponentReregisterContext: (/Engine/Transient.World_6:PersistentLevel.BP_FPSCharacter_C_0.StaticMeshComponent_0) Component already registered.
[2018.10.02-04.27.23:709][299]LogStats: FPlatformStackWalk::StackWalkAndDump -  0.520 s
[2018.10.02-04.27.23:709][299]LogOutputDevice: Error: === Handled ensure: ===
[2018.10.02-04.27.23:709][299]LogOutputDevice: Error: 
[2018.10.02-04.27.23:709][299]LogOutputDevice: Error: Ensure condition failed: !GIsTransacting [File:D:\Build\++UE4\Sync\Engine\Source\Editor\UnrealEd\Classes\Editor/TransBuffer.h] [Line: 72]
[2018.10.02-04.27.23:709][299]LogOutputDevice: Error: 
[2018.10.02-04.27.23:709][299]LogOutputDevice: Error: Stack: 
[2018.10.02-04.27.23:709][299]LogOutputDevice: Error: [Callstack] 0x00007ff96d9271f6 UE4Editor-Core.dll!UnknownFunction []
[2018.10.02-04.27.23:709][299]LogOutputDevice: Error: [Callstack] 0x00007ff96d660c92 UE4Editor-Core.dll!UnknownFunction []
[2018.10.02-04.27.23:709][299]LogOutputDevice: Error: [Callstack] 0x00007ff96d67b356 UE4Editor-Core.dll!UnknownFunction []
[2018.10.02-04.27.23:709][299]LogOutputDevice: Error: [Callstack] 0x00007ff95f4beedf UE4Editor-UnrealEd.dll!UnknownFunction []
[2018.10.02-04.27.23:709][299]LogOutputDevice: Error: [Callstack] 0x00007ff95f464514 UE4Editor-UnrealEd.dll!UnknownFunction []
[2018.10.02-04.27.23:709][299]LogOutputDevice: Error: [Callstack] 0x00007ff9585441a9 UE4Editor-DetailCustomizations.dll!UnknownFunction []
[2018.10.02-04.27.23:710][299]LogOutputDevice: Error: [Callstack] 0x00007ff958544ee5 UE4Editor-DetailCustomizations.dll!UnknownFunction []
[2018.10.02-04.27.23:710][299]LogOutputDevice: Error: [Callstack] 0x00007ff9584f1a51 UE4Editor-DetailCustomizations.dll!UnknownFunction []
[2018.10.02-04.27.23:710][299]LogOutputDevice: Error: [Callstack] 0x00007ff96c1ed0d2 UE4Editor-Slate.dll!UnknownFunction []
[2018.10.02-04.27.23:710][299]LogOutputDevice: Error: [Callstack] 0x00007ff96c1b3f79 UE4Editor-Slate.dll!UnknownFunction []
[2018.10.02-04.27.23:710][299]LogOutputDevice: Error: [Callstack] 0x00007ff96c256a2e UE4Editor-Slate.dll!UnknownFunction []
[2018.10.02-04.27.23:710][299]LogOutputDevice: Error: [Callstack] 0x00007ff96c0693b0 UE4Editor-Slate.dll!UnknownFunction []
[2018.10.02-04.27.23:710][299]LogOutputDevice: Error: [Callstack] 0x00007ff96c001444 UE4Editor-Slate.dll!UnknownFunction []
[2018.10.02-04.27.23:710][299]LogOutputDevice: Error: [Callstack] 0x00007ff95e7c0014 UE4Editor-Kismet.dll!UnknownFunction []
[2018.10.02-04.27.23:710][299]LogOutputDevice: Error: [Callstack] 0x00007ff95e438d70 UE4Editor-Kismet.dll!UnknownFunction []
[2018.10.02-04.27.23:710][299]LogOutputDevice: Error: [Callstack] 0x00007ff95e3cf869 UE4Editor-Kismet.dll!UnknownFunction []
[2018.10.02-04.27.23:710][299]LogOutputDevice: Error: [Callstack] 0x00007ff95e7c4833 UE4Editor-Kismet.dll!UnknownFunction []
[2018.10.02-04.27.23:710][299]LogOutputDevice: Error: [Callstack] 0x00007ff95e7ab550 UE4Editor-Kismet.dll!UnknownFunction []
[2018.10.02-04.27.23:710][299]LogOutputDevice: Error: [Callstack] 0x00007ff95e75b524 UE4Editor-Kismet.dll!UnknownFunction []
[2018.10.02-04.27.23:710][299]LogOutputDevice: Error: [Callstack] 0x00007ff95e7b0f0a UE4Editor-Kismet.dll!UnknownFunction []
[2018.10.02-04.27.23:710][299]LogOutputDevice: Error: [Callstack] 0x00007ff95e36b41b UE4Editor-Kismet.dll!UnknownFunction []
[2018.10.02-04.27.23:710][299]LogOutputDevice: Error: [Callstack] 0x00007ff95e3f843e UE4Editor-Kismet.dll!UnknownFunction []
[2018.10.02-04.27.23:710][299]LogOutputDevice: Error: [Callstack] 0x00007ff95e445d9d UE4Editor-Kismet.dll!UnknownFunction []
[2018.10.02-04.27.23:710][299]LogOutputDevice: Error: [Callstack] 0x00007ff95f464dc6 UE4Editor-UnrealEd.dll!UnknownFunction []
[2018.10.02-04.27.23:710][299]LogOutputDevice: Error: [Callstack] 0x00007ff95f4901fb UE4Editor-UnrealEd.dll!UnknownFunction []
[2018.10.02-04.27.23:710][299]LogOutputDevice: Error: [Callstack] 0x00007ff95f476535 UE4Editor-UnrealEd.dll!UnknownFunction []
[2018.10.02-04.27.23:710][299]LogOutputDevice: Error: [Callstack] 0x00007ff95f4e2dc5 UE4Editor-UnrealEd.dll!UnknownFunction []
[2018.10.02-04.27.23:710][299]LogOutputDevice: Error: [Callstack] 0x00007ff95f529b6d UE4Editor-UnrealEd.dll!UnknownFunction []
[2018.10.02-04.27.23:710][299]LogOutputDevice: Error: [Callstack] 0x00007ff95f4bc81f UE4Editor-UnrealEd.dll!UnknownFunction []
[2018.10.02-04.27.23:710][299]LogOutputDevice: Error: [Callstack] 0x00007ff95e3d05b8 UE4Editor-Kismet.dll!UnknownFunction []
[2018.10.02-04.27.23:710][299]LogOutputDevice: Error: [Callstack] 0x00007ff96c0024df UE4Editor-Slate.dll!UnknownFunction []
[2018.10.02-04.27.23:710][299]LogOutputDevice: Error: [Callstack] 0x00007ff96c04437e UE4Editor-Slate.dll!UnknownFunction []
[2018.10.02-04.27.23:710][299]LogOutputDevice: Error: [Callstack] 0x00007ff95fd13a8e UE4Editor-UnrealEd.dll!UnknownFunction []
[2018.10.02-04.27.23:710][299]LogOutputDevice: Error: [Callstack] 0x00007ff95fd01a08 UE4Editor-UnrealEd.dll!UnknownFunction []
[2018.10.02-04.27.23:710][299]LogOutputDevice: Error: [Callstack] 0x00007ff96bfc70ac UE4Editor-Slate.dll!UnknownFunction []
[2018.10.02-04.27.23:710][299]LogOutputDevice: Error: [Callstack] 0x00007ff96c04606c UE4Editor-Slate.dll!UnknownFunction []
[2018.10.02-04.27.23:710][299]LogOutputDevice: Error: [Callstack] 0x00007ff96c039846 UE4Editor-Slate.dll!UnknownFunction []
[2018.10.02-04.27.23:710][299]LogOutputDevice: Error: [Callstack] 0x00007ff9793dce45 UE4Editor-ApplicationCore.dll!UnknownFunction []
[2018.10.02-04.27.23:710][299]LogOutputDevice: Error: [Callstack] 0x00007ff9793d0270 UE4Editor-ApplicationCore.dll!UnknownFunction []
[2018.10.02-04.27.23:710][299]LogOutputDevice: Error: [Callstack] 0x00007ff9793df4c5 UE4Editor-ApplicationCore.dll!UnknownFunction []
[2018.10.02-04.27.23:710][299]LogOutputDevice: Error: [Callstack] 0x00007ff9793cc209 UE4Editor-ApplicationCore.dll!UnknownFunction []
[2018.10.02-04.27.23:710][299]LogOutputDevice: Error: [Callstack] 0x00007ff9981924fd USER32.dll!UnknownFunction []
[2018.10.02-04.27.23:710][299]LogOutputDevice: Error: [Callstack] 0x00007ff998192357 USER32.dll!UnknownFunction []
[2018.10.02-04.27.23:710][299]LogOutputDevice: Error: [Callstack] 0x00007ff9793e0646 UE4Editor-ApplicationCore.dll!UnknownFunction []
[2018.10.02-04.27.23:710][299]LogOutputDevice: Error: [Callstack] 0x00007ff71d1454e5 UE4Editor.exe!UnknownFunction []
[2018.10.02-04.27.23:710][299]LogOutputDevice: Error: [Callstack] 0x00007ff71d155b3c UE4Editor.exe!UnknownFunction []
[2018.10.02-04.27.23:710][299]LogOutputDevice: Error: [Callstack] 0x00007ff71d155bba UE4Editor.exe!UnknownFunction []
[2018.10.02-04.27.23:710][299]LogOutputDevice: Error: [Callstack] 0x00007ff71d163dac UE4Editor.exe!UnknownFunction []
[2018.10.02-04.27.23:710][299]LogOutputDevice: Error: [Callstack] 0x00007ff71d165aaa UE4Editor.exe!UnknownFunction []
[2018.10.02-04.27.23:710][299]LogOutputDevice: Error: [Callstack] 0x00007ff9968513d2 KERNEL32.DLL!UnknownFunction []
[2018.10.02-04.27.23:710][299]LogOutputDevice: Error: [Callstack] 0x00007ff9983654f4 ntdll.dll!UnknownFunction []
[2018.10.02-04.27.23:710][299]LogOutputDevice: Error: 
[2018.10.02-04.27.23:715][299]LogStats:                SubmitErrorReport -  0.000 s
[2018.10.02-04.27.24:118][299]LogStats:                    SendNewReport -  0.403 s
[2018.10.02-04.27.24:118][299]LogStats:             FDebug::EnsureFailed -  0.928 s
[2018.10.02-04.27.24:137][299]Cmd: TRANSACTION UNDO
[2018.10.02-04.27.24:137][299]LogEditorTransaction: Undo Set Rotation
[2018.10.02-04.27.24:146][299]LogActorComponent: ~FComponentReregisterContext: (/Engine/Transient.World_6:PersistentLevel.BP_FPSCharacter_C_0.Arrow) Component already registered.
[2018.10.02-04.27.24:146][299]LogActorComponent: ~FComponentReregisterContext: (/Engine/Transient.World_6:PersistentLevel.BP_FPSCharacter_C_0.CharMoveComp) Component already registered.
[2018.10.02-04.27.24:147][299]LogActorComponent: ~FComponentReregisterContext: (/Engine/Transient.World_6:PersistentLevel.BP_FPSCharacter_C_0.CharacterMesh0) Component already registered.
[2018.10.02-04.27.24:147][299]LogActorComponent: ~FComponentReregisterContext: (/Engine/Transient.World_6:PersistentLevel.BP_FPSCharacter_C_0.FirstPersonCamera) Component already registered.
[2018.10.02-04.27.24:147][299]LogActorComponent: ~FComponentReregisterContext: (/Engine/Transient.World_6:PersistentLevel.BP_FPSCharacter_C_0.StaticMeshComponent_0) Component already registered.
[2018.10.02-04.28.13:777][806]BlueprintLog: New page: Compile BP_FPSCharacter
[2018.10.02-04.28.15:785][972]Cmd: OBJ SAVEPACKAGE PACKAGE="/Game/Blueprints/BP_FPSCharacter" FILE="../../../../../../Users/Peter/Documents/Unreal Projects/FPSProject/Content/Blueprints/BP_FPSCharacter.uasset" SILENT=true
[2018.10.02-04.28.15:827][972]LogSavePackage: Moving '../../../../../../Users/Peter/Documents/Unreal Projects/FPSProject/Saved/BP_FPSCharacterD7097B654CD073478D32C69D09DAF821.tmp' to '../../../../../../Users/Peter/Documents/Unreal Projects/FPSProject/Content/Blueprints/BP_FPSCharacter.uasset'
[2018.10.02-04.28.17:018][ 89]LogSlate: Window 'BP_FPSCharacter' being destroyed
[2018.10.02-04.28.17:021][ 89]LogSlate: Window 'BP_FPSCharacter' being destroyed
[2018.10.02-04.28.22:002][204]LogTemp: Repeating last play command: Selected Viewport
[2018.10.02-04.28.22:026][204]LogPlayLevel: PlayLevel: No blueprints needed recompiling
[2018.10.02-04.28.22:039][204]PIE: New page: PIE session: FPSMap (Oct 1, 2018, 6:28:22 PM)
[2018.10.02-04.28.22:039][204]LogPlayLevel: Creating play world package: /Game/Maps/UEDPIE_0_FPSMap
[2018.10.02-04.28.22:042][204]LogPlayLevel: PIE: StaticDuplicateObject took: (0.002617s)
[2018.10.02-04.28.22:043][204]LogAIModule: Creating AISystem for world FPSMap
[2018.10.02-04.28.22:043][204]LogPlayLevel: PIE: World Init took: (0.001268s)
[2018.10.02-04.28.22:044][204]LogPlayLevel: PIE: Created PIE world by copying editor world from /Game/Maps/FPSMap.FPSMap to /Game/Maps/UEDPIE_0_FPSMap.FPSMap (0.004318s)
[2018.10.02-04.28.22:094][204]LogInit: XAudio2 using 'Speakers (2- High Definition Audio Device)' : 2 channels at 44.1 kHz using 16 bits per sample (channel mask 0x3)
[2018.10.02-04.28.22:102][204]LogInit: FAudioDevice initialized.
[2018.10.02-04.28.22:162][204]LogLoad: Game class is 'BP_FPSProjectGameModeBase_C'
[2018.10.02-04.28.22:164][204]LogWorld: Bringing World /Game/Maps/UEDPIE_0_FPSMap.FPSMap up for play (max tick rate 0) at 2018.10.01-23.28.22
[2018.10.02-04.28.22:164][204]LogWorld: Bringing up level for play took: 0.000644
[2018.10.02-04.28.22:182][204]LogContentBrowser: Native class hierarchy updated for 'MovieSceneCapture' in 0.0006 seconds. Added 10 classes and 0 folders.
[2018.10.02-04.28.22:185][204]PIE: Play in editor start time for /Game/Maps/UEDPIE_0_FPSMap 0.5
[2018.10.02-04.28.32:028][378]LogSlate: Updating window title bar state: overlay mode, drag disabled, window buttons hidden, title bar hidden
[2018.10.02-04.28.32:061][378]LogPlayLevel: Display: Shutting down PIE online subsystems
[2018.10.02-04.28.32:106][378]LogSlate: Updating window title bar state: overlay mode, drag disabled, window buttons hidden, title bar hidden
[2018.10.02-04.28.32:136][379]LogPlayLevel: Display: Destroying online subsystem :Context_8
[2018.10.02-04.28.51:977][569]LogSlate: FSceneViewport::OnFocusLost() reason 0
[2018.10.02-04.28.52:217][571]LogSlate: Window 'FPSProject - Unreal Editor' being destroyed
[2018.10.02-04.28.52:217][571]LogWindowsTextInputMethodSystem: Display: IME system now deactivated.
[2018.10.02-04.28.52:407][572]Cmd: QUIT_EDITOR
[2018.10.02-04.28.52:557][572]LogExit: Preparing to exit.
[2018.10.02-04.28.53:181][572]LogExit: Editor shut down
[2018.10.02-04.28.53:181][572]LogExit: Transaction tracking system shut down
[2018.10.02-04.28.53:902][572]LogExit: Object subsystem successfully closed.
[2018.10.02-04.28.53:916][572]LogShaderCompilers: Display: Shaders left to compile 0
[2018.10.02-04.28.53:920][572]LogD3D11RHI: Shutdown
[2018.10.02-04.28.53:920][572]LogD3D11RHI: CleanupD3DDevice
[2018.10.02-04.28.53:922][572]LogD3D11RHI: ~FD3D11DynamicRHI
[2018.10.02-04.28.53:947][572]LogModuleManager: Shutting down and abandoning module MovieSceneCapture (618)
[2018.10.02-04.28.53:947][572]LogModuleManager: Shutting down and abandoning module Voice (616)
[2018.10.02-04.28.53:947][572]LogModuleManager: Shutting down and abandoning module BlueprintGraph (614)
[2018.10.02-04.28.53:947][572]LogModuleManager: Shutting down and abandoning module HierarchicalLODOutliner (612)
[2018.10.02-04.28.53:947][572]LogModuleManager: Shutting down and abandoning module SceneOutliner (610)
[2018.10.02-04.28.53:947][572]LogModuleManager: Shutting down and abandoning module AddContentDialog (608)
[2018.10.02-04.28.53:947][572]LogModuleManager: Shutting down and abandoning module WidgetCarousel (607)
[2018.10.02-04.28.53:947][572]LogModuleManager: Shutting down and abandoning module EditorWidgets (604)
[2018.10.02-04.28.53:947][572]LogModuleManager: Shutting down and abandoning module CollectionManager (602)
[2018.10.02-04.28.53:948][572]LogModuleManager: Shutting down and abandoning module StatsViewer (600)
[2018.10.02-04.28.53:948][572]LogModuleManager: Shutting down and abandoning module FoliageEdit (598)
[2018.10.02-04.28.53:948][572]LogModuleManager: Shutting down and abandoning module LandscapeEditor (596)
[2018.10.02-04.28.53:948][572]LogModuleManager: Shutting down and abandoning module MeshPaintMode (594)
[2018.10.02-04.28.53:948][572]LogModuleManager: Shutting down and abandoning module SceneDepthPickerMode (592)
[2018.10.02-04.28.53:948][572]LogModuleManager: Shutting down and abandoning module ActorPickerMode (590)
[2018.10.02-04.28.53:948][572]LogModuleManager: Shutting down and abandoning module GeometryMode (588)
[2018.10.02-04.28.53:948][572]LogModuleManager: Shutting down and abandoning module TextureAlignMode (586)
[2018.10.02-04.28.53:948][572]LogModuleManager: Shutting down and abandoning module BspMode (584)
[2018.10.02-04.28.53:948][572]LogModuleManager: Shutting down and abandoning module PIEPreviewDeviceProfileSelector (582)
[2018.10.02-04.28.53:948][572]LogModuleManager: Shutting down and abandoning module SequenceRecorderSections (580)
[2018.10.02-04.28.53:948][572]LogModuleManager: Shutting down and abandoning module AutomationWorker (578)
[2018.10.02-04.28.53:948][572]LogModuleManager: Shutting down and abandoning module AudioCaptureEditor (576)
[2018.10.02-04.28.53:948][572]LogModuleManager: Shutting down and abandoning module SequenceRecorder (575)
[2018.10.02-04.28.53:948][572]LogModuleManager: Shutting down and abandoning module MatineeToLevelSequence (572)
[2018.10.02-04.28.53:948][572]LogModuleManager: Shutting down and abandoning module LevelSequenceEditor (570)
[2018.10.02-04.28.53:948][572]LogModuleManager: Shutting down and abandoning module PlacementMode (569)
[2018.10.02-04.28.53:948][572]LogModuleManager: Shutting down and abandoning module MaterialEditor (568)
[2018.10.02-04.28.53:948][572]LogModuleManager: Shutting down and abandoning module WmfMediaFactory (564)
[2018.10.02-04.28.53:948][572]LogModuleManager: Shutting down and abandoning module WmfMediaEditor (562)
[2018.10.02-04.28.53:948][572]LogModuleManager: Shutting down and abandoning module MediaPlayerEditor (560)
[2018.10.02-04.28.53:948][572]LogModuleManager: Shutting down and abandoning module OpenExrWrapper (558)
[2018.10.02-04.28.53:948][572]LogModuleManager: Shutting down and abandoning module ImgMediaFactory (556)
[2018.10.02-04.28.53:949][572]LogModuleManager: Shutting down and abandoning module ImgMediaEditor (554)
[2018.10.02-04.28.53:949][572]LogModuleManager: Shutting down and abandoning module AvfMediaFactory (552)
[2018.10.02-04.28.53:949][572]LogModuleManager: Shutting down and abandoning module AvfMediaEditor (550)
[2018.10.02-04.28.53:949][572]LogModuleManager: Shutting down and abandoning module AndroidMediaFactory (548)
[2018.10.02-04.28.53:949][572]LogModuleManager: Shutting down and abandoning module AndroidMediaEditor (546)
[2018.10.02-04.28.53:949][572]LogModuleManager: Shutting down and abandoning module MagicLeapCameraPreviewFactory (544)
[2018.10.02-04.28.53:949][572]LogModuleManager: Shutting down and abandoning module MagicLeapMediaFactory (542)
[2018.10.02-04.28.53:949][572]LogModuleManager: Shutting down and abandoning module MagicLeapMediaEditor (540)
[2018.10.02-04.28.53:949][572]LogModuleManager: Shutting down and abandoning module CharacterAI (538)
[2018.10.02-04.28.53:949][572]LogModuleManager: Shutting down and abandoning module SmartSnapping (536)
[2018.10.02-04.28.53:949][572]LogModuleManager: Shutting down and abandoning module SessionServices (534)
[2018.10.02-04.28.53:949][572]LogModuleManager: Shutting down and abandoning module ViewportSnapping (532)
[2018.10.02-04.28.53:949][572]LogModuleManager: Shutting down and abandoning module ViewportInteraction (530)
[2018.10.02-04.28.53:949][572]LogModuleManager: Shutting down and abandoning module ClothPainter (528)
[2018.10.02-04.28.53:949][572]LogModuleManager: Shutting down and abandoning module SkeletalMeshEditor (527)
[2018.10.02-04.28.53:949][572]LogModuleManager: Shutting down and abandoning module LogVisualizer (524)
[2018.10.02-04.28.53:949][572]LogModuleManager: Shutting down and abandoning module IntroTutorials (522)
[2018.10.02-04.28.53:949][572]LogModuleManager: Shutting down and abandoning module GameProjectGeneration (521)
[2018.10.02-04.28.53:949][572]LogModuleManager: Shutting down and abandoning module LuminPlatformEditor (518)
[2018.10.02-04.28.53:949][572]LogModuleManager: Shutting down and abandoning module IOSPlatformEditor (516)
[2018.10.02-04.28.53:949][572]LogModuleManager: Shutting down and abandoning module HTML5PlatformEditor (514)
[2018.10.02-04.28.53:949][572]LogModuleManager: Shutting down and abandoning module AndroidPlatformEditor (512)
[2018.10.02-04.28.53:949][572]LogModuleManager: Shutting down and abandoning module AndroidDeviceDetection (511)
[2018.10.02-04.28.54:140][572]LogModuleManager: Shutting down and abandoning module WindowsPlatformEditor (508)
[2018.10.02-04.28.54:141][572]LogModuleManager: Shutting down and abandoning module LuminRuntimeSettings (506)
[2018.10.02-04.28.54:141][572]LogModuleManager: Shutting down and abandoning module IOSRuntimeSettings (504)
[2018.10.02-04.28.54:141][572]LogModuleManager: Shutting down and abandoning module AndroidRuntimeSettings (502)
[2018.10.02-04.28.54:141][572]LogModuleManager: Shutting down and abandoning module InputBindingEditor (500)
[2018.10.02-04.28.54:141][572]LogModuleManager: Shutting down and abandoning module MergeActors (498)
[2018.10.02-04.28.54:141][572]LogModuleManager: Shutting down and abandoning module LocalizationDashboard (496)
[2018.10.02-04.28.54:141][572]LogModuleManager: Shutting down and abandoning module LocalizationService (495)
[2018.10.02-04.28.54:141][572]LogModuleManager: Shutting down and abandoning module HardwareTargeting (492)
[2018.10.02-04.28.54:141][572]LogModuleManager: Shutting down and abandoning module DeviceProfileEditor (490)
[2018.10.02-04.28.54:141][572]LogModuleManager: Shutting down and abandoning module UndoHistory (488)
[2018.10.02-04.28.54:141][572]LogModuleManager: Shutting down and abandoning module XmlParser (486)
[2018.10.02-04.28.54:141][572]LogModuleManager: Shutting down and abandoning module Blutility (484)
[2018.10.02-04.28.54:141][572]LogModuleManager: Shutting down and abandoning module ProjectSettingsViewer (482)
[2018.10.02-04.28.54:141][572]LogModuleManager: Shutting down and abandoning module ProjectTargetPlatformEditor (481)
[2018.10.02-04.28.54:141][572]LogModuleManager: Shutting down and abandoning module EditorSettingsViewer (478)
[2018.10.02-04.28.54:141][572]LogModuleManager: Shutting down and abandoning module SettingsEditor (476)
[2018.10.02-04.28.54:141][572]LogModuleManager: Shutting down and abandoning module ProjectLauncher (474)
[2018.10.02-04.28.54:142][572]LogModuleManager: Shutting down and abandoning module SessionFrontend (472)
[2018.10.02-04.28.54:142][572]LogModuleManager: Shutting down and abandoning module ProfilerClient (470)
[2018.10.02-04.28.54:142][572]LogModuleManager: Shutting down and abandoning module DeviceManager (468)
[2018.10.02-04.28.54:142][572]LogModuleManager: Shutting down and abandoning module TargetDeviceServices (467)
[2018.10.02-04.28.54:186][572]LogModuleManager: Shutting down and abandoning module AutomationController (464)
[2018.10.02-04.28.54:186][572]LogModuleManager: Shutting down and abandoning module AutomationWindow (462)
[2018.10.02-04.28.54:186][572]LogModuleManager: Shutting down and abandoning module Layers (460)
[2018.10.02-04.28.54:186][572]LogModuleManager: Shutting down and abandoning module ComponentVisualizers (458)
[2018.10.02-04.28.54:186][572]LogModuleManager: Shutting down and abandoning module DetailCustomizations (456)
[2018.10.02-04.28.54:186][572]LogModuleManager: Shutting down and abandoning module PackagesDialog (454)
[2018.10.02-04.28.54:186][572]LogModuleManager: Shutting down and abandoning module Persona (452)
[2018.10.02-04.28.54:186][572]LogModuleManager: Shutting down and abandoning module AdvancedPreviewScene (451)
[2018.10.02-04.28.54:186][572]LogModuleManager: Shutting down and abandoning module AnimGraph (449)
[2018.10.02-04.28.54:186][572]LogModuleManager: Shutting down and abandoning module Kismet (446)
[2018.10.02-04.28.54:196][572]LogModuleManager: Shutting down and abandoning module GraphEditor (444)
[2018.10.02-04.28.54:196][572]LogModuleManager: Shutting down and abandoning module ClassViewer (442)
[2018.10.02-04.28.54:196][572]LogModuleManager: Shutting down and abandoning module Toolbox (440)
[2018.10.02-04.28.54:196][572]LogModuleManager: Shutting down and abandoning module DesktopPlatform (439)
[2018.10.02-04.28.54:196][572]LogModuleManager: Shutting down and abandoning module ModuleUI (436)
[2018.10.02-04.28.54:196][572]LogModuleManager: Shutting down and abandoning module MovieSceneTools (434)
[2018.10.02-04.28.54:196][572]LogModuleManager: Shutting down and abandoning module OutputLog (432)
[2018.10.02-04.28.54:196][572]LogModuleManager: Shutting down and abandoning module GammaUI (430)
[2018.10.02-04.28.54:196][572]LogModuleManager: Shutting down and abandoning module Documentation (428)
[2018.10.02-04.28.54:197][572]LogModuleManager: Shutting down and abandoning module MovieSceneTracks (426)
[2018.10.02-04.28.54:197][572]LogModuleManager: Shutting down and abandoning module MovieScene (424)
[2018.10.02-04.28.54:197][572]LogModuleManager: Shutting down and abandoning module StreamingPauseRendering (422)
[2018.10.02-04.28.54:197][572]LogModuleManager: Shutting down and abandoning module LauncherPlatform (420)
[2018.10.02-04.28.54:197][572]LogModuleManager: Shutting down and abandoning module AnalyticsET (418)
[2018.10.02-04.28.54:197][572]LogModuleManager: Shutting down and abandoning module PortalServices (416)
[2018.10.02-04.28.54:197][572]LogModuleManager: Shutting down and abandoning module PortalRpc (414)
[2018.10.02-04.28.54:197][572]LogModuleManager: Shutting down and abandoning module MessagingRpc (412)
[2018.10.02-04.28.54:197][572]LogModuleManager: Shutting down and abandoning module AIModule (410)
[2018.10.02-04.28.54:197][572]LogModuleManager: Shutting down and abandoning module GameplayDebugger (409)
[2018.10.02-04.28.54:197][572]LogModuleManager: Shutting down and abandoning module AITestSuite (407)
[2018.10.02-04.28.54:197][572]LogModuleManager: Shutting down and abandoning module NavigationSystem (405)
[2018.10.02-04.28.54:197][572]LogModuleManager: Shutting down and abandoning module ProfilerService (402)
[2018.10.02-04.28.54:391][572]LogModuleManager: Shutting down and abandoning module TaskGraph (400)
[2018.10.02-04.28.54:391][572]LogModuleManager: Shutting down and abandoning module SteamVRController (398)
[2018.10.02-04.28.54:391][572]LogModuleManager: Shutting down and abandoning module ProceduralMeshComponentEditor (396)
[2018.10.02-04.28.54:391][572]LogModuleManager: Shutting down and abandoning module ProceduralMeshComponent (394)
[2018.10.02-04.28.54:391][572]LogModuleManager: Shutting down and abandoning module OculusInput (392)
[2018.10.02-04.28.54:392][572]LogModuleManager: Shutting down and abandoning module MobilePatchingUtils (390)
[2018.10.02-04.28.54:392][572]LogModuleManager: Shutting down and abandoning module EditableMesh (388)
[2018.10.02-04.28.54:392][572]LogModuleManager: Shutting down and abandoning module CustomMeshComponent (386)
[2018.10.02-04.28.54:392][572]LogModuleManager: Shutting down and abandoning module CableComponent (384)
[2018.10.02-04.28.54:392][572]LogModuleManager: Shutting down and abandoning module AudioCapture (382)
[2018.10.02-04.28.54:392][572]LogModuleManager: Shutting down and abandoning module ArchVisCharacter (380)
[2018.10.02-04.28.54:392][572]LogModuleManager: Shutting down and abandoning module AndroidPermission (378)
[2018.10.02-04.28.54:392][572]LogModuleManager: Shutting down and abandoning module NUTUnrealEngine4 (376)
[2018.10.02-04.28.54:392][572]LogModuleManager: Shutting down and abandoning module NetcodeUnitTest (374)
[2018.10.02-04.28.54:392][572]LogModuleManager: Shutting down and abandoning module MediaCompositingEditor (372)
[2018.10.02-04.28.54:392][572]LogModuleManager: Shutting down and abandoning module MediaCompositing (370)
[2018.10.02-04.28.54:392][572]LogModuleManager: Shutting down and abandoning module LinearTimecode (368)
[2018.10.02-04.28.54:392][572]LogModuleManager: Shutting down and abandoning module ImgMedia (366)
[2018.10.02-04.28.54:397][572]LogModuleManager: Shutting down and abandoning module HTML5Networking (364)
[2018.10.02-04.28.54:397][572]LogModuleManager: Shutting down and abandoning module GeometryCacheTracks (362)
[2018.10.02-04.28.54:397][572]LogModuleManager: Shutting down and abandoning module GeometryCacheSequencer (360)
[2018.10.02-04.28.54:397][572]LogModuleManager: Shutting down and abandoning module BackChannel (358)
[2018.10.02-04.28.54:397][572]LogModuleManager: Shutting down and abandoning module AppleVision (356)
[2018.10.02-04.28.54:397][572]LogModuleManager: Shutting down and abandoning module AppleImageUtils (354)
[2018.10.02-04.28.54:397][572]LogModuleManager: Shutting down and abandoning module AlembicImporter (352)
[2018.10.02-04.28.54:397][572]LogModuleManager: Shutting down and abandoning module AlembicLibrary (351)
[2018.10.02-04.28.54:397][572]LogModuleManager: Shutting down and abandoning module GeometryCache (350)
[2018.10.02-04.28.54:397][572]LogModuleManager: Shutting down and abandoning module GeometryCacheEd (349)
[2018.10.02-04.28.54:397][572]LogModuleManager: Shutting down and abandoning module DatasmithContentEditor (344)
[2018.10.02-04.28.54:397][572]LogModuleManager: Shutting down and abandoning module DatasmithContent (342)
[2018.10.02-04.28.54:397][572]LogModuleManager: Shutting down and abandoning module SpeedTreeImporter (340)
[2018.10.02-04.28.54:397][572]LogModuleManager: Shutting down and abandoning module PluginBrowser (338)
[2018.10.02-04.28.54:397][572]LogModuleManager: Shutting down and abandoning module MobileLauncherProfileWizard (336)
[2018.10.02-04.28.54:398][572]LogModuleManager: Shutting down and abandoning module PolygonModeling (334)
[2018.10.02-04.28.54:398][572]LogModuleManager: Shutting down and abandoning module MeshEditor (332)
[2018.10.02-04.28.54:398][572]LogModuleManager: Shutting down and abandoning module CryptoKeysOpenSSL (330)
[2018.10.02-04.28.54:398][572]LogModuleManager: Shutting down and abandoning module CryptoKeys (328)
[2018.10.02-04.28.54:398][572]LogModuleManager: Shutting down and abandoning module VisualStudioSourceCodeAccess (326)
[2018.10.02-04.28.54:398][572]LogModuleManager: Shutting down and abandoning module VisualStudioCodeSourceCodeAccess (324)
[2018.10.02-04.28.54:398][572]LogModuleManager: Shutting down and abandoning module UObjectPlugin (322)
[2018.10.02-04.28.54:398][572]LogModuleManager: Shutting down and abandoning module SubversionSourceControl (320)
[2018.10.02-04.28.54:398][572]LogModuleManager: Shutting down and abandoning module PerforceSourceControl (318)
[2018.10.02-04.28.54:398][572]LogModuleManager: Shutting down and abandoning module GitSourceControl (316)
[2018.10.02-04.28.54:398][572]LogModuleManager: Shutting down and abandoning module SourceControl (315)
[2018.10.02-04.28.54:398][572]LogModuleManager: Shutting down and abandoning module CLionSourceCodeAccess (312)
[2018.10.02-04.28.54:398][572]LogModuleManager: Shutting down and abandoning module LightPropagationVolumeEditor (310)
[2018.10.02-04.28.54:398][572]LogModuleManager: Shutting down and abandoning module PaperTiledImporter (308)
[2018.10.02-04.28.54:398][572]LogModuleManager: Shutting down and abandoning module PaperSpriteSheetImporter (306)
[2018.10.02-04.28.54:398][572]LogModuleManager: Shutting down and abandoning module Paper2DEditor (304)
[2018.10.02-04.28.54:398][572]LogModuleManager: Shutting down and abandoning module MeshPaint (303)
[2018.10.02-04.28.54:398][572]LogModuleManager: Shutting down and abandoning module FPSProject (300)
[2018.10.02-04.28.54:398][572]LogModuleManager: Shutting down and abandoning module RuntimePhysXCooking (298)
[2018.10.02-04.28.54:398][572]LogModuleManager: Shutting down and abandoning module PhysXVehiclesEditor (296)
[2018.10.02-04.28.54:398][572]LogModuleManager: Shutting down and abandoning module PhysXVehicles (294)
[2018.10.02-04.28.54:398][572]LogModuleManager: Shutting down and abandoning module OculusEditor (292)
[2018.10.02-04.28.54:398][572]LogModuleManager: Shutting down and abandoning module LocationServicesBPLibrary (290)
[2018.10.02-04.28.54:398][572]LogModuleManager: Shutting down and abandoning module ImmediatePhysicsEditor (288)
[2018.10.02-04.28.54:398][572]LogModuleManager: Shutting down and abandoning module ImmediatePhysics (286)
[2018.10.02-04.28.54:398][572]LogModuleManager: Shutting down and abandoning module ActorSequence (284)
[2018.10.02-04.28.54:398][572]LogModuleManager: Shutting down and abandoning module UdpMessaging (282)
[2018.10.02-04.28.54:499][572]LogModuleManager: Shutting down and abandoning module TcpMessaging (280)
[2018.10.02-04.28.54:600][572]LogModuleManager: Shutting down and abandoning module MagicLeapAudio (278)
[2018.10.02-04.28.54:600][572]LogModuleManager: Shutting down and abandoning module GameplayTagsEditor (276)
[2018.10.02-04.28.54:600][572]LogModuleManager: Shutting down and abandoning module FacialAnimationEditor (274)
[2018.10.02-04.28.54:600][572]LogModuleManager: Shutting down and abandoning module FacialAnimation (272)
[2018.10.02-04.28.54:600][572]LogModuleManager: Shutting down and abandoning module DataValidation (270)
[2018.10.02-04.28.54:600][572]LogModuleManager: Shutting down and abandoning module AssetManagerEditor (268)
[2018.10.02-04.28.54:600][572]LogModuleManager: Shutting down and abandoning module LevelEditor (267)
[2018.10.02-04.28.54:601][572]LogModuleManager: Shutting down and abandoning module PixelInspectorModule (266)
[2018.10.02-04.28.54:601][572]LogModuleManager: Shutting down and abandoning module CommonMenuExtensions (264)
[2018.10.02-04.28.54:601][572]LogModuleManager: Shutting down and abandoning module MainFrame (262)
[2018.10.02-04.28.54:601][572]LogModuleManager: Shutting down and abandoning module HotReload (261)
[2018.10.02-04.28.54:602][572]LogModuleManager: Shutting down and abandoning module ContentBrowser (257)
[2018.10.02-04.28.54:603][572]LogModuleManager: Shutting down and abandoning module TreeMap (255)
[2018.10.02-04.28.54:603][572]LogModuleManager: Shutting down and abandoning module LightPropagationVolumeRuntime (252)
[2018.10.02-04.28.54:603][572]LogModuleManager: Shutting down and abandoning module AISupportModule (250)
[2018.10.02-04.28.54:603][572]LogModuleManager: Shutting down and abandoning module Paper2D (248)
[2018.10.02-04.28.54:603][572]LogModuleManager: Shutting down and abandoning module WindowsMoviePlayer (246)
[2018.10.02-04.28.54:603][572]LogModuleManager: Shutting down and abandoning module WmfMedia (244)
[2018.10.02-04.28.54:604][572]LogModuleManager: Shutting down and abandoning module Media (243)
[2018.10.02-04.28.54:610][572]LogModuleManager: Shutting down and abandoning module PacketHandler (240)
[2018.10.02-04.28.54:610][572]LogModuleManager: Shutting down and abandoning module ClothingSystemEditor (238)
[2018.10.02-04.28.54:610][572]LogModuleManager: Shutting down and abandoning module ClothingSystemRuntime (236)
[2018.10.02-04.28.54:610][572]LogModuleManager: Shutting down and abandoning module MediaAssets (234)
[2018.10.02-04.28.54:610][572]LogModuleManager: Shutting down and abandoning module Overlay (232)
[2018.10.02-04.28.54:610][572]LogModuleManager: Shutting down and abandoning module OverlayEditor (231)
[2018.10.02-04.28.54:610][572]LogModuleManager: Shutting down and abandoning module VREditor (228)
[2018.10.02-04.28.54:610][572]LogModuleManager: Shutting down and abandoning module StringTableEditor (226)
[2018.10.02-04.28.54:611][572]LogModuleManager: Shutting down and abandoning module GameplayTasksEditor (224)
[2018.10.02-04.28.54:611][572]LogModuleManager: Shutting down and abandoning module BehaviorTreeEditor (222)
[2018.10.02-04.28.54:611][572]LogModuleManager: Shutting down and abandoning module FunctionalTesting (220)
[2018.10.02-04.28.54:611][572]LogModuleManager: Shutting down and abandoning module CollisionAnalyzer (218)
[2018.10.02-04.28.54:611][572]LogModuleManager: Shutting down and abandoning module WorkspaceMenuStructure (217)
[2018.10.02-04.28.54:611][572]LogModuleManager: Shutting down and abandoning module UMG (214)
[2018.10.02-04.28.54:611][572]LogModuleManager: Shutting down and abandoning module UMGEditor (213)
[2018.10.02-04.28.54:611][572]LogModuleManager: Shutting down and abandoning module Sequencer (212)
[2018.10.02-04.28.54:611][572]LogModuleManager: Shutting down and abandoning module MessageLog (209)
[2018.10.02-04.28.54:611][572]LogModuleManager: Shutting down and abandoning module SlateReflector (204)
[2018.10.02-04.28.54:611][572]LogModuleManager: Shutting down and abandoning module Slate (202)
[2018.10.02-04.28.54:611][572]LogModuleManager: Shutting down and abandoning module EditorStyle (200)
[2018.10.02-04.28.54:613][572]LogModuleManager: Shutting down and abandoning module MRMesh (198)
[2018.10.02-04.28.54:613][572]LogModuleManager: Shutting down and abandoning module SourceCodeAccess (196)
[2018.10.02-04.28.54:613][572]LogModuleManager: Shutting down and abandoning module HeadMountedDisplay (194)
[2018.10.02-04.28.54:613][572]LogModuleManager: Shutting down and abandoning module XAudio2 (192)
[2018.10.02-04.28.54:613][572]LogModuleManager: Shutting down and abandoning module Networking (190)
[2018.10.02-04.28.54:613][572]LogModuleManager: Shutting down and abandoning module Core (188)
[2018.10.02-04.28.54:613][572]LogModuleManager: Shutting down and abandoning module LevelSequence (186)
[2018.10.02-04.28.54:613][572]LogModuleManager: Shutting down and abandoning module KismetCompiler (184)
[2018.10.02-04.28.54:613][572]LogModuleManager: Shutting down and abandoning module MeshUtilities (182)
[2018.10.02-04.28.54:613][572]LogModuleManager: Shutting down and abandoning module MeshMergeUtilities (181)
[2018.10.02-04.28.54:613][572]LogModuleManager: Shutting down and abandoning module MeshReductionInterface (180)
[2018.10.02-04.28.54:613][572]LogModuleManager: Shutting down and abandoning module SimplygonSwarm (179)
[2018.10.02-04.28.54:613][572]LogModuleManager: Shutting down and abandoning module ProxyLODMeshReduction (177)
[2018.10.02-04.28.54:613][572]LogModuleManager: Shutting down and abandoning module SimplygonMeshReduction (175)
[2018.10.02-04.28.54:613][572]LogModuleManager: Shutting down and abandoning module QuadricMeshReduction (173)
[2018.10.02-04.28.54:614][572]LogModuleManager: Shutting down and abandoning module MaterialBaking (169)
[2018.10.02-04.28.54:614][572]LogModuleManager: Shutting down and abandoning module DirectoryWatcher (165)
[2018.10.02-04.28.54:614][572]LogModuleManager: Shutting down and abandoning module DerivedDataCache (162)
[2018.10.02-04.28.54:622][572]LogDerivedDataCache: Shutdown
[2018.10.02-04.28.54:622][572]LogModuleManager: Shutting down and abandoning module XGEController (160)
[2018.10.02-04.28.54:622][572]LogXGEController: Cleaning working directory: C:/Users/Peter/AppData/Local/Temp/UnrealXGEWorkingDir/
[2018.10.02-04.28.54:623][572]LogModuleManager: Shutting down and abandoning module TargetPlatform (158)
[2018.10.02-04.28.54:623][572]LogModuleManager: Shutting down and abandoning module VulkanShaderFormat (157)
[2018.10.02-04.28.54:623][572]LogModuleManager: Shutting down and abandoning module ShaderFormatVectorVM (155)
[2018.10.02-04.28.54:623][572]LogModuleManager: Shutting down and abandoning module ShaderFormatOpenGL (153)
[2018.10.02-04.28.54:623][572]LogModuleManager: Shutting down and abandoning module ShaderFormatD3D (151)
[2018.10.02-04.28.54:623][572]LogModuleManager: Shutting down and abandoning module MetalShaderFormat (149)
[2018.10.02-04.28.54:623][572]LogModuleManager: Shutting down and abandoning module TextureFormatUncompressed (147)
[2018.10.02-04.28.54:623][572]LogModuleManager: Shutting down and abandoning module TextureFormatPVR (145)
[2018.10.02-04.28.54:623][572]LogModuleManager: Shutting down and abandoning module TextureFormatDXT (143)
[2018.10.02-04.28.54:623][572]LogModuleManager: Shutting down and abandoning module TextureFormatIntelISPCTexComp (141)
[2018.10.02-04.28.54:623][572]LogModuleManager: Shutting down and abandoning module TextureFormatASTC (139)
[2018.10.02-04.28.54:623][572]LogModuleManager: Shutting down and abandoning module ImageWrapper (138)
[2018.10.02-04.28.54:623][572]LogModuleManager: Shutting down and abandoning module TextureFormatAndroid (135)
[2018.10.02-04.28.54:623][572]LogModuleManager: Shutting down and abandoning module AudioFormatOpus (133)
[2018.10.02-04.28.54:623][572]LogModuleManager: Shutting down and abandoning module AudioFormatOgg (131)
[2018.10.02-04.28.54:623][572]LogModuleManager: Shutting down and abandoning module AudioFormatADPCM (129)
[2018.10.02-04.28.54:623][572]LogModuleManager: Shutting down and abandoning module LuminTargetPlatform (127)
[2018.10.02-04.28.54:623][572]LogModuleManager: Shutting down and abandoning module LinuxTargetPlatform (125)
[2018.10.02-04.28.54:623][572]LogModuleManager: Shutting down and abandoning module LinuxServerTargetPlatform (123)
[2018.10.02-04.28.54:623][572]LogModuleManager: Shutting down and abandoning module LinuxNoEditorTargetPlatform (121)
[2018.10.02-04.28.54:623][572]LogModuleManager: Shutting down and abandoning module LinuxClientTargetPlatform (119)
[2018.10.02-04.28.54:623][572]LogModuleManager: Shutting down and abandoning module TVOSTargetPlatform (117)
[2018.10.02-04.28.54:624][572]LogModuleManager: Shutting down and abandoning module Messaging (115)
[2018.10.02-04.28.54:624][572]LogModuleManager: Shutting down and abandoning module IOSTargetPlatform (113)
[2018.10.02-04.28.54:627][572]LogModuleManager: Shutting down and abandoning module HTML5TargetPlatform (111)
[2018.10.02-04.28.54:627][572]LogModuleManager: Shutting down and abandoning module AndroidTargetPlatform (109)
[2018.10.02-04.28.54:635][572]LogModuleManager: Shutting down and abandoning module WindowsTargetPlatform (107)
[2018.10.02-04.28.54:636][572]LogModuleManager: Shutting down and abandoning module WindowsServerTargetPlatform (105)
[2018.10.02-04.28.54:636][572]LogModuleManager: Shutting down and abandoning module WindowsNoEditorTargetPlatform (103)
[2018.10.02-04.28.54:636][572]LogModuleManager: Shutting down and abandoning module WindowsClientTargetPlatform (101)
[2018.10.02-04.28.54:636][572]LogModuleManager: Shutting down and abandoning module MacTargetPlatform (99)
[2018.10.02-04.28.54:636][572]LogModuleManager: Shutting down and abandoning module MacServerTargetPlatform (97)
[2018.10.02-04.28.54:636][572]LogModuleManager: Shutting down and abandoning module MacNoEditorTargetPlatform (95)
[2018.10.02-04.28.54:636][572]LogModuleManager: Shutting down and abandoning module MacClientTargetPlatform (93)
[2018.10.02-04.28.54:636][572]LogModuleManager: Shutting down and abandoning module AllDesktopTargetPlatform (91)
[2018.10.02-04.28.54:636][572]LogModuleManager: Shutting down and abandoning module InputCore (88)
[2018.10.02-04.28.54:636][572]LogModuleManager: Shutting down and abandoning module Settings (86)
[2018.10.02-04.28.54:636][572]LogModuleManager: Shutting down and abandoning module PhysXCooking (84)
[2018.10.02-04.28.54:636][572]LogModuleManager: Shutting down and abandoning module SteamVR (82)
[2018.10.02-04.28.54:636][572]LogModuleManager: Shutting down and abandoning module OculusHMD (80)
[2018.10.02-04.28.54:636][572]LogModuleManager: Shutting down and abandoning module ExampleDeviceProfileSelector (78)
[2018.10.02-04.28.54:636][572]LogModuleManager: Shutting down and abandoning module LauncherChunkInstaller (76)
[2018.10.02-04.28.54:636][572]LogModuleManager: Shutting down and abandoning module OnlineBlueprintSupport (74)
[2018.10.02-04.28.54:636][572]LogModuleManager: Shutting down and abandoning module OnlineSubsystem (70)
[2018.10.02-04.28.54:637][572]LogModuleManager: Shutting down and abandoning module XMPP (65)
[2018.10.02-04.28.54:637][572]LogModuleManager: Shutting down and abandoning module WebSockets (64)
[2018.10.02-04.28.54:657][572]LogModuleManager: Shutting down and abandoning module HTTP (61)
[2018.10.02-04.28.54:657][572]LogHttp: Display: Http module shutting down, but needs to wait on 1 outstanding Http requests:
[2018.10.02-04.28.54:657][572]LogHttp: Display: 	verb=[POST] url=[https://datarouter.ol.epicgames.com/datarouter/api/v1/public/data?SessionID=%7B5D62A91B-4BF6-3D5F-E313-20A5FA3118A8%7D&AppID=UEEditor.Rocket.Release&AppVersion=4.20.3-4369336%2B%2B%2BUE4%2BRelease-4.20&UserID=15b52cc9472a2ea98d32dc90de97a0b4%7Ca6bb9a295af146eeb619cdf8ccea1563%7C1f176c5f-cff4-4457-b55a-dac67387f93b&AppEnvironment=datacollector-binary&UploadType=eteventstream] status=Processing
[2018.10.02-04.28.54:689][572]LogModuleManager: Shutting down and abandoning module SSL (60)
[2018.10.02-04.28.54:690][572]LogModuleManager: Shutting down and abandoning module MagicLeapEmulator (56)
[2018.10.02-04.28.54:690][572]LogModuleManager: Shutting down and abandoning module MagicLeapPrivileges (54)
[2018.10.02-04.28.54:691][572]LogModuleManager: Shutting down and abandoning module MagicLeapIdentity (52)
[2018.10.02-04.28.54:691][572]LogModuleManager: Shutting down and abandoning module MagicLeapHelperVulkan (50)
[2018.10.02-04.28.54:691][572]LogModuleManager: Shutting down and abandoning module MagicLeapHelperOpenGL (48)
[2018.10.02-04.28.54:691][572]LogModuleManager: Shutting down and abandoning module MagicLeapSecureStorage (46)
[2018.10.02-04.28.54:691][572]LogModuleManager: Shutting down and abandoning module MagicLeapGestures (44)
[2018.10.02-04.28.54:691][572]LogModuleManager: Shutting down and abandoning module MagicLeapEyeTracker (42)
[2018.10.02-04.28.54:691][572]LogModuleManager: Shutting down and abandoning module MagicLeapController (40)
[2018.10.02-04.28.54:691][572]LogSlate: Slate User Destroyed.  User Index 0, Is Virtual User: 0
[2018.10.02-04.28.54:691][572]LogModuleManager: Shutting down and abandoning module MagicLeap (38)
[2018.10.02-04.28.54:691][572]LogModuleManager: Shutting down and abandoning module AnimationModifiers (36)
[2018.10.02-04.28.54:691][572]LogModuleManager: Shutting down and abandoning module PropertyEditor (35)
[2018.10.02-04.28.54:691][572]LogModuleManager: Shutting down and abandoning module AudioEditor (32)
[2018.10.02-04.28.54:691][572]LogModuleManager: Shutting down and abandoning module TextureCompressor (30)
[2018.10.02-04.28.54:691][572]LogModuleManager: Shutting down and abandoning module ShaderCore (28)
[2018.10.02-04.28.54:691][572]LogModuleManager: Shutting down and abandoning module Landscape (26)
[2018.10.02-04.28.54:691][572]LogModuleManager: Shutting down and abandoning module SlateRHIRenderer (24)
[2018.10.02-04.28.54:692][572]LogModuleManager: Shutting down and abandoning module OpenGLDrv (22)
[2018.10.02-04.28.54:692][572]LogModuleManager: Shutting down and abandoning module D3D11RHI (20)
[2018.10.02-04.28.54:692][572]LogModuleManager: Shutting down and abandoning module AnimGraphRuntime (18)
[2018.10.02-04.28.54:692][572]LogModuleManager: Shutting down and abandoning module Renderer (16)
[2018.10.02-04.28.54:692][572]LogModuleManager: Shutting down and abandoning module Engine (14)
[2018.10.02-04.28.54:692][572]LogModuleManager: Shutting down and abandoning module CoreUObject (12)
[2018.10.02-04.28.54:692][572]LogModuleManager: Shutting down and abandoning module NetworkFile (10)
[2018.10.02-04.28.54:692][572]LogModuleManager: Shutting down and abandoning module CookedIterativeFile (8)
[2018.10.02-04.28.54:692][572]LogModuleManager: Shutting down and abandoning module StreamingFile (6)
[2018.10.02-04.28.54:692][572]LogModuleManager: Shutting down and abandoning module SandboxFile (4)
[2018.10.02-04.28.54:692][572]LogModuleManager: Shutting down and abandoning module PakFile (2)
[2018.10.02-04.28.54:696][572]LogExit: Exiting.
[2018.10.02-04.28.54:730][572]Log file closed, 10/01/18 23:28:54
