Log file open, 10/04/18 23:09:52
LogWindows: Failed to load 'aqProf.dll' (GetLastError=126)
LogWindows: File 'aqProf.dll' does not exist
LogWindows: Failed to load 'VtuneApi.dll' (GetLastError=126)
LogWindows: File 'VtuneApi.dll' does not exist
LogWindows: Failed to load 'VtuneApi32e.dll' (GetLastError=126)
LogWindows: File 'VtuneApi32e.dll' does not exist
LogInit: Display: Running engine for game: FPSProject
LogPlatformFile: Not using cached read wrapper
LogTaskGraph: Started task graph with 5 named threads and 11 total threads with 3 sets of task threads.
LogStats: Stats thread started at 0.827170
LogD3D11RHI: Loaded GFSDK_Aftermath_Lib.x64.dll
LogICUInternationalization: Display: ICU TimeZone Detection - Raw Offset: -6:00, Platform Override: ''
LogPluginManager: Mounting plugin Paper2D
LogPluginManager: Mounting plugin AISupport
LogPluginManager: Mounting plugin LightPropagationVolume
LogPluginManager: Mounting plugin CLionSourceCodeAccess
LogPluginManager: Mounting plugin CodeLiteSourceCodeAccess
LogPluginManager: Mounting plugin GitSourceControl
LogPluginManager: Mounting plugin KDevelopSourceCodeAccess
LogPluginManager: Mounting plugin NullSourceCodeAccess
LogPluginManager: Mounting plugin PerforceSourceControl
LogPluginManager: Mounting plugin SubversionSourceControl
LogPluginManager: Mounting plugin UObjectPlugin
LogPluginManager: Mounting plugin VisualStudioCodeSourceCodeAccess
LogPluginManager: Mounting plugin VisualStudioSourceCodeAccess
LogPluginManager: Mounting plugin XCodeSourceCodeAccess
LogPluginManager: Mounting plugin AssetManagerEditor
LogPluginManager: Mounting plugin CryptoKeys
LogPluginManager: Mounting plugin DataValidation
LogPluginManager: Mounting plugin FacialAnimation
LogPluginManager: Mounting plugin GameplayTagsEditor
LogPluginManager: Mounting plugin MacGraphicsSwitching
LogPluginManager: Mounting plugin MeshEditor
LogPluginManager: Mounting plugin MobileLauncherProfileWizard
LogPluginManager: Mounting plugin PluginBrowser
LogPluginManager: Mounting plugin SpeedTreeImporter
LogPluginManager: Mounting plugin DatasmithContent
LogPluginManager: Mounting plugin AlembicImporter
LogPluginManager: Mounting plugin AppleImageUtils
LogPluginManager: Mounting plugin AppleVision
LogPluginManager: Mounting plugin BackChannel
LogPluginManager: Mounting plugin CharacterAI
LogPluginManager: Mounting plugin GeometryCache
LogPluginManager: Mounting plugin HTML5Networking
LogPluginManager: Mounting plugin ProxyLODPlugin
LogPluginManager: Mounting plugin MagicLeap
LogPluginManager: Mounting plugin MagicLeapEmulator
LogPluginManager: Mounting plugin MagicLeapMedia
LogPluginManager: Mounting plugin AndroidMedia
LogPluginManager: Mounting plugin AvfMedia
LogPluginManager: Mounting plugin ImgMedia
LogPluginManager: Mounting plugin LinearTimecode
LogPluginManager: Mounting plugin MediaCompositing
LogPluginManager: Mounting plugin MediaPlayerEditor
LogPluginManager: Mounting plugin WmfMedia
LogPluginManager: Mounting plugin TcpMessaging
LogPluginManager: Mounting plugin UdpMessaging
LogPluginManager: Mounting plugin ActorSequence
LogPluginManager: Mounting plugin LevelSequenceEditor
LogPluginManager: Mounting plugin MatineeToLevelSequence
LogPluginManager: Mounting plugin NetcodeUnitTest
LogPluginManager: Mounting plugin NUTUnrealEngine4
LogPluginManager: Mounting plugin OnlineSubsystemGooglePlay
LogPluginManager: Mounting plugin OnlineSubsystemIOS
LogPluginManager: Mounting plugin OnlineSubsystem
LogPluginManager: Mounting plugin OnlineSubsystemNull
LogPluginManager: Mounting plugin OnlineSubsystemUtils
LogPluginManager: Mounting plugin LauncherChunkInstaller
LogPluginManager: Mounting plugin AndroidDeviceProfileSelector
LogPluginManager: Mounting plugin AndroidMoviePlayer
LogPluginManager: Mounting plugin AndroidPermission
LogPluginManager: Mounting plugin AppleMoviePlayer
LogPluginManager: Mounting plugin ArchVisCharacter
LogPluginManager: Mounting plugin AudioCapture
LogPluginManager: Mounting plugin CableComponent
LogPluginManager: Mounting plugin CustomMeshComponent
LogPluginManager: Mounting plugin EditableMesh
LogPluginManager: Mounting plugin ExampleDeviceProfileSelector
LogPluginManager: Mounting plugin GoogleCloudMessaging
LogPluginManager: Mounting plugin ImmediatePhysics
LogPluginManager: Mounting plugin IOSDeviceProfileSelector
LogPluginManager: Mounting plugin LinuxDeviceProfileSelector
LogPluginManager: Mounting plugin LocationServicesBPLibrary
LogPluginManager: Mounting plugin MobilePatchingUtils
LogPluginManager: Mounting plugin OculusVR
LogPluginManager: Plugin shader directory ../../../Engine/Plugins/Runtime/Oculus/OculusVR/Shaders found
LogPluginManager: Mapping shader source directory ../../../Engine/Plugins/Runtime/Oculus/OculusVR/Shaders to virtual directory /Plugin/OculusVR
LogPluginManager: Mounting plugin PhysXVehicles
LogPluginManager: Mounting plugin ProceduralMeshComponent
LogPluginManager: Mounting plugin RuntimePhysXCooking
LogPluginManager: Mounting plugin SteamVR
LogPluginManager: Mounting plugin WindowsMoviePlayer
LogStreaming: Display: Took  0.155s to configure plugins.
LogInit: Using libcurl 7.55.1-DEV
LogInit:  - built for x86_64-pc-win32
LogInit:  - supports SSL with OpenSSL/1.0.2h
LogInit:  - supports HTTP deflate (compression) using libz 1.2.8
LogInit:  - other features:
LogInit:      CURL_VERSION_SSL
LogInit:      CURL_VERSION_LIBZ
LogInit:      CURL_VERSION_IPV6
LogInit:      CURL_VERSION_ASYNCHDNS
LogInit:      CURL_VERSION_LARGEFILE
LogInit:      CURL_VERSION_IDN
LogInit:  CurlRequestOptions (configurable via config and command line):
LogInit:  - bVerifyPeer = false  - Libcurl will NOT verify peer certificate
LogInit:  - bUseHttpProxy = false  - Libcurl will NOT use HTTP proxy
LogInit:  - bDontReuseConnections = false  - Libcurl will reuse connections
LogInit:  - CertBundlePath = nullptr  - Libcurl will use whatever was configured at build time.
LogInit:  - MaxHostConnections = 16  - Libcurl will limit the number of connections to a host
LogInit:  - LocalHostAddr = Default
LogInit:  - BufferSize = 65536
LogInit: WinSock: version 1.1 (2.2), MaxSocks=32767, MaxUdp=65467
LogInit: Build: ++UE4+Release-4.20-CL-4369336
LogInit: Engine Version: 4.20.3-4369336+++UE4+Release-4.20
LogInit: Compatible Engine Version: 4.20.0-4212847+++UE4+Release-4.20
LogInit: Net CL: 4212847
LogInit: OS: Windows 8.1 (), CPU: AMD FX(tm)-4300 Quad-Core Processor            , GPU: NVIDIA GeForce GTX 970
LogInit: Compiled (64-bit): Sep 17 2018 12:26:19
LogInit: Compiled with Visual C++: 19.13.26129.00
LogInit: Build Configuration: Development
LogInit: Branch Name: ++UE4+Release-4.20
LogInit: Command Line:  
LogInit: Base Directory: C:/Program Files/Epic Games/UE_4.20/Engine/Binaries/Win64/
LogInit: Installed Engine Build: 1
LogDevObjectVersion: Number of dev versions registered: 20
LogDevObjectVersion:   Dev-Blueprints (B0D832E4-1F89-4F0D-ACCF-7EB736FD4AA2): 10
LogDevObjectVersion:   Dev-Build (E1C64328-A22C-4D53-A36C-8E866417BD8C): 0
LogDevObjectVersion:   Dev-Core (375EC13C-06E4-48FB-B500-84F0262A717E): 2
LogDevObjectVersion:   Dev-Editor (E4B068ED-F494-42E9-A231-DA0B2E46BB41): 24
LogDevObjectVersion:   Dev-Framework (CFFC743F-43B0-4480-9391-14DF171D2073): 34
LogDevObjectVersion:   Dev-Mobile (B02B49B5-BB20-44E9-A304-32B752E40360): 2
LogDevObjectVersion:   Dev-Networking (A4E4105C-59A1-49B5-A7C5-40C4547EDFEE): 0
LogDevObjectVersion:   Dev-Online (39C831C9-5AE6-47DC-9A44-9C173E1C8E7C): 0
LogDevObjectVersion:   Dev-Physics (78F01B33-EBEA-4F98-B9B4-84EACCB95AA2): 0
LogDevObjectVersion:   Dev-Platform (6631380F-2D4D-43E0-8009-CF276956A95A): 0
LogDevObjectVersion:   Dev-Rendering (12F88B9F-8875-4AFC-A67C-D90C383ABD29): 26
LogDevObjectVersion:   Dev-Sequencer (7B5AE74C-D270-4C10-A958-57980B212A5A): 9
LogDevObjectVersion:   Dev-VR (D7296918-1DD6-4BDD-9DE2-64A83CC13884): 2
LogDevObjectVersion:   Dev-LoadTimes (C2A15278-BFE7-4AFE-6C17-90FF531DF755): 1
LogDevObjectVersion:   Private-Geometry (6EACA3D4-40EC-4CC1-B786-8BED09428FC5): 3
LogDevObjectVersion:   Dev-AnimPhys (29E575DD-E0A3-4627-9D10-D276232CDCEA): 17
LogDevObjectVersion:   Dev-ReflectionCapture (6B266CEC-1EC7-4B8F-A30B-E4D90942FC07): 1
LogDevObjectVersion:   Dev-Automation (0DF73D61-A23F-47EA-B727-89E90C41499A): 1
LogDevObjectVersion:   FortniteMain (601D1886-AC64-4F84-AA16-D3DE0DEAC7D6): 12
LogDevObjectVersion:   Dev-Enterprise (9DFFBCD6-494F-0158-E221-12823C92A888): 1
LogStreaming: Display: Took  0.002s to delete old logs.
LogInit: Presizing for max 8388607 objects, including 0 objects not considered by GC, pre-allocating 0 bytes for permanent pool.
LogInit: Object subsystem initialized
[2018.10.05-04.09.53:610][  0]LogInit: Selected Device Profile: [Windows]
[2018.10.05-04.09.53:611][  0]LogInit: Applying CVar settings loaded from the selected device profile: [Windows]
[2018.10.05-04.09.53:645][  0]LogHAL: Display: Platform has ~ 16 GB [17160523776 / 17179869184 / 16], which maps to Larger [LargestMinGB=32, LargerMinGB=12, DefaultMinGB=8, SmallerMinGB=6, SmallestMinGB=0)
[2018.10.05-04.09.53:645][  0]LogInit: Setting Device Profile CVar: [[r.Vulkan.UseRealUBs:1]]
[2018.10.05-04.09.53:645][  0]LogInit: Going up to parent DeviceProfile []
[2018.10.05-04.09.53:653][  0]LogInit: Computer: PETEPC
[2018.10.05-04.09.53:653][  0]LogInit: User: Peter
[2018.10.05-04.09.53:653][  0]LogInit: CPU Page size=4096, Cores=2
[2018.10.05-04.09.53:653][  0]LogInit: High frequency timer resolution =3.727432 MHz
[2018.10.05-04.09.53:654][  0]LogMemory: Memory total: Physical=16.0GB (16GB approx)
[2018.10.05-04.09.53:654][  0]LogMemory: Platform Memory Stats for Windows
[2018.10.05-04.09.53:654][  0]LogMemory: Process Physical Memory: 98.13 MB used, 98.13 MB peak
[2018.10.05-04.09.53:654][  0]LogMemory: Process Virtual Memory: 83.97 MB used, 83.97 MB peak
[2018.10.05-04.09.53:654][  0]LogMemory: Physical Memory: 3613.61 MB used,  12751.95 MB free, 16365.55 MB total
[2018.10.05-04.09.53:654][  0]LogMemory: Virtual Memory: 468.17 MB used,  12751.95 MB free, 134217728.00 MB total
[2018.10.05-04.09.53:929][  0]LogInit: Using OS detected language (en-GB).
[2018.10.05-04.09.53:929][  0]LogInit: Using OS detected locale (en-US).
[2018.10.05-04.09.53:931][  0]LogTextLocalizationManager: No specific localization for 'en-GB' exists, so the 'en' localization will be used.
[2018.10.05-04.09.54:580][  0]LogStreaming: Display: Took  0.650s to InitEngineTextLocalization.
[2018.10.05-04.09.54:581][  0]LogInit: Setting process to per monitor DPI aware
[2018.10.05-04.09.54:701][  0]LogSlate: New Slate User Created.  User Index 0, Is Virtual User: 0
[2018.10.05-04.09.54:701][  0]LogSlate: Slate User Registered.  User Index 0, Is Virtual User: 0
[2018.10.05-04.09.58:466][  0]LogHMD: Failed to initialize OpenVR with code 110
[2018.10.05-04.09.58:466][  0]LogD3D11RHI: D3D11 adapters:
[2018.10.05-04.09.58:514][  0]LogD3D11RHI:    0. 'NVIDIA GeForce GTX 970' (Feature Level 11_0)
[2018.10.05-04.09.58:514][  0]LogD3D11RHI:       3992/0/8182 MB DedicatedVideo/DedicatedSystem/SharedSystem, Outputs:2, VendorId:0x10de
[2018.10.05-04.09.58:515][  0]LogD3D11RHI:    1. 'Microsoft Basic Render Driver' (Feature Level 11_0)
[2018.10.05-04.09.58:515][  0]LogD3D11RHI:       0/0/256 MB DedicatedVideo/DedicatedSystem/SharedSystem, Outputs:0, VendorId:0x1414
[2018.10.05-04.09.58:515][  0]LogD3D11RHI: Chosen D3D11 Adapter: 0
[2018.10.05-04.09.58:522][  0]LogD3D11RHI: Creating new Direct3DDevice
[2018.10.05-04.09.58:522][  0]LogD3D11RHI:     GPU DeviceId: 0x13c2 (for the marketing name, search the web for "GPU Device Id")
[2018.10.05-04.09.58:522][  0]LogWindows: EnumDisplayDevices:
[2018.10.05-04.09.58:522][  0]LogWindows:    0. 'NVIDIA GeForce GTX 970' (P:0 D:1)
[2018.10.05-04.09.58:522][  0]LogWindows:    1. 'NVIDIA GeForce GTX 970' (P:1 D:1)
[2018.10.05-04.09.58:522][  0]LogWindows:    2. 'NVIDIA GeForce GTX 970' (P:0 D:0)
[2018.10.05-04.09.58:522][  0]LogWindows:    3. 'NVIDIA GeForce GTX 970' (P:0 D:0)
[2018.10.05-04.09.58:523][  0]LogWindows: DebugString: FoundDriverCount:4 
[2018.10.05-04.09.58:523][  0]LogD3D11RHI:     Adapter Name: NVIDIA GeForce GTX 970
[2018.10.05-04.09.58:523][  0]LogD3D11RHI:   Driver Version: 391.35 (internal:23.21.13.9135, unified:391.35)
[2018.10.05-04.09.58:523][  0]LogD3D11RHI:      Driver Date: 3-23-2018
[2018.10.05-04.09.58:523][  0]LogRHI: Texture pool is 2794 MB (70% of 3992 MB)
[2018.10.05-04.09.58:557][  0]LogD3D11RHI: Async texture creation enabled
[2018.10.05-04.09.58:587][  0]LogD3D11RHI: GPU Timing Frequency: 1000.000000 (Debug: 2 2)
[2018.10.05-04.09.58:642][  0]LogShaderCompilers: Guid format shader working directory is -20 characters bigger than the processId version (../../../../../../Users/Peter/Documents/Unreal Projects/FPSProject/Intermediate/Shaders/WorkingDirectory/5868/).
[2018.10.05-04.09.58:642][  0]LogShaderCompilers: Cleaned the shader compiler working directory 'C:/Users/Peter/AppData/Local/Temp/UnrealShaderWorkingDir/0E95050D45A742F4CAAB7D8D7E19F186/'.
[2018.10.05-04.09.59:595][  0]LogTemp: Display: Loaded TP AllDesktopTargetPlatform
[2018.10.05-04.09.59:639][  0]LogTemp: Display: Loaded TP MacClientTargetPlatform
[2018.10.05-04.09.59:685][  0]LogTemp: Display: Loaded TP MacNoEditorTargetPlatform
[2018.10.05-04.09.59:729][  0]LogTemp: Display: Loaded TP MacServerTargetPlatform
[2018.10.05-04.09.59:785][  0]LogTemp: Display: Loaded TP MacTargetPlatform
[2018.10.05-04.09.59:834][  0]LogTemp: Display: Loaded TP WindowsClientTargetPlatform
[2018.10.05-04.09.59:884][  0]LogTemp: Display: Loaded TP WindowsNoEditorTargetPlatform
[2018.10.05-04.09.59:935][  0]LogTemp: Display: Loaded TP WindowsServerTargetPlatform
[2018.10.05-04.09.59:971][  0]LogTemp: Display: Loaded TP WindowsTargetPlatform
[2018.10.05-04.10.00:179][  0]LogTemp: Display: Loaded TP AndroidTargetPlatform
[2018.10.05-04.10.00:179][  0]LogTemp: Display: Loaded TP AndroidTargetPlatform
[2018.10.05-04.10.00:179][  0]LogTemp: Display: Loaded TP AndroidTargetPlatform
[2018.10.05-04.10.00:179][  0]LogTemp: Display: Loaded TP AndroidTargetPlatform
[2018.10.05-04.10.00:179][  0]LogTemp: Display: Loaded TP AndroidTargetPlatform
[2018.10.05-04.10.00:179][  0]LogTemp: Display: Loaded TP AndroidTargetPlatform
[2018.10.05-04.10.00:179][  0]LogTemp: Display: Loaded TP AndroidTargetPlatform
[2018.10.05-04.10.00:179][  0]LogTemp: Display: Loaded TP AndroidTargetPlatform
[2018.10.05-04.10.00:179][  0]LogTemp: Display: Loaded TP AndroidTargetPlatform
[2018.10.05-04.10.00:179][  0]LogTemp: Display: Loaded TP AndroidTargetPlatform
[2018.10.05-04.10.00:179][  0]LogTemp: Display: Loaded TP AndroidTargetPlatform
[2018.10.05-04.10.00:179][  0]LogTemp: Display: Loaded TP AndroidTargetPlatform
[2018.10.05-04.10.00:179][  0]LogTemp: Display: Loaded TP AndroidTargetPlatform
[2018.10.05-04.10.00:179][  0]LogTemp: Display: Loaded TP AndroidTargetPlatform
[2018.10.05-04.10.00:179][  0]LogTemp: Display: Loaded TP AndroidTargetPlatform
[2018.10.05-04.10.00:179][  0]LogTemp: Display: Loaded TP AndroidTargetPlatform
[2018.10.05-04.10.00:179][  0]LogTemp: Display: Loaded TP AndroidTargetPlatform
[2018.10.05-04.10.00:180][  0]LogTemp: Display: Loaded TP AndroidTargetPlatform
[2018.10.05-04.10.00:200][  0]LogTemp: Display: Loaded TP HTML5TargetPlatform
[2018.10.05-04.10.00:339][  0]LogTemp: Display: Loaded TP IOSTargetPlatform
[2018.10.05-04.10.00:339][  0]LogTemp: Display: Loaded TP IOSTargetPlatform
[2018.10.05-04.10.00:395][  0]LogTemp: Display: Loaded TP TVOSTargetPlatform
[2018.10.05-04.10.00:395][  0]LogTemp: Display: Loaded TP TVOSTargetPlatform
[2018.10.05-04.10.00:441][  0]LogTemp: Display: Loaded TP LinuxClientTargetPlatform
[2018.10.05-04.10.00:481][  0]LogTemp: Display: Loaded TP LinuxNoEditorTargetPlatform
[2018.10.05-04.10.00:520][  0]LogTemp: Display: Loaded TP LinuxServerTargetPlatform
[2018.10.05-04.10.00:569][  0]LogTemp: Display: Loaded TP LinuxTargetPlatform
[2018.10.05-04.10.00:599][  0]LogTemp: Display: Loaded TP LuminTargetPlatform
[2018.10.05-04.10.00:599][  0]LogTargetPlatformManager: Display: Building Assets For Windows
[2018.10.05-04.10.01:042][  0]LogXGEController: Cleaning working directory: C:/Users/Peter/AppData/Local/Temp/UnrealXGEWorkingDir/
[2018.10.05-04.10.01:043][  0]LogXGEController: Cannot use XGE Controller as Incredibuild is not installed on this machine.
[2018.10.05-04.10.01:043][  0]LogShaderCompilers: Cannot use XGE Shader Compiler as Incredibuild is not installed on this machine.
[2018.10.05-04.10.01:043][  0]LogShaderCompilers: Display: Using Local Shader Compiler.
[2018.10.05-04.10.03:828][  0]LogDerivedDataCache: Display: Max Cache Size: 512 MB
[2018.10.05-04.10.04:345][  0]LogDerivedDataCache: Loaded boot cache 0.52s 71MB C:/Users/Peter/AppData/Local/UnrealEngine/4.20/DerivedDataCache/Boot.ddc.
[2018.10.05-04.10.04:346][  0]LogDerivedDataCache: Display: Loaded Boot cache: C:/Users/Peter/AppData/Local/UnrealEngine/4.20/DerivedDataCache/Boot.ddc
[2018.10.05-04.10.04:346][  0]LogDerivedDataCache: FDerivedDataBackendGraph:  Pak pak cache file ../../../../../../Users/Peter/Documents/Unreal Projects/FPSProject/DerivedDataCache/DDC.ddp not found, will not use a pak cache.
[2018.10.05-04.10.04:346][  0]LogDerivedDataCache: Unable to find inner node Pak for hierarchical cache Hierarchy.
[2018.10.05-04.10.04:346][  0]LogDerivedDataCache: FDerivedDataBackendGraph:  CompressedPak pak cache file ../../../../../../Users/Peter/Documents/Unreal Projects/FPSProject/DerivedDataCache/Compressed.ddp not found, will not use a pak cache.
[2018.10.05-04.10.04:346][  0]LogDerivedDataCache: Unable to find inner node CompressedPak for hierarchical cache Hierarchy.
[2018.10.05-04.10.04:380][  0]LogDerivedDataCache: Display: Pak cache opened for reading ../../../Engine/DerivedDataCache/Compressed.ddp.
[2018.10.05-04.10.04:393][  0]LogDerivedDataCache: Using Local data cache path C:/Users/Peter/AppData/Local/UnrealEngine/Common/DerivedDataCache: Writable
[2018.10.05-04.10.04:393][  0]LogDerivedDataCache: Shared data cache path not found in *engine.ini, will not use an Shared cache.
[2018.10.05-04.10.04:393][  0]LogDerivedDataCache: Unable to find inner node Shared for hierarchical cache Hierarchy.
[2018.10.05-04.10.04:426][  0]LogMaterial: Verifying Global Shaders for PCD3D_SM5
[2018.10.05-04.10.04:432][  0]LogSlate: Using FreeType 2.6.0
[2018.10.05-04.10.04:452][  0]LogSlate: SlateFontServices - WITH_FREETYPE: 1, WITH_HARFBUZZ: 1
[2018.10.05-04.10.04:738][  0]LogAssetRegistry: FAssetRegistry took 0.0315 seconds to start up
[2018.10.05-04.10.05:465][  0]LogInit: Selected Device Profile: [Windows]
[2018.10.05-04.10.05:988][  0]LogSimplygon: Simplygon DLL not present - disabling.
[2018.10.05-04.10.06:038][  0]LogMeshReduction: Using SimplygonSwarm for distributed automatic mesh merging
[2018.10.05-04.10.06:038][  0]LogMeshReduction: Using ProxyLODMeshReduction for automatic mesh merging
[2018.10.05-04.10.06:039][  0]LogMeshReduction: Using QuadricMeshReduction for automatic static mesh reduction
[2018.10.05-04.10.06:039][  0]LogMeshReduction: No automatic skeletal mesh reduction module available
[2018.10.05-04.10.06:118][  0]LogNetVersion: FPSProject 1.0.0, NetCL: 4212847, EngineNetVer: 5, GameNetVer: 0 (Checksum: 131968215)
[2018.10.05-04.10.07:801][  0]LogPackageLocalizationCache: Processed 11 localized package path(s) for 2 prioritized culture(s) in 0.174187 seconds
[2018.10.05-04.10.07:811][  0]LogUObjectArray: 38425 objects as part of root set at end of initial load.
[2018.10.05-04.10.07:811][  0]LogUObjectAllocator: 6690872 out of 0 bytes used by permanent object pool.
[2018.10.05-04.10.07:811][  0]LogUObjectArray: CloseDisregardForGC: 0/0 objects in disregard for GC pool
[2018.10.05-04.10.12:389][  0]LogTcpMessaging: Initializing TcpMessaging bridge
[2018.10.05-04.10.12:420][  0]LogUdpMessaging: Initializing bridge on interface 0.0.0.0:0 to multicast group 230.0.0.1:6666.
[2018.10.05-04.10.13:052][  0]SourceControl: Source control is disabled
[2018.10.05-04.10.13:053][  0]SourceControl: Source control is disabled
[2018.10.05-04.10.13:081][  0]SourceControl: Source control is disabled
[2018.10.05-04.10.13:102][  0]SourceControl: Source control is disabled
[2018.10.05-04.10.14:007][  0]LogAndroidPermission: UAndroidPermissionCallbackProxy::GetInstance
[2018.10.05-04.10.14:174][  0]LogOcInput: OculusInput pre-init called
[2018.10.05-04.10.14:386][  0]LogEngine: Initializing Engine...
[2018.10.05-04.10.14:389][  0]LogHMD: Failed to initialize OpenVR with code 110
[2018.10.05-04.10.14:393][  0]LogStats: UGameplayTagsManager::ConstructGameplayTagTree: ImportINI prefixes -  0.001 s
[2018.10.05-04.10.14:393][  0]LogStats: UGameplayTagsManager::ConstructGameplayTagTree: Construct from data asset -  0.000 s
[2018.10.05-04.10.14:393][  0]LogStats: UGameplayTagsManager::ConstructGameplayTagTree: ImportINI -  0.000 s
[2018.10.05-04.10.14:393][  0]LogStats: UGameplayTagsManager::ConstructGameplayTagTree: GameplayTagTreeChangedEvent.Broadcast -  0.000 s
[2018.10.05-04.10.14:971][  0]LogInit: Initializing FReadOnlyCVARCache
[2018.10.05-04.10.15:040][  0]LogAIModule: Creating AISystem for world Untitled
[2018.10.05-04.10.15:061][  0]LogInit: XAudio2 using 'Speakers (2- High Definition Audio Device)' : 2 channels at 44.1 kHz using 16 bits per sample (channel mask 0x3)
[2018.10.05-04.10.15:082][  0]LogInit: FAudioDevice initialized.
[2018.10.05-04.10.15:082][  0]LogNetVersion: Set ProjectVersion to 1.0.0.0. Version Checksum will be recalculated on next use.
[2018.10.05-04.10.15:274][  0]LogDerivedDataCache: Saved boot cache 0.19s 71MB C:/Users/Peter/AppData/Local/UnrealEngine/4.20/DerivedDataCache/Boot.ddc.
[2018.10.05-04.10.15:294][  0]LogInit: Texture streaming: Enabled
[2018.10.05-04.10.15:387][  0]LogEngineSessionManager: EngineSessionManager initialized
[2018.10.05-04.10.15:429][  0]LogInit: Transaction tracking system initialized
[2018.10.05-04.10.15:582][  0]BlueprintLog: New page: Editor Load
[2018.10.05-04.10.16:216][  0]LocalizationService: Localization service is disabled
[2018.10.05-04.10.17:269][  0]LogFileCache: Scanning file cache for directory 'C:/Users/Peter/Documents/Unreal Projects/FPSProject/Content/' took 0.02s
[2018.10.05-04.10.17:269][  0]LogCook: Display: Max memory allowance for cook 16384mb min free memory 0mb
[2018.10.05-04.10.17:270][  0]LogCook: Display: Mobile HDR setting 1
[2018.10.05-04.10.17:270][  0]LogGameplayTags: Display: UGameplayTagsManager::DoneAddingNativeTags. DelegateIsBound: 0
[2018.10.05-04.10.17:270][  0]LogStats: UGameplayTagsManager::ConstructGameplayTagTree: ImportINI prefixes -  0.000 s
[2018.10.05-04.10.17:270][  0]LogStats: UGameplayTagsManager::ConstructGameplayTagTree: Construct from data asset -  0.000 s
[2018.10.05-04.10.17:270][  0]LogStats: UGameplayTagsManager::ConstructGameplayTagTree: ImportINI -  0.000 s
[2018.10.05-04.10.17:270][  0]LogStats: UGameplayTagsManager::ConstructGameplayTagTree: GameplayTagTreeChangedEvent.Broadcast -  0.000 s
[2018.10.05-04.10.18:054][  0]SourceControl: Source control is disabled
[2018.10.05-04.10.18:055][  0]Cmd: MAP LOAD FILE="../../../../../../Users/Peter/Documents/Unreal Projects/FPSProject/Content/Maps/FPSMap.umap" TEMPLATE=0 SHOWPROGRESS=1 FEATURELEVEL=3
[2018.10.05-04.10.18:057][  0]LightingResults: New page: Lighting Build
[2018.10.05-04.10.18:066][  0]MapCheck: New page: Map Check
[2018.10.05-04.10.18:066][  0]LightingResults: New page: Lighting Build
[2018.10.05-04.10.18:527][  0]LogAIModule: Creating AISystem for world FPSMap
[2018.10.05-04.10.18:556][  0]LogEditorServer: Finished looking for orphan Actors (0.000 secs)
[2018.10.05-04.10.18:600][  0]Cmd: MAP CHECKDEP NOCLEARLOG
[2018.10.05-04.10.18:678][  0]MapCheck: Map check complete: 0 Error(s), 0 Warning(s), took 77.908ms to complete.
[2018.10.05-04.10.18:678][  0]LogFileHelpers: Loading map 'FPSMap' took 0.623
[2018.10.05-04.10.18:888][  0]LogSlate: Updating window title bar state: overlay mode, drag disabled, window buttons hidden, title bar hidden
[2018.10.05-04.10.18:900][  0]LogSlate: Updating window title bar state: overlay mode, drag disabled, window buttons hidden, title bar hidden
[2018.10.05-04.10.18:911][  0]LogSlate: Updating window title bar state: overlay mode, drag disabled, window buttons hidden, title bar hidden
[2018.10.05-04.10.18:922][  0]LogSlate: Updating window title bar state: overlay mode, drag disabled, window buttons hidden, title bar hidden
[2018.10.05-04.10.18:953][  0]LogCollectionManager: Loaded 0 collections in 0.001916 seconds
[2018.10.05-04.10.19:012][  0]LogFileCache: Scanning file cache for directory 'C:/Users/Peter/Documents/Unreal Projects/FPSProject/Saved/Collections/' took 0.01s
[2018.10.05-04.10.19:012][  0]LogFileCache: Scanning file cache for directory 'C:/Users/Peter/Documents/Unreal Projects/FPSProject/Content/Developers/Peter/Collections/' took 0.01s
[2018.10.05-04.10.19:012][  0]LogFileCache: Scanning file cache for directory 'C:/Users/Peter/Documents/Unreal Projects/FPSProject/Content/Collections/' took 0.01s
[2018.10.05-04.10.19:012][  0]LogCollectionManager: Rebuilt the GUID cache for 0 collections in 0.000000 seconds
[2018.10.05-04.10.19:032][  0]LogContentBrowser: Native class hierarchy populated in 0.0197 seconds. Added 2575 classes and 605 folders.
[2018.10.05-04.10.19:042][  0]LogContentBrowser: Native class hierarchy updated for 'WidgetCarousel' in 0.0004 seconds. Added 0 classes and 0 folders.
[2018.10.05-04.10.19:538][  0]LogContentBrowser: Native class hierarchy updated for 'AddContentDialog' in 0.0004 seconds. Added 0 classes and 0 folders.
[2018.10.05-04.10.19:568][  0]LogContentBrowser: Native class hierarchy updated for 'SceneOutliner' in 0.0005 seconds. Added 1 classes and 2 folders.
[2018.10.05-04.10.19:636][  0]LogSlate: Took 0.007648 seconds to synchronously load lazily loaded font '../../../Engine/Content/Slate/Fonts/Roboto-Regular.ttf' (155K)
[2018.10.05-04.10.19:646][  0]LogSlate: Took 0.007110 seconds to synchronously load lazily loaded font '../../../Engine/Content/Slate/Fonts/Roboto-Bold.ttf' (160K)
[2018.10.05-04.10.19:663][  0]LogSlate: Took 0.006930 seconds to synchronously load lazily loaded font '../../../Engine/Content/Editor/Slate/Fonts/FontAwesome.ttf' (139K)
[2018.10.05-04.10.19:870][  0]LogRenderer: Reallocating scene render targets to support 1208x576 Format 10 NumSamples 1 (Frame:1).
[2018.10.05-04.10.20:087][  0]LogContentBrowser: Native class hierarchy updated for 'HierarchicalLODOutliner' in 0.0005 seconds. Added 0 classes and 0 folders.
[2018.10.05-04.10.20:087][  0]LogLoad: (Engine Initialization) Total time: 32.19 seconds
[2018.10.05-04.10.20:087][  0]LogLoad: (Engine Initialization) Total Blueprint compile time: 0.00 seconds
[2018.10.05-04.10.20:127][  0]LogContentStreaming: Texture pool size now 1000 MB
[2018.10.05-04.10.20:263][  2]LogAssetRegistry: Asset discovery search completed in 15.5477 seconds
[2018.10.05-04.10.20:266][  2]LogCollectionManager: Rebuilt the object cache for 0 collections in 0.000000 seconds (found 0 objects)
[2018.10.05-04.10.20:266][  2]LogCollectionManager: Fixed up redirectors for 0 collections in 0.000086 seconds (updated 0 objects)
[2018.10.05-04.10.24:278][ 14]LogSlate: Took 0.010890 seconds to synchronously load lazily loaded font '../../../Engine/Content/Slate/Fonts/Roboto-Light.ttf' (167K)
[2018.10.05-04.12.18:711][356]LogSlate: FSceneViewport::OnFocusLost() reason 2
[2018.10.05-04.13.35:210][490]LogSlate: FSceneViewport::OnFocusLost() reason 2
[2018.10.05-04.13.40:331][ 39]LogSlate: FSceneViewport::OnFocusLost() reason 2
[2018.10.05-04.13.41:160][136]LogSlate: FSceneViewport::OnFocusLost() reason 2
[2018.10.05-04.13.43:037][359]LogSlate: FSceneViewport::OnFocusLost() reason 2
[2018.10.05-04.13.44:646][359]LogSlate: Only BGRA pngs, bmps or icos are supported in by External Image Picker
[2018.10.05-04.13.44:750][360]LogTemp: Executing iPhonePackager certificates Engine -bundlename com.YourCompany.FPSProject
[2018.10.05-04.13.44:750][360]LogTemp: CWD: C:\Program Files\Epic Games\UE_4.20\Engine\Binaries\DotNET\IOS
[2018.10.05-04.13.44:750][360]LogTemp: Initial Dir: C:\Program Files\Epic Games\UE_4.20
[2018.10.05-04.13.44:750][360]LogTemp: Env CWD: C:\Program Files\Epic Games\UE_4.20\Engine\Binaries\DotNET\IOS
[2018.10.05-04.13.44:751][360]LogTemp: BranchPath = PETEPC/C/Program Files/Epic Games/UE_4.20/Engine/Binaries --- GameBranchPath = PETEPC/C/Program Files/Epic Games/UE_4.20/Engine/Binaries
[2018.10.05-04.13.44:778][361]LogTemp: IPP ERROR: Could not find provision directory 'C:\Users\Peter\AppData\Local/Apple Computer/MobileDevice/Provisioning Profiles/'.
[2018.10.05-04.14.20:057][ 97]LogSlate: Window 'New Channel' being destroyed
[2018.10.05-04.14.27:020][372]LogSlate: FSceneViewport::OnFocusLost() reason 0
[2018.10.05-04.14.47:558][535]LogSlate: Window 'Edit Channel' being destroyed
[2018.10.05-04.14.48:780][679]LogSlate: FSceneViewport::OnFocusLost() reason 0
[2018.10.05-04.15.37:960][890]LogSlate: Window 'New Profile' being destroyed
[2018.10.05-04.19.49:435][452]LogHotReload: New module detected: UE4Editor-FPSProject-8873.dll
[2018.10.05-04.19.51:124][458]LogHotReload: Starting Hot-Reload from IDE
[2018.10.05-04.19.51:140][458]LogSlate: Took 0.000289 seconds to synchronously load lazily loaded font '../../../Engine/Content/Slate/Fonts/Roboto-Light.ttf' (167K)
[2018.10.05-04.19.51:243][458]LogHotReload: Re-instancing FPSProjectile after hot-reload.
[2018.10.05-04.19.51:319][458]LogContentBrowser: Native class hierarchy updated for 'FPSProject' in 0.0006 seconds. Added 3 classes and 2 folders.
[2018.10.05-04.19.51:323][458]Display: HotReload successful (5 functions remapped  0 scriptstructs remapped)
[2018.10.05-04.19.51:448][458]LogContentBrowser: Native class hierarchy populated in 0.0169 seconds. Added 2576 classes and 607 folders.
[2018.10.05-04.19.51:464][458]Display: HotReload took  0.3s.
[2018.10.05-04.19.51:498][458]LogSlate: FSceneViewport::OnFocusLost() reason 2
[2018.10.05-04.19.56:934][475]LogSlate: Window 'Project Settings' being destroyed
[2018.10.05-04.19.56:935][475]LogSlate: Window 'Project Settings' being destroyed
[2018.10.05-04.19.58:515][546]LogEditorViewport: Clicking on Actor (LMB): BP_Sky_Sphere_C (Sky Sphere)
[2018.10.05-04.19.59:292][623]LogSlate: FSceneViewport::OnFocusLost() reason 0
[2018.10.05-04.19.59:342][629]LogTemp: Repeating last play command: Selected Viewport
[2018.10.05-04.19.59:369][629]LogPlayLevel: PlayLevel: No blueprints needed recompiling
[2018.10.05-04.19.59:385][629]PIE: New page: PIE session: FPSMap (Oct 4, 2018, 6:19:59 PM)
[2018.10.05-04.19.59:385][629]LogPlayLevel: Creating play world package: /Game/Maps/UEDPIE_0_FPSMap
[2018.10.05-04.19.59:390][629]LogPlayLevel: PIE: StaticDuplicateObject took: (0.005102s)
[2018.10.05-04.19.59:391][629]LogAIModule: Creating AISystem for world FPSMap
[2018.10.05-04.19.59:391][629]LogPlayLevel: PIE: World Init took: (0.001379s)
[2018.10.05-04.19.59:391][629]LogPlayLevel: PIE: Created PIE world by copying editor world from /Game/Maps/FPSMap.FPSMap to /Game/Maps/UEDPIE_0_FPSMap.FPSMap (0.006662s)
[2018.10.05-04.19.59:431][629]LogInit: XAudio2 using 'Speakers (2- High Definition Audio Device)' : 2 channels at 44.1 kHz using 16 bits per sample (channel mask 0x3)
[2018.10.05-04.19.59:439][629]LogInit: FAudioDevice initialized.
[2018.10.05-04.19.59:872][629]LogLoad: Game class is 'BP_FPSProjectGameModeBase_C'
[2018.10.05-04.19.59:874][629]LogWorld: Bringing World /Game/Maps/UEDPIE_0_FPSMap.FPSMap up for play (max tick rate 0) at 2018.10.04-23.19.59
[2018.10.05-04.19.59:875][629]LogWorld: Bringing up level for play took: 0.000669
[2018.10.05-04.19.59:914][629]LogContentBrowser: Native class hierarchy updated for 'MovieSceneCapture' in 0.0005 seconds. Added 10 classes and 0 folders.
[2018.10.05-04.19.59:921][629]PIE: Play in editor start time for /Game/Maps/UEDPIE_0_FPSMap 0.789
[2018.10.05-04.20.11:245][974]LogSlate: Updating window title bar state: overlay mode, drag disabled, window buttons hidden, title bar hidden
[2018.10.05-04.20.11:278][974]LogPlayLevel: Display: Shutting down PIE online subsystems
[2018.10.05-04.20.11:318][974]LogSlate: Updating window title bar state: overlay mode, drag disabled, window buttons hidden, title bar hidden
[2018.10.05-04.20.11:350][976]LogPlayLevel: Display: Destroying online subsystem :Context_2
[2018.10.05-04.20.14:316][331]LogSlate: FSceneViewport::OnFocusLost() reason 0
[2018.10.05-04.20.14:408][342]LogTemp: Repeating last play command: Selected Viewport
[2018.10.05-04.20.14:433][342]LogPlayLevel: PlayLevel: No blueprints needed recompiling
[2018.10.05-04.20.14:433][342]PIE: New page: PIE session: FPSMap (Oct 4, 2018, 6:20:14 PM)
[2018.10.05-04.20.14:433][342]LogPlayLevel: Creating play world package: /Game/Maps/UEDPIE_0_FPSMap
[2018.10.05-04.20.14:436][342]LogPlayLevel: PIE: StaticDuplicateObject took: (0.002709s)
[2018.10.05-04.20.14:437][342]LogAIModule: Creating AISystem for world FPSMap
[2018.10.05-04.20.14:437][342]LogPlayLevel: PIE: World Init took: (0.001114s)
[2018.10.05-04.20.14:437][342]LogPlayLevel: PIE: Created PIE world by copying editor world from /Game/Maps/FPSMap.FPSMap to /Game/Maps/UEDPIE_0_FPSMap.FPSMap (0.003954s)
[2018.10.05-04.20.14:475][342]LogInit: XAudio2 using 'Speakers (2- High Definition Audio Device)' : 2 channels at 44.1 kHz using 16 bits per sample (channel mask 0x3)
[2018.10.05-04.20.14:483][342]LogInit: FAudioDevice initialized.
[2018.10.05-04.20.14:515][342]LogLoad: Game class is 'BP_FPSProjectGameModeBase_C'
[2018.10.05-04.20.14:516][342]LogWorld: Bringing World /Game/Maps/UEDPIE_0_FPSMap.FPSMap up for play (max tick rate 0) at 2018.10.04-23.20.14
[2018.10.05-04.20.14:516][342]LogWorld: Bringing up level for play took: 0.000734
[2018.10.05-04.20.14:530][342]PIE: Play in editor start time for /Game/Maps/UEDPIE_0_FPSMap -0.602
[2018.10.05-04.20.24:401][522]LogSlate: Updating window title bar state: overlay mode, drag disabled, window buttons hidden, title bar hidden
[2018.10.05-04.20.24:437][522]LogPlayLevel: Display: Shutting down PIE online subsystems
[2018.10.05-04.20.24:493][522]LogSlate: Updating window title bar state: overlay mode, drag disabled, window buttons hidden, title bar hidden
[2018.10.05-04.20.24:516][523]LogPlayLevel: Display: Destroying online subsystem :Context_5
[2018.10.05-04.30.14:580][466]LogHotReload: New module detected: UE4Editor-FPSProject-5463.dll
[2018.10.05-04.30.15:607][470]LogHotReload: Starting Hot-Reload from IDE
[2018.10.05-04.30.15:717][470]LogClass: Could not find existing class FPSProjectile in package /Script/FPSProject for HotReload, assuming new class
[2018.10.05-04.30.15:717][470]LogClass: Function OnHit is new.
[2018.10.05-04.30.15:724][470]LogHotReload: Re-instancing FPSProjectile after hot-reload.
[2018.10.05-04.30.15:880][470]LogContentBrowser: Native class hierarchy updated for 'FPSProject' in 0.0005 seconds. Added 3 classes and 2 folders.
[2018.10.05-04.30.15:884][470]Display: HotReload successful (5 functions remapped  0 scriptstructs remapped)
[2018.10.05-04.30.15:999][470]LogContentBrowser: Native class hierarchy populated in 0.0183 seconds. Added 2576 classes and 607 folders.
[2018.10.05-04.30.16:011][470]Display: HotReload took  0.4s.
[2018.10.05-04.30.19:692][481]LogEditorViewport: Clicking on Actor (LMB): BP_Sky_Sphere_C (Sky Sphere)
[2018.10.05-04.30.26:358][193]LogEditorViewport: Clicking on Actor (LMB): StaticMeshActor (Floor)
[2018.10.05-04.30.28:502][430]LogEditorViewport: Clicking on Actor (context menu): StaticMeshActor (Floor)
[2018.10.05-04.30.28:538][430]LogSlate: FSceneViewport::OnFocusLost() reason 2
[2018.10.05-04.30.35:199][ 79]Cmd: EDIT COPY
[2018.10.05-04.30.37:091][299]Cmd: EDIT PASTE
[2018.10.05-04.30.39:106][517]LogSlate: Took 0.007490 seconds to synchronously load lazily loaded font '../../../Engine/Content/Slate/Fonts/Roboto-Italic.ttf' (157K)
[2018.10.05-04.31.02:259][862]LogSlate: FSceneViewport::OnFocusLost() reason 0
[2018.10.05-04.31.19:234][625]LogSlate: FSceneViewport::OnFocusLost() reason 0
[2018.10.05-04.31.41:506][919]LogSlate: FSceneViewport::OnFocusLost() reason 0
[2018.10.05-04.31.53:936][288]LogSlate: FSceneViewport::OnFocusLost() reason 0
[2018.10.05-04.32.16:935][ 83]Cmd: OBJ SAVEPACKAGE PACKAGE="/Game/Maps/FPSMap" FILE="../../../../../../Users/Peter/Documents/Unreal Projects/FPSProject/Content/Maps/FPSMap.umap" SILENT=true AUTOSAVING=false KEEPDIRTY=false
[2018.10.05-04.32.17:033][ 83]LogSavePackage: Moving '../../../../../../Users/Peter/Documents/Unreal Projects/FPSProject/Saved/FPSMapC617850F4D26887ADB5FBEBFD432A636.tmp' to '../../../../../../Users/Peter/Documents/Unreal Projects/FPSProject/Content/Maps/FPSMap.umap'
[2018.10.05-04.32.17:101][ 83]Cmd: OBJ SAVEPACKAGE PACKAGE="/Game/Maps/FPSMap_BuiltData" FILE="../../../../../../Users/Peter/Documents/Unreal Projects/FPSProject/Content/Maps/FPSMap_BuiltData.uasset" SILENT=true
[2018.10.05-04.32.17:139][ 83]LogSavePackage: Moving '../../../../../../Users/Peter/Documents/Unreal Projects/FPSProject/Saved/FPSMap_BuiltData3631060849B31284BC334BB0934E7117.tmp' to '../../../../../../Users/Peter/Documents/Unreal Projects/FPSProject/Content/Maps/FPSMap_BuiltData.uasset'
[2018.10.05-04.32.21:391][528]LogAssetEditorManager: Opening Asset editor for Blueprint /Game/Blueprints/BP_FPSProjectile.BP_FPSProjectile
[2018.10.05-04.32.22:356][528]LogContentBrowser: Native class hierarchy updated for 'BlueprintGraph' in 0.0011 seconds. Added 116 classes and 0 folders.
[2018.10.05-04.32.23:653][528]LogSlate: Took 0.007131 seconds to synchronously load lazily loaded font '../../../Engine/Content/Slate/Fonts/Roboto-BoldCondensed.ttf' (158K)
[2018.10.05-04.32.52:953][648]LogRenderer: Reallocating scene render targets to support 1208x648 Format 10 NumSamples 1 (Frame:1).
[2018.10.05-04.33.20:809][694]LogSlate: FSceneViewport::OnFocusLost() reason 0
[2018.10.05-04.34.56:245][954]BlueprintLog: New page: Compile BP_FPSProjectile
[2018.10.05-04.34.57:988][ 78]LogSlate: Window 'BP_FPSProjectile' being destroyed
[2018.10.05-04.34.57:991][ 78]LogSlate: Window 'BP_FPSProjectile' being destroyed
[2018.10.05-04.35.03:136][169]LogTemp: Repeating last play command: Selected Viewport
[2018.10.05-04.35.03:170][169]LogPlayLevel: PlayLevel: No blueprints needed recompiling
[2018.10.05-04.35.03:170][169]PIE: New page: PIE session: FPSMap (Oct 4, 2018, 6:35:03 PM)
[2018.10.05-04.35.03:170][169]LogPlayLevel: Creating play world package: /Game/Maps/UEDPIE_0_FPSMap
[2018.10.05-04.35.03:173][169]LogPlayLevel: PIE: StaticDuplicateObject took: (0.002951s)
[2018.10.05-04.35.03:174][169]LogAIModule: Creating AISystem for world FPSMap
[2018.10.05-04.35.03:174][169]LogPlayLevel: PIE: World Init took: (0.001341s)
[2018.10.05-04.35.03:174][169]LogPlayLevel: PIE: Created PIE world by copying editor world from /Game/Maps/FPSMap.FPSMap to /Game/Maps/UEDPIE_0_FPSMap.FPSMap (0.004468s)
[2018.10.05-04.35.03:226][169]LogInit: XAudio2 using 'Speakers (2- High Definition Audio Device)' : 2 channels at 44.1 kHz using 16 bits per sample (channel mask 0x3)
[2018.10.05-04.35.03:234][169]LogInit: FAudioDevice initialized.
[2018.10.05-04.35.03:265][169]LogLoad: Game class is 'BP_FPSProjectGameModeBase_C'
[2018.10.05-04.35.03:266][169]LogWorld: Bringing World /Game/Maps/UEDPIE_0_FPSMap.FPSMap up for play (max tick rate 0) at 2018.10.04-23.35.03
[2018.10.05-04.35.03:266][169]LogWorld: Bringing up level for play took: 0.000682
[2018.10.05-04.35.03:280][169]PIE: Play in editor start time for /Game/Maps/UEDPIE_0_FPSMap 0.149
[2018.10.05-04.35.11:834][190]LogSlate: Updating window title bar state: overlay mode, drag disabled, window buttons hidden, title bar hidden
[2018.10.05-04.35.11:871][190]LogPlayLevel: Display: Shutting down PIE online subsystems
[2018.10.05-04.35.11:921][190]LogSlate: Updating window title bar state: overlay mode, drag disabled, window buttons hidden, title bar hidden
[2018.10.05-04.35.11:948][191]LogPlayLevel: Display: Destroying online subsystem :Context_8
[2018.10.05-04.35.22:653][596]LogEditorViewport: Clicking on Actor (LMB): StaticMeshActor (Floor2)
[2018.10.05-04.35.32:507][697]LogSlate: FSceneViewport::OnFocusLost() reason 0
[2018.10.05-04.35.32:651][709]LogAssetEditorManager: Opening Asset editor for Blueprint /Game/Blueprints/BP_FPSProjectile.BP_FPSProjectile
[2018.10.05-04.35.39:462][186]LogSlate: Window 'BP_FPSProjectile' being destroyed
[2018.10.05-04.35.39:467][186]LogSlate: Window 'BP_FPSProjectile' being destroyed
[2018.10.05-04.36.11:661][567]LogTemp: Repeating last play command: Selected Viewport
[2018.10.05-04.36.11:694][567]LogPlayLevel: PlayLevel: No blueprints needed recompiling
[2018.10.05-04.36.11:695][567]PIE: New page: PIE session: FPSMap (Oct 4, 2018, 6:36:11 PM)
[2018.10.05-04.36.11:695][567]LogPlayLevel: Creating play world package: /Game/Maps/UEDPIE_0_FPSMap
[2018.10.05-04.36.11:698][567]LogPlayLevel: PIE: StaticDuplicateObject took: (0.002998s)
[2018.10.05-04.36.11:698][567]LogAIModule: Creating AISystem for world FPSMap
[2018.10.05-04.36.11:699][567]LogPlayLevel: PIE: World Init took: (0.001123s)
[2018.10.05-04.36.11:699][567]LogPlayLevel: PIE: Created PIE world by copying editor world from /Game/Maps/FPSMap.FPSMap to /Game/Maps/UEDPIE_0_FPSMap.FPSMap (0.004263s)
[2018.10.05-04.36.11:750][567]LogInit: XAudio2 using 'Speakers (2- High Definition Audio Device)' : 2 channels at 44.1 kHz using 16 bits per sample (channel mask 0x3)
[2018.10.05-04.36.11:758][567]LogInit: FAudioDevice initialized.
[2018.10.05-04.36.11:791][567]LogLoad: Game class is 'BP_FPSProjectGameModeBase_C'
[2018.10.05-04.36.11:792][567]LogWorld: Bringing World /Game/Maps/UEDPIE_0_FPSMap.FPSMap up for play (max tick rate 0) at 2018.10.04-23.36.11
[2018.10.05-04.36.11:793][567]LogWorld: Bringing up level for play took: 0.000847
[2018.10.05-04.36.11:807][567]PIE: Play in editor start time for /Game/Maps/UEDPIE_0_FPSMap 0.676
[2018.10.05-04.36.15:725][ 32]LogSlate: Updating window title bar state: overlay mode, drag disabled, window buttons hidden, title bar hidden
[2018.10.05-04.36.15:761][ 32]LogPlayLevel: Display: Shutting down PIE online subsystems
[2018.10.05-04.36.15:804][ 32]LogSlate: Updating window title bar state: overlay mode, drag disabled, window buttons hidden, title bar hidden
[2018.10.05-04.36.15:829][ 33]LogPlayLevel: Display: Destroying online subsystem :Context_10
[2018.10.05-04.37.53:833][500]LogSlate: FSceneViewport::OnFocusLost() reason 0
[2018.10.05-04.37.54:235][500]LogSlate: Window 'FPSProject - Unreal Editor' being destroyed
[2018.10.05-04.37.54:236][500]LogWindowsTextInputMethodSystem: Display: IME system now deactivated.
[2018.10.05-04.37.54:439][501]Cmd: QUIT_EDITOR
[2018.10.05-04.37.55:342][501]LogExit: Preparing to exit.
[2018.10.05-04.37.56:085][501]LogExit: Editor shut down
[2018.10.05-04.37.56:086][501]LogExit: Transaction tracking system shut down
[2018.10.05-04.37.56:394][501]LogExit: Object subsystem successfully closed.
[2018.10.05-04.37.56:409][501]LogShaderCompilers: Display: Shaders left to compile 0
[2018.10.05-04.37.56:413][501]LogD3D11RHI: Shutdown
[2018.10.05-04.37.56:413][501]LogD3D11RHI: CleanupD3DDevice
[2018.10.05-04.37.56:417][501]LogD3D11RHI: ~FD3D11DynamicRHI
[2018.10.05-04.37.56:443][501]LogModuleManager: Shutting down and abandoning module BlueprintGraph (622)
[2018.10.05-04.37.56:443][501]LogModuleManager: Shutting down and abandoning module FPSProject (620)
[2018.10.05-04.37.56:443][501]LogModuleManager: Shutting down and abandoning module MovieSceneCapture (619)
[2018.10.05-04.37.56:443][501]LogModuleManager: Shutting down and abandoning module Voice (617)
[2018.10.05-04.37.56:443][501]LogModuleManager: Shutting down and abandoning module ExternalImagePicker (614)
[2018.10.05-04.37.56:443][501]LogModuleManager: Shutting down and abandoning module HierarchicalLODOutliner (612)
[2018.10.05-04.37.56:443][501]LogModuleManager: Shutting down and abandoning module SceneOutliner (610)
[2018.10.05-04.37.56:443][501]LogModuleManager: Shutting down and abandoning module AddContentDialog (608)
[2018.10.05-04.37.56:447][501]LogModuleManager: Shutting down and abandoning module WidgetCarousel (607)
[2018.10.05-04.37.56:447][501]LogModuleManager: Shutting down and abandoning module EditorWidgets (604)
[2018.10.05-04.37.56:447][501]LogModuleManager: Shutting down and abandoning module CollectionManager (602)
[2018.10.05-04.37.56:447][501]LogModuleManager: Shutting down and abandoning module StatsViewer (600)
[2018.10.05-04.37.56:447][501]LogModuleManager: Shutting down and abandoning module FoliageEdit (598)
[2018.10.05-04.37.56:447][501]LogModuleManager: Shutting down and abandoning module LandscapeEditor (596)
[2018.10.05-04.37.56:447][501]LogModuleManager: Shutting down and abandoning module MeshPaintMode (594)
[2018.10.05-04.37.56:447][501]LogModuleManager: Shutting down and abandoning module SceneDepthPickerMode (592)
[2018.10.05-04.37.56:447][501]LogModuleManager: Shutting down and abandoning module ActorPickerMode (590)
[2018.10.05-04.37.56:447][501]LogModuleManager: Shutting down and abandoning module GeometryMode (588)
[2018.10.05-04.37.56:447][501]LogModuleManager: Shutting down and abandoning module TextureAlignMode (586)
[2018.10.05-04.37.56:448][501]LogModuleManager: Shutting down and abandoning module BspMode (584)
[2018.10.05-04.37.56:448][501]LogModuleManager: Shutting down and abandoning module PIEPreviewDeviceProfileSelector (582)
[2018.10.05-04.37.56:448][501]LogModuleManager: Shutting down and abandoning module SequenceRecorderSections (580)
[2018.10.05-04.37.56:448][501]LogModuleManager: Shutting down and abandoning module AutomationWorker (578)
[2018.10.05-04.37.56:448][501]LogModuleManager: Shutting down and abandoning module AudioCaptureEditor (576)
[2018.10.05-04.37.56:448][501]LogModuleManager: Shutting down and abandoning module SequenceRecorder (575)
[2018.10.05-04.37.56:448][501]LogModuleManager: Shutting down and abandoning module MatineeToLevelSequence (572)
[2018.10.05-04.37.56:448][501]LogModuleManager: Shutting down and abandoning module LevelSequenceEditor (570)
[2018.10.05-04.37.56:448][501]LogModuleManager: Shutting down and abandoning module PlacementMode (569)
[2018.10.05-04.37.56:448][501]LogModuleManager: Shutting down and abandoning module MaterialEditor (568)
[2018.10.05-04.37.56:448][501]LogModuleManager: Shutting down and abandoning module WmfMediaFactory (564)
[2018.10.05-04.37.56:448][501]LogModuleManager: Shutting down and abandoning module WmfMediaEditor (562)
[2018.10.05-04.37.56:448][501]LogModuleManager: Shutting down and abandoning module MediaPlayerEditor (560)
[2018.10.05-04.37.56:448][501]LogModuleManager: Shutting down and abandoning module OpenExrWrapper (558)
[2018.10.05-04.37.56:448][501]LogModuleManager: Shutting down and abandoning module ImgMediaFactory (556)
[2018.10.05-04.37.56:448][501]LogModuleManager: Shutting down and abandoning module ImgMediaEditor (554)
[2018.10.05-04.37.56:448][501]LogModuleManager: Shutting down and abandoning module AvfMediaFactory (552)
[2018.10.05-04.37.56:448][501]LogModuleManager: Shutting down and abandoning module AvfMediaEditor (550)
[2018.10.05-04.37.56:448][501]LogModuleManager: Shutting down and abandoning module AndroidMediaFactory (548)
[2018.10.05-04.37.56:448][501]LogModuleManager: Shutting down and abandoning module AndroidMediaEditor (546)
[2018.10.05-04.37.56:448][501]LogModuleManager: Shutting down and abandoning module MagicLeapCameraPreviewFactory (544)
[2018.10.05-04.37.56:448][501]LogModuleManager: Shutting down and abandoning module MagicLeapMediaFactory (542)
[2018.10.05-04.37.56:448][501]LogModuleManager: Shutting down and abandoning module MagicLeapMediaEditor (540)
[2018.10.05-04.37.56:448][501]LogModuleManager: Shutting down and abandoning module CharacterAI (538)
[2018.10.05-04.37.56:448][501]LogModuleManager: Shutting down and abandoning module SmartSnapping (536)
[2018.10.05-04.37.56:448][501]LogModuleManager: Shutting down and abandoning module SessionServices (534)
[2018.10.05-04.37.56:448][501]LogModuleManager: Shutting down and abandoning module ViewportSnapping (532)
[2018.10.05-04.37.56:448][501]LogModuleManager: Shutting down and abandoning module ViewportInteraction (530)
[2018.10.05-04.37.56:448][501]LogModuleManager: Shutting down and abandoning module ClothPainter (528)
[2018.10.05-04.37.56:448][501]LogModuleManager: Shutting down and abandoning module SkeletalMeshEditor (527)
[2018.10.05-04.37.56:448][501]LogModuleManager: Shutting down and abandoning module LogVisualizer (524)
[2018.10.05-04.37.56:449][501]LogModuleManager: Shutting down and abandoning module IntroTutorials (522)
[2018.10.05-04.37.56:449][501]LogModuleManager: Shutting down and abandoning module GameProjectGeneration (521)
[2018.10.05-04.37.56:449][501]LogModuleManager: Shutting down and abandoning module LuminPlatformEditor (518)
[2018.10.05-04.37.56:449][501]LogModuleManager: Shutting down and abandoning module IOSPlatformEditor (516)
[2018.10.05-04.37.56:449][501]LogModuleManager: Shutting down and abandoning module HTML5PlatformEditor (514)
[2018.10.05-04.37.56:449][501]LogModuleManager: Shutting down and abandoning module AndroidPlatformEditor (512)
[2018.10.05-04.37.56:449][501]LogModuleManager: Shutting down and abandoning module AndroidDeviceDetection (511)
[2018.10.05-04.37.57:168][501]LogModuleManager: Shutting down and abandoning module WindowsPlatformEditor (508)
[2018.10.05-04.37.57:168][501]LogModuleManager: Shutting down and abandoning module LuminRuntimeSettings (506)
[2018.10.05-04.37.57:168][501]LogModuleManager: Shutting down and abandoning module IOSRuntimeSettings (504)
[2018.10.05-04.37.57:168][501]LogModuleManager: Shutting down and abandoning module AndroidRuntimeSettings (502)
[2018.10.05-04.37.57:168][501]LogModuleManager: Shutting down and abandoning module InputBindingEditor (500)
[2018.10.05-04.37.57:168][501]LogModuleManager: Shutting down and abandoning module MergeActors (498)
[2018.10.05-04.37.57:168][501]LogModuleManager: Shutting down and abandoning module LocalizationDashboard (496)
[2018.10.05-04.37.57:168][501]LogModuleManager: Shutting down and abandoning module LocalizationService (495)
[2018.10.05-04.37.57:168][501]LogModuleManager: Shutting down and abandoning module HardwareTargeting (492)
[2018.10.05-04.37.57:168][501]LogModuleManager: Shutting down and abandoning module DeviceProfileEditor (490)
[2018.10.05-04.37.57:168][501]LogModuleManager: Shutting down and abandoning module UndoHistory (488)
[2018.10.05-04.37.57:168][501]LogModuleManager: Shutting down and abandoning module XmlParser (486)
[2018.10.05-04.37.57:169][501]LogModuleManager: Shutting down and abandoning module Blutility (484)
[2018.10.05-04.37.57:169][501]LogModuleManager: Shutting down and abandoning module ProjectSettingsViewer (482)
[2018.10.05-04.37.57:169][501]LogModuleManager: Shutting down and abandoning module ProjectTargetPlatformEditor (481)
[2018.10.05-04.37.57:169][501]LogModuleManager: Shutting down and abandoning module EditorSettingsViewer (478)
[2018.10.05-04.37.57:169][501]LogModuleManager: Shutting down and abandoning module SettingsEditor (476)
[2018.10.05-04.37.57:169][501]LogModuleManager: Shutting down and abandoning module ProjectLauncher (474)
[2018.10.05-04.37.57:169][501]LogModuleManager: Shutting down and abandoning module SessionFrontend (472)
[2018.10.05-04.37.57:169][501]LogModuleManager: Shutting down and abandoning module ProfilerClient (470)
[2018.10.05-04.37.57:169][501]LogModuleManager: Shutting down and abandoning module DeviceManager (468)
[2018.10.05-04.37.57:169][501]LogModuleManager: Shutting down and abandoning module TargetDeviceServices (467)
[2018.10.05-04.37.57:213][501]LogModuleManager: Shutting down and abandoning module AutomationController (464)
[2018.10.05-04.37.57:213][501]LogModuleManager: Shutting down and abandoning module AutomationWindow (462)
[2018.10.05-04.37.57:213][501]LogModuleManager: Shutting down and abandoning module Layers (460)
[2018.10.05-04.37.57:213][501]LogModuleManager: Shutting down and abandoning module ComponentVisualizers (458)
[2018.10.05-04.37.57:213][501]LogModuleManager: Shutting down and abandoning module DetailCustomizations (456)
[2018.10.05-04.37.57:213][501]LogModuleManager: Shutting down and abandoning module PackagesDialog (454)
[2018.10.05-04.37.57:214][501]LogModuleManager: Shutting down and abandoning module Persona (452)
[2018.10.05-04.37.57:214][501]LogModuleManager: Shutting down and abandoning module AdvancedPreviewScene (451)
[2018.10.05-04.37.57:214][501]LogModuleManager: Shutting down and abandoning module AnimGraph (449)
[2018.10.05-04.37.57:214][501]LogModuleManager: Shutting down and abandoning module Kismet (446)
[2018.10.05-04.37.57:230][501]LogModuleManager: Shutting down and abandoning module GraphEditor (444)
[2018.10.05-04.37.57:230][501]LogModuleManager: Shutting down and abandoning module ClassViewer (442)
[2018.10.05-04.37.57:231][501]LogModuleManager: Shutting down and abandoning module Toolbox (440)
[2018.10.05-04.37.57:231][501]LogModuleManager: Shutting down and abandoning module DesktopPlatform (439)
[2018.10.05-04.37.57:231][501]LogModuleManager: Shutting down and abandoning module ModuleUI (436)
[2018.10.05-04.37.57:231][501]LogModuleManager: Shutting down and abandoning module MovieSceneTools (434)
[2018.10.05-04.37.57:231][501]LogModuleManager: Shutting down and abandoning module OutputLog (432)
[2018.10.05-04.37.57:231][501]LogModuleManager: Shutting down and abandoning module GammaUI (430)
[2018.10.05-04.37.57:231][501]LogModuleManager: Shutting down and abandoning module Documentation (428)
[2018.10.05-04.37.57:231][501]LogModuleManager: Shutting down and abandoning module MovieSceneTracks (426)
[2018.10.05-04.37.57:232][501]LogModuleManager: Shutting down and abandoning module MovieScene (424)
[2018.10.05-04.37.57:232][501]LogModuleManager: Shutting down and abandoning module StreamingPauseRendering (422)
[2018.10.05-04.37.57:232][501]LogModuleManager: Shutting down and abandoning module LauncherPlatform (420)
[2018.10.05-04.37.57:232][501]LogModuleManager: Shutting down and abandoning module AnalyticsET (418)
[2018.10.05-04.37.57:232][501]LogModuleManager: Shutting down and abandoning module PortalServices (416)
[2018.10.05-04.37.57:232][501]LogModuleManager: Shutting down and abandoning module PortalRpc (414)
[2018.10.05-04.37.57:232][501]LogModuleManager: Shutting down and abandoning module MessagingRpc (412)
[2018.10.05-04.37.57:232][501]LogModuleManager: Shutting down and abandoning module AIModule (410)
[2018.10.05-04.37.57:232][501]LogModuleManager: Shutting down and abandoning module GameplayDebugger (409)
[2018.10.05-04.37.57:232][501]LogModuleManager: Shutting down and abandoning module AITestSuite (407)
[2018.10.05-04.37.57:232][501]LogModuleManager: Shutting down and abandoning module NavigationSystem (405)
[2018.10.05-04.37.57:232][501]LogModuleManager: Shutting down and abandoning module ProfilerService (402)
[2018.10.05-04.37.57:330][501]LogModuleManager: Shutting down and abandoning module TaskGraph (400)
[2018.10.05-04.37.57:330][501]LogModuleManager: Shutting down and abandoning module SteamVRController (398)
[2018.10.05-04.37.57:330][501]LogModuleManager: Shutting down and abandoning module ProceduralMeshComponentEditor (396)
[2018.10.05-04.37.57:330][501]LogModuleManager: Shutting down and abandoning module ProceduralMeshComponent (394)
[2018.10.05-04.37.57:330][501]LogModuleManager: Shutting down and abandoning module OculusInput (392)
[2018.10.05-04.37.57:330][501]LogModuleManager: Shutting down and abandoning module MobilePatchingUtils (390)
[2018.10.05-04.37.57:331][501]LogModuleManager: Shutting down and abandoning module EditableMesh (388)
[2018.10.05-04.37.57:331][501]LogModuleManager: Shutting down and abandoning module CustomMeshComponent (386)
[2018.10.05-04.37.57:331][501]LogModuleManager: Shutting down and abandoning module CableComponent (384)
[2018.10.05-04.37.57:331][501]LogModuleManager: Shutting down and abandoning module AudioCapture (382)
[2018.10.05-04.37.57:331][501]LogModuleManager: Shutting down and abandoning module ArchVisCharacter (380)
[2018.10.05-04.37.57:331][501]LogModuleManager: Shutting down and abandoning module AndroidPermission (378)
[2018.10.05-04.37.57:331][501]LogModuleManager: Shutting down and abandoning module NUTUnrealEngine4 (376)
[2018.10.05-04.37.57:331][501]LogModuleManager: Shutting down and abandoning module NetcodeUnitTest (374)
[2018.10.05-04.37.57:331][501]LogModuleManager: Shutting down and abandoning module MediaCompositingEditor (372)
[2018.10.05-04.37.57:331][501]LogModuleManager: Shutting down and abandoning module MediaCompositing (370)
[2018.10.05-04.37.57:331][501]LogModuleManager: Shutting down and abandoning module LinearTimecode (368)
[2018.10.05-04.37.57:331][501]LogModuleManager: Shutting down and abandoning module ImgMedia (366)
[2018.10.05-04.37.57:340][501]LogModuleManager: Shutting down and abandoning module HTML5Networking (364)
[2018.10.05-04.37.57:340][501]LogModuleManager: Shutting down and abandoning module GeometryCacheTracks (362)
[2018.10.05-04.37.57:340][501]LogModuleManager: Shutting down and abandoning module GeometryCacheSequencer (360)
[2018.10.05-04.37.57:341][501]LogModuleManager: Shutting down and abandoning module BackChannel (358)
[2018.10.05-04.37.57:341][501]LogModuleManager: Shutting down and abandoning module AppleVision (356)
[2018.10.05-04.37.57:341][501]LogModuleManager: Shutting down and abandoning module AppleImageUtils (354)
[2018.10.05-04.37.57:341][501]LogModuleManager: Shutting down and abandoning module AlembicImporter (352)
[2018.10.05-04.37.57:341][501]LogModuleManager: Shutting down and abandoning module AlembicLibrary (351)
[2018.10.05-04.37.57:341][501]LogModuleManager: Shutting down and abandoning module GeometryCache (350)
[2018.10.05-04.37.57:341][501]LogModuleManager: Shutting down and abandoning module GeometryCacheEd (349)
[2018.10.05-04.37.57:341][501]LogModuleManager: Shutting down and abandoning module DatasmithContentEditor (344)
[2018.10.05-04.37.57:341][501]LogModuleManager: Shutting down and abandoning module DatasmithContent (342)
[2018.10.05-04.37.57:342][501]LogModuleManager: Shutting down and abandoning module SpeedTreeImporter (340)
[2018.10.05-04.37.57:342][501]LogModuleManager: Shutting down and abandoning module PluginBrowser (338)
[2018.10.05-04.37.57:342][501]LogModuleManager: Shutting down and abandoning module MobileLauncherProfileWizard (336)
[2018.10.05-04.37.57:342][501]LogModuleManager: Shutting down and abandoning module PolygonModeling (334)
[2018.10.05-04.37.57:343][501]LogModuleManager: Shutting down and abandoning module MeshEditor (332)
[2018.10.05-04.37.57:343][501]LogModuleManager: Shutting down and abandoning module CryptoKeysOpenSSL (330)
[2018.10.05-04.37.57:343][501]LogModuleManager: Shutting down and abandoning module CryptoKeys (328)
[2018.10.05-04.37.57:343][501]LogModuleManager: Shutting down and abandoning module VisualStudioSourceCodeAccess (326)
[2018.10.05-04.37.57:343][501]LogModuleManager: Shutting down and abandoning module VisualStudioCodeSourceCodeAccess (324)
[2018.10.05-04.37.57:343][501]LogModuleManager: Shutting down and abandoning module UObjectPlugin (322)
[2018.10.05-04.37.57:343][501]LogModuleManager: Shutting down and abandoning module SubversionSourceControl (320)
[2018.10.05-04.37.57:343][501]LogModuleManager: Shutting down and abandoning module PerforceSourceControl (318)
[2018.10.05-04.37.57:343][501]LogModuleManager: Shutting down and abandoning module GitSourceControl (316)
[2018.10.05-04.37.57:343][501]LogModuleManager: Shutting down and abandoning module SourceControl (315)
[2018.10.05-04.37.57:343][501]LogModuleManager: Shutting down and abandoning module CLionSourceCodeAccess (312)
[2018.10.05-04.37.57:344][501]LogModuleManager: Shutting down and abandoning module LightPropagationVolumeEditor (310)
[2018.10.05-04.37.57:344][501]LogModuleManager: Shutting down and abandoning module PaperTiledImporter (308)
[2018.10.05-04.37.57:344][501]LogModuleManager: Shutting down and abandoning module PaperSpriteSheetImporter (306)
[2018.10.05-04.37.57:344][501]LogModuleManager: Shutting down and abandoning module Paper2DEditor (304)
[2018.10.05-04.37.57:344][501]LogModuleManager: Shutting down and abandoning module MeshPaint (303)
[2018.10.05-04.37.57:344][501]LogModuleManager: Shutting down and abandoning module RuntimePhysXCooking (298)
[2018.10.05-04.37.57:344][501]LogModuleManager: Shutting down and abandoning module PhysXVehiclesEditor (296)
[2018.10.05-04.37.57:344][501]LogModuleManager: Shutting down and abandoning module PhysXVehicles (294)
[2018.10.05-04.37.57:344][501]LogModuleManager: Shutting down and abandoning module OculusEditor (292)
[2018.10.05-04.37.57:344][501]LogModuleManager: Shutting down and abandoning module LocationServicesBPLibrary (290)
[2018.10.05-04.37.57:344][501]LogModuleManager: Shutting down and abandoning module ImmediatePhysicsEditor (288)
[2018.10.05-04.37.57:344][501]LogModuleManager: Shutting down and abandoning module ImmediatePhysics (286)
[2018.10.05-04.37.57:345][501]LogModuleManager: Shutting down and abandoning module ActorSequence (284)
[2018.10.05-04.37.57:345][501]LogModuleManager: Shutting down and abandoning module UdpMessaging (282)
[2018.10.05-04.37.57:446][501]LogModuleManager: Shutting down and abandoning module TcpMessaging (280)
[2018.10.05-04.37.57:546][501]LogModuleManager: Shutting down and abandoning module MagicLeapAudio (278)
[2018.10.05-04.37.57:546][501]LogModuleManager: Shutting down and abandoning module GameplayTagsEditor (276)
[2018.10.05-04.37.57:547][501]LogModuleManager: Shutting down and abandoning module FacialAnimationEditor (274)
[2018.10.05-04.37.57:547][501]LogModuleManager: Shutting down and abandoning module FacialAnimation (272)
[2018.10.05-04.37.57:548][501]LogModuleManager: Shutting down and abandoning module DataValidation (270)
[2018.10.05-04.37.57:548][501]LogModuleManager: Shutting down and abandoning module AssetManagerEditor (268)
[2018.10.05-04.37.57:549][501]LogModuleManager: Shutting down and abandoning module LevelEditor (267)
[2018.10.05-04.37.57:551][501]LogModuleManager: Shutting down and abandoning module PixelInspectorModule (266)
[2018.10.05-04.37.57:551][501]LogModuleManager: Shutting down and abandoning module CommonMenuExtensions (264)
[2018.10.05-04.37.57:552][501]LogModuleManager: Shutting down and abandoning module MainFrame (262)
[2018.10.05-04.37.57:552][501]LogModuleManager: Shutting down and abandoning module HotReload (261)
[2018.10.05-04.37.57:554][501]LogModuleManager: Shutting down and abandoning module ContentBrowser (257)
[2018.10.05-04.37.57:558][501]LogModuleManager: Shutting down and abandoning module TreeMap (255)
[2018.10.05-04.37.57:558][501]LogModuleManager: Shutting down and abandoning module LightPropagationVolumeRuntime (252)
[2018.10.05-04.37.57:558][501]LogModuleManager: Shutting down and abandoning module AISupportModule (250)
[2018.10.05-04.37.57:558][501]LogModuleManager: Shutting down and abandoning module Paper2D (248)
[2018.10.05-04.37.57:558][501]LogModuleManager: Shutting down and abandoning module WindowsMoviePlayer (246)
[2018.10.05-04.37.57:558][501]LogModuleManager: Shutting down and abandoning module WmfMedia (244)
[2018.10.05-04.37.57:559][501]LogModuleManager: Shutting down and abandoning module Media (243)
[2018.10.05-04.37.57:566][501]LogModuleManager: Shutting down and abandoning module PacketHandler (240)
[2018.10.05-04.37.57:566][501]LogModuleManager: Shutting down and abandoning module ClothingSystemEditor (238)
[2018.10.05-04.37.57:566][501]LogModuleManager: Shutting down and abandoning module ClothingSystemRuntime (236)
[2018.10.05-04.37.57:566][501]LogModuleManager: Shutting down and abandoning module MediaAssets (234)
[2018.10.05-04.37.57:566][501]LogModuleManager: Shutting down and abandoning module Overlay (232)
[2018.10.05-04.37.57:566][501]LogModuleManager: Shutting down and abandoning module OverlayEditor (231)
[2018.10.05-04.37.57:566][501]LogModuleManager: Shutting down and abandoning module VREditor (228)
[2018.10.05-04.37.57:566][501]LogModuleManager: Shutting down and abandoning module StringTableEditor (226)
[2018.10.05-04.37.57:566][501]LogModuleManager: Shutting down and abandoning module GameplayTasksEditor (224)
[2018.10.05-04.37.57:566][501]LogModuleManager: Shutting down and abandoning module BehaviorTreeEditor (222)
[2018.10.05-04.37.57:566][501]LogModuleManager: Shutting down and abandoning module FunctionalTesting (220)
[2018.10.05-04.37.57:566][501]LogModuleManager: Shutting down and abandoning module CollisionAnalyzer (218)
[2018.10.05-04.37.57:566][501]LogModuleManager: Shutting down and abandoning module WorkspaceMenuStructure (217)
[2018.10.05-04.37.57:566][501]LogModuleManager: Shutting down and abandoning module UMG (214)
[2018.10.05-04.37.57:566][501]LogModuleManager: Shutting down and abandoning module UMGEditor (213)
[2018.10.05-04.37.57:566][501]LogModuleManager: Shutting down and abandoning module Sequencer (212)
[2018.10.05-04.37.57:566][501]LogModuleManager: Shutting down and abandoning module MessageLog (209)
[2018.10.05-04.37.57:566][501]LogModuleManager: Shutting down and abandoning module SlateReflector (204)
[2018.10.05-04.37.57:566][501]LogModuleManager: Shutting down and abandoning module Slate (202)
[2018.10.05-04.37.57:566][501]LogModuleManager: Shutting down and abandoning module EditorStyle (200)
[2018.10.05-04.37.57:568][501]LogModuleManager: Shutting down and abandoning module MRMesh (198)
[2018.10.05-04.37.57:568][501]LogModuleManager: Shutting down and abandoning module SourceCodeAccess (196)
[2018.10.05-04.37.57:568][501]LogModuleManager: Shutting down and abandoning module HeadMountedDisplay (194)
[2018.10.05-04.37.57:568][501]LogModuleManager: Shutting down and abandoning module XAudio2 (192)
[2018.10.05-04.37.57:568][501]LogModuleManager: Shutting down and abandoning module Networking (190)
[2018.10.05-04.37.57:569][501]LogModuleManager: Shutting down and abandoning module Core (188)
[2018.10.05-04.37.57:569][501]LogModuleManager: Shutting down and abandoning module LevelSequence (186)
[2018.10.05-04.37.57:569][501]LogModuleManager: Shutting down and abandoning module KismetCompiler (184)
[2018.10.05-04.37.57:569][501]LogModuleManager: Shutting down and abandoning module MeshUtilities (182)
[2018.10.05-04.37.57:569][501]LogModuleManager: Shutting down and abandoning module MeshMergeUtilities (181)
[2018.10.05-04.37.57:569][501]LogModuleManager: Shutting down and abandoning module MeshReductionInterface (180)
[2018.10.05-04.37.57:569][501]LogModuleManager: Shutting down and abandoning module SimplygonSwarm (179)
[2018.10.05-04.37.57:569][501]LogModuleManager: Shutting down and abandoning module ProxyLODMeshReduction (177)
[2018.10.05-04.37.57:569][501]LogModuleManager: Shutting down and abandoning module SimplygonMeshReduction (175)
[2018.10.05-04.37.57:569][501]LogModuleManager: Shutting down and abandoning module QuadricMeshReduction (173)
[2018.10.05-04.37.57:569][501]LogModuleManager: Shutting down and abandoning module MaterialBaking (169)
[2018.10.05-04.37.57:569][501]LogModuleManager: Shutting down and abandoning module DirectoryWatcher (165)
[2018.10.05-04.37.57:569][501]LogModuleManager: Shutting down and abandoning module DerivedDataCache (162)
[2018.10.05-04.37.57:581][501]LogDerivedDataCache: Shutdown
[2018.10.05-04.37.57:581][501]LogModuleManager: Shutting down and abandoning module XGEController (160)
[2018.10.05-04.37.57:581][501]LogXGEController: Cleaning working directory: C:/Users/Peter/AppData/Local/Temp/UnrealXGEWorkingDir/
[2018.10.05-04.37.57:582][501]LogModuleManager: Shutting down and abandoning module TargetPlatform (158)
[2018.10.05-04.37.57:582][501]LogModuleManager: Shutting down and abandoning module VulkanShaderFormat (157)
[2018.10.05-04.37.57:582][501]LogModuleManager: Shutting down and abandoning module ShaderFormatVectorVM (155)
[2018.10.05-04.37.57:582][501]LogModuleManager: Shutting down and abandoning module ShaderFormatOpenGL (153)
[2018.10.05-04.37.57:582][501]LogModuleManager: Shutting down and abandoning module ShaderFormatD3D (151)
[2018.10.05-04.37.57:582][501]LogModuleManager: Shutting down and abandoning module MetalShaderFormat (149)
[2018.10.05-04.37.57:582][501]LogModuleManager: Shutting down and abandoning module TextureFormatUncompressed (147)
[2018.10.05-04.37.57:582][501]LogModuleManager: Shutting down and abandoning module TextureFormatPVR (145)
[2018.10.05-04.37.57:582][501]LogModuleManager: Shutting down and abandoning module TextureFormatDXT (143)
[2018.10.05-04.37.57:582][501]LogModuleManager: Shutting down and abandoning module TextureFormatIntelISPCTexComp (141)
[2018.10.05-04.37.57:582][501]LogModuleManager: Shutting down and abandoning module TextureFormatASTC (139)
[2018.10.05-04.37.57:582][501]LogModuleManager: Shutting down and abandoning module ImageWrapper (138)
[2018.10.05-04.37.57:582][501]LogModuleManager: Shutting down and abandoning module TextureFormatAndroid (135)
[2018.10.05-04.37.57:582][501]LogModuleManager: Shutting down and abandoning module AudioFormatOpus (133)
[2018.10.05-04.37.57:582][501]LogModuleManager: Shutting down and abandoning module AudioFormatOgg (131)
[2018.10.05-04.37.57:582][501]LogModuleManager: Shutting down and abandoning module AudioFormatADPCM (129)
[2018.10.05-04.37.57:582][501]LogModuleManager: Shutting down and abandoning module LuminTargetPlatform (127)
[2018.10.05-04.37.57:582][501]LogModuleManager: Shutting down and abandoning module LinuxTargetPlatform (125)
[2018.10.05-04.37.57:582][501]LogModuleManager: Shutting down and abandoning module LinuxServerTargetPlatform (123)
[2018.10.05-04.37.57:582][501]LogModuleManager: Shutting down and abandoning module LinuxNoEditorTargetPlatform (121)
[2018.10.05-04.37.57:582][501]LogModuleManager: Shutting down and abandoning module LinuxClientTargetPlatform (119)
[2018.10.05-04.37.57:582][501]LogModuleManager: Shutting down and abandoning module TVOSTargetPlatform (117)
[2018.10.05-04.37.57:583][501]LogModuleManager: Shutting down and abandoning module Messaging (115)
[2018.10.05-04.37.57:583][501]LogModuleManager: Shutting down and abandoning module IOSTargetPlatform (113)
[2018.10.05-04.37.57:584][501]LogModuleManager: Shutting down and abandoning module HTML5TargetPlatform (111)
[2018.10.05-04.37.57:584][501]LogModuleManager: Shutting down and abandoning module AndroidTargetPlatform (109)
[2018.10.05-04.37.57:593][501]LogModuleManager: Shutting down and abandoning module WindowsTargetPlatform (107)
[2018.10.05-04.37.57:593][501]LogModuleManager: Shutting down and abandoning module WindowsServerTargetPlatform (105)
[2018.10.05-04.37.57:593][501]LogModuleManager: Shutting down and abandoning module WindowsNoEditorTargetPlatform (103)
[2018.10.05-04.37.57:593][501]LogModuleManager: Shutting down and abandoning module WindowsClientTargetPlatform (101)
[2018.10.05-04.37.57:593][501]LogModuleManager: Shutting down and abandoning module MacTargetPlatform (99)
[2018.10.05-04.37.57:593][501]LogModuleManager: Shutting down and abandoning module MacServerTargetPlatform (97)
[2018.10.05-04.37.57:593][501]LogModuleManager: Shutting down and abandoning module MacNoEditorTargetPlatform (95)
[2018.10.05-04.37.57:593][501]LogModuleManager: Shutting down and abandoning module MacClientTargetPlatform (93)
[2018.10.05-04.37.57:594][501]LogModuleManager: Shutting down and abandoning module AllDesktopTargetPlatform (91)
[2018.10.05-04.37.57:594][501]LogModuleManager: Shutting down and abandoning module InputCore (88)
[2018.10.05-04.37.57:594][501]LogModuleManager: Shutting down and abandoning module Settings (86)
[2018.10.05-04.37.57:594][501]LogModuleManager: Shutting down and abandoning module PhysXCooking (84)
[2018.10.05-04.37.57:594][501]LogModuleManager: Shutting down and abandoning module SteamVR (82)
[2018.10.05-04.37.57:594][501]LogModuleManager: Shutting down and abandoning module OculusHMD (80)
[2018.10.05-04.37.57:594][501]LogModuleManager: Shutting down and abandoning module ExampleDeviceProfileSelector (78)
[2018.10.05-04.37.57:594][501]LogModuleManager: Shutting down and abandoning module LauncherChunkInstaller (76)
[2018.10.05-04.37.57:594][501]LogModuleManager: Shutting down and abandoning module OnlineBlueprintSupport (74)
[2018.10.05-04.37.57:594][501]LogModuleManager: Shutting down and abandoning module OnlineSubsystem (70)
[2018.10.05-04.37.57:595][501]LogModuleManager: Shutting down and abandoning module XMPP (65)
[2018.10.05-04.37.57:595][501]LogModuleManager: Shutting down and abandoning module WebSockets (64)
[2018.10.05-04.37.57:613][501]LogModuleManager: Shutting down and abandoning module HTTP (61)
[2018.10.05-04.37.57:613][501]LogHttp: Display: Http module shutting down, but needs to wait on 1 outstanding Http requests:
[2018.10.05-04.37.57:613][501]LogHttp: Display: 	verb=[POST] url=[https://datarouter.ol.epicgames.com/datarouter/api/v1/public/data?SessionID=%7B7DEF2E69-46F1-CCBF-37A9-E08AF8824379%7D&AppID=UEEditor.Rocket.Release&AppVersion=4.20.3-4369336%2B%2B%2BUE4%2BRelease-4.20&UserID=15b52cc9472a2ea98d32dc90de97a0b4%7Ca6bb9a295af146eeb619cdf8ccea1563%7C1f176c5f-cff4-4457-b55a-dac67387f93b&AppEnvironment=datacollector-binary&UploadType=eteventstream] status=Processing
[2018.10.05-04.37.57:620][501]LogModuleManager: Shutting down and abandoning module SSL (60)
[2018.10.05-04.37.57:621][501]LogModuleManager: Shutting down and abandoning module MagicLeapEmulator (56)
[2018.10.05-04.37.57:621][501]LogModuleManager: Shutting down and abandoning module MagicLeapPrivileges (54)
[2018.10.05-04.37.57:621][501]LogModuleManager: Shutting down and abandoning module MagicLeapIdentity (52)
[2018.10.05-04.37.57:621][501]LogModuleManager: Shutting down and abandoning module MagicLeapHelperVulkan (50)
[2018.10.05-04.37.57:621][501]LogModuleManager: Shutting down and abandoning module MagicLeapHelperOpenGL (48)
[2018.10.05-04.37.57:621][501]LogModuleManager: Shutting down and abandoning module MagicLeapSecureStorage (46)
[2018.10.05-04.37.57:621][501]LogModuleManager: Shutting down and abandoning module MagicLeapGestures (44)
[2018.10.05-04.37.57:621][501]LogModuleManager: Shutting down and abandoning module MagicLeapEyeTracker (42)
[2018.10.05-04.37.57:622][501]LogModuleManager: Shutting down and abandoning module MagicLeapController (40)
[2018.10.05-04.37.57:622][501]LogSlate: Slate User Destroyed.  User Index 0, Is Virtual User: 0
[2018.10.05-04.37.57:622][501]LogModuleManager: Shutting down and abandoning module MagicLeap (38)
[2018.10.05-04.37.57:622][501]LogModuleManager: Shutting down and abandoning module AnimationModifiers (36)
[2018.10.05-04.37.57:622][501]LogModuleManager: Shutting down and abandoning module PropertyEditor (35)
[2018.10.05-04.37.57:622][501]LogModuleManager: Shutting down and abandoning module AudioEditor (32)
[2018.10.05-04.37.57:622][501]LogModuleManager: Shutting down and abandoning module TextureCompressor (30)
[2018.10.05-04.37.57:622][501]LogModuleManager: Shutting down and abandoning module ShaderCore (28)
[2018.10.05-04.37.57:622][501]LogModuleManager: Shutting down and abandoning module Landscape (26)
[2018.10.05-04.37.57:622][501]LogModuleManager: Shutting down and abandoning module SlateRHIRenderer (24)
[2018.10.05-04.37.57:623][501]LogModuleManager: Shutting down and abandoning module OpenGLDrv (22)
[2018.10.05-04.37.57:623][501]LogModuleManager: Shutting down and abandoning module D3D11RHI (20)
[2018.10.05-04.37.57:623][501]LogModuleManager: Shutting down and abandoning module AnimGraphRuntime (18)
[2018.10.05-04.37.57:623][501]LogModuleManager: Shutting down and abandoning module Renderer (16)
[2018.10.05-04.37.57:623][501]LogModuleManager: Shutting down and abandoning module Engine (14)
[2018.10.05-04.37.57:623][501]LogModuleManager: Shutting down and abandoning module CoreUObject (12)
[2018.10.05-04.37.57:623][501]LogModuleManager: Shutting down and abandoning module NetworkFile (10)
[2018.10.05-04.37.57:623][501]LogModuleManager: Shutting down and abandoning module CookedIterativeFile (8)
[2018.10.05-04.37.57:623][501]LogModuleManager: Shutting down and abandoning module StreamingFile (6)
[2018.10.05-04.37.57:623][501]LogModuleManager: Shutting down and abandoning module SandboxFile (4)
[2018.10.05-04.37.57:623][501]LogModuleManager: Shutting down and abandoning module PakFile (2)
[2018.10.05-04.37.57:626][501]LogExit: Exiting.
[2018.10.05-04.37.57:631][501]Log file closed, 10/04/18 23:37:57
