Log file open, 10/03/18 22:58:41
LogWindows: Failed to load 'aqProf.dll' (GetLastError=126)
LogWindows: File 'aqProf.dll' does not exist
LogWindows: Failed to load 'VtuneApi.dll' (GetLastError=126)
LogWindows: File 'VtuneApi.dll' does not exist
LogWindows: Failed to load 'VtuneApi32e.dll' (GetLastError=126)
LogWindows: File 'VtuneApi32e.dll' does not exist
LogInit: Display: Running engine for game: FPSProject
LogPlatformFile: Not using cached read wrapper
LogTaskGraph: Started task graph with 5 named threads and 11 total threads with 3 sets of task threads.
LogStats: Stats thread started at 0.755555
LogD3D11RHI: Loaded GFSDK_Aftermath_Lib.x64.dll
LogICUInternationalization: Display: ICU TimeZone Detection - Raw Offset: -6:00, Platform Override: ''
LogPluginManager: Mounting plugin Paper2D
LogPluginManager: Mounting plugin AISupport
LogPluginManager: Mounting plugin LightPropagationVolume
LogPluginManager: Mounting plugin CLionSourceCodeAccess
LogPluginManager: Mounting plugin CodeLiteSourceCodeAccess
LogPluginManager: Mounting plugin GitSourceControl
LogPluginManager: Mounting plugin KDevelopSourceCodeAccess
LogPluginManager: Mounting plugin NullSourceCodeAccess
LogPluginManager: Mounting plugin PerforceSourceControl
LogPluginManager: Mounting plugin SubversionSourceControl
LogPluginManager: Mounting plugin UObjectPlugin
LogPluginManager: Mounting plugin VisualStudioCodeSourceCodeAccess
LogPluginManager: Mounting plugin VisualStudioSourceCodeAccess
LogPluginManager: Mounting plugin XCodeSourceCodeAccess
LogPluginManager: Mounting plugin AssetManagerEditor
LogPluginManager: Mounting plugin CryptoKeys
LogPluginManager: Mounting plugin DataValidation
LogPluginManager: Mounting plugin FacialAnimation
LogPluginManager: Mounting plugin GameplayTagsEditor
LogPluginManager: Mounting plugin MacGraphicsSwitching
LogPluginManager: Mounting plugin MeshEditor
LogPluginManager: Mounting plugin MobileLauncherProfileWizard
LogPluginManager: Mounting plugin PluginBrowser
LogPluginManager: Mounting plugin SpeedTreeImporter
LogPluginManager: Mounting plugin DatasmithContent
LogPluginManager: Mounting plugin AlembicImporter
LogPluginManager: Mounting plugin AppleImageUtils
LogPluginManager: Mounting plugin AppleVision
LogPluginManager: Mounting plugin BackChannel
LogPluginManager: Mounting plugin CharacterAI
LogPluginManager: Mounting plugin GeometryCache
LogPluginManager: Mounting plugin HTML5Networking
LogPluginManager: Mounting plugin ProxyLODPlugin
LogPluginManager: Mounting plugin MagicLeap
LogPluginManager: Mounting plugin MagicLeapEmulator
LogPluginManager: Mounting plugin MagicLeapMedia
LogPluginManager: Mounting plugin AndroidMedia
LogPluginManager: Mounting plugin AvfMedia
LogPluginManager: Mounting plugin ImgMedia
LogPluginManager: Mounting plugin LinearTimecode
LogPluginManager: Mounting plugin MediaCompositing
LogPluginManager: Mounting plugin MediaPlayerEditor
LogPluginManager: Mounting plugin WmfMedia
LogPluginManager: Mounting plugin TcpMessaging
LogPluginManager: Mounting plugin UdpMessaging
LogPluginManager: Mounting plugin ActorSequence
LogPluginManager: Mounting plugin LevelSequenceEditor
LogPluginManager: Mounting plugin MatineeToLevelSequence
LogPluginManager: Mounting plugin NetcodeUnitTest
LogPluginManager: Mounting plugin NUTUnrealEngine4
LogPluginManager: Mounting plugin OnlineSubsystemGooglePlay
LogPluginManager: Mounting plugin OnlineSubsystemIOS
LogPluginManager: Mounting plugin OnlineSubsystem
LogPluginManager: Mounting plugin OnlineSubsystemNull
LogPluginManager: Mounting plugin OnlineSubsystemUtils
LogPluginManager: Mounting plugin LauncherChunkInstaller
LogPluginManager: Mounting plugin AndroidDeviceProfileSelector
LogPluginManager: Mounting plugin AndroidMoviePlayer
LogPluginManager: Mounting plugin AndroidPermission
LogPluginManager: Mounting plugin AppleMoviePlayer
LogPluginManager: Mounting plugin ArchVisCharacter
LogPluginManager: Mounting plugin AudioCapture
LogPluginManager: Mounting plugin CableComponent
LogPluginManager: Mounting plugin CustomMeshComponent
LogPluginManager: Mounting plugin EditableMesh
LogPluginManager: Mounting plugin ExampleDeviceProfileSelector
LogPluginManager: Mounting plugin GoogleCloudMessaging
LogPluginManager: Mounting plugin ImmediatePhysics
LogPluginManager: Mounting plugin IOSDeviceProfileSelector
LogPluginManager: Mounting plugin LinuxDeviceProfileSelector
LogPluginManager: Mounting plugin LocationServicesBPLibrary
LogPluginManager: Mounting plugin MobilePatchingUtils
LogPluginManager: Mounting plugin OculusVR
LogPluginManager: Plugin shader directory ../../../Engine/Plugins/Runtime/Oculus/OculusVR/Shaders found
LogPluginManager: Mapping shader source directory ../../../Engine/Plugins/Runtime/Oculus/OculusVR/Shaders to virtual directory /Plugin/OculusVR
LogPluginManager: Mounting plugin PhysXVehicles
LogPluginManager: Mounting plugin ProceduralMeshComponent
LogPluginManager: Mounting plugin RuntimePhysXCooking
LogPluginManager: Mounting plugin SteamVR
LogPluginManager: Mounting plugin WindowsMoviePlayer
LogStreaming: Display: Took  0.173s to configure plugins.
LogInit: Using libcurl 7.55.1-DEV
LogInit:  - built for x86_64-pc-win32
LogInit:  - supports SSL with OpenSSL/1.0.2h
LogInit:  - supports HTTP deflate (compression) using libz 1.2.8
LogInit:  - other features:
LogInit:      CURL_VERSION_SSL
LogInit:      CURL_VERSION_LIBZ
LogInit:      CURL_VERSION_IPV6
LogInit:      CURL_VERSION_ASYNCHDNS
LogInit:      CURL_VERSION_LARGEFILE
LogInit:      CURL_VERSION_IDN
LogInit:  CurlRequestOptions (configurable via config and command line):
LogInit:  - bVerifyPeer = false  - Libcurl will NOT verify peer certificate
LogInit:  - bUseHttpProxy = false  - Libcurl will NOT use HTTP proxy
LogInit:  - bDontReuseConnections = false  - Libcurl will reuse connections
LogInit:  - CertBundlePath = nullptr  - Libcurl will use whatever was configured at build time.
LogInit:  - MaxHostConnections = 16  - Libcurl will limit the number of connections to a host
LogInit:  - LocalHostAddr = Default
LogInit:  - BufferSize = 65536
LogInit: WinSock: version 1.1 (2.2), MaxSocks=32767, MaxUdp=65467
LogInit: Build: ++UE4+Release-4.20-CL-4369336
LogInit: Engine Version: 4.20.3-4369336+++UE4+Release-4.20
LogInit: Compatible Engine Version: 4.20.0-4212847+++UE4+Release-4.20
LogInit: Net CL: 4212847
LogInit: OS: Windows 8.1 (), CPU: AMD FX(tm)-4300 Quad-Core Processor            , GPU: NVIDIA GeForce GTX 970
LogInit: Compiled (64-bit): Sep 17 2018 12:26:19
LogInit: Compiled with Visual C++: 19.13.26129.00
LogInit: Build Configuration: Development
LogInit: Branch Name: ++UE4+Release-4.20
LogInit: Command Line:  
LogInit: Base Directory: C:/Program Files/Epic Games/UE_4.20/Engine/Binaries/Win64/
LogInit: Installed Engine Build: 1
LogDevObjectVersion: Number of dev versions registered: 20
LogDevObjectVersion:   Dev-Blueprints (B0D832E4-1F89-4F0D-ACCF-7EB736FD4AA2): 10
LogDevObjectVersion:   Dev-Build (E1C64328-A22C-4D53-A36C-8E866417BD8C): 0
LogDevObjectVersion:   Dev-Core (375EC13C-06E4-48FB-B500-84F0262A717E): 2
LogDevObjectVersion:   Dev-Editor (E4B068ED-F494-42E9-A231-DA0B2E46BB41): 24
LogDevObjectVersion:   Dev-Framework (CFFC743F-43B0-4480-9391-14DF171D2073): 34
LogDevObjectVersion:   Dev-Mobile (B02B49B5-BB20-44E9-A304-32B752E40360): 2
LogDevObjectVersion:   Dev-Networking (A4E4105C-59A1-49B5-A7C5-40C4547EDFEE): 0
LogDevObjectVersion:   Dev-Online (39C831C9-5AE6-47DC-9A44-9C173E1C8E7C): 0
LogDevObjectVersion:   Dev-Physics (78F01B33-EBEA-4F98-B9B4-84EACCB95AA2): 0
LogDevObjectVersion:   Dev-Platform (6631380F-2D4D-43E0-8009-CF276956A95A): 0
LogDevObjectVersion:   Dev-Rendering (12F88B9F-8875-4AFC-A67C-D90C383ABD29): 26
LogDevObjectVersion:   Dev-Sequencer (7B5AE74C-D270-4C10-A958-57980B212A5A): 9
LogDevObjectVersion:   Dev-VR (D7296918-1DD6-4BDD-9DE2-64A83CC13884): 2
LogDevObjectVersion:   Dev-LoadTimes (C2A15278-BFE7-4AFE-6C17-90FF531DF755): 1
LogDevObjectVersion:   Private-Geometry (6EACA3D4-40EC-4CC1-B786-8BED09428FC5): 3
LogDevObjectVersion:   Dev-AnimPhys (29E575DD-E0A3-4627-9D10-D276232CDCEA): 17
LogDevObjectVersion:   Dev-ReflectionCapture (6B266CEC-1EC7-4B8F-A30B-E4D90942FC07): 1
LogDevObjectVersion:   Dev-Automation (0DF73D61-A23F-47EA-B727-89E90C41499A): 1
LogDevObjectVersion:   FortniteMain (601D1886-AC64-4F84-AA16-D3DE0DEAC7D6): 12
LogDevObjectVersion:   Dev-Enterprise (9DFFBCD6-494F-0158-E221-12823C92A888): 1
LogStreaming: Display: Took  0.003s to delete old logs.
LogInit: Presizing for max 8388607 objects, including 0 objects not considered by GC, pre-allocating 0 bytes for permanent pool.
LogInit: Object subsystem initialized
[2018.10.04-03.58.43:258][  0]LogInit: Selected Device Profile: [Windows]
[2018.10.04-03.58.43:258][  0]LogInit: Applying CVar settings loaded from the selected device profile: [Windows]
[2018.10.04-03.58.43:295][  0]LogHAL: Display: Platform has ~ 16 GB [17160523776 / 17179869184 / 16], which maps to Larger [LargestMinGB=32, LargerMinGB=12, DefaultMinGB=8, SmallerMinGB=6, SmallestMinGB=0)
[2018.10.04-03.58.43:296][  0]LogInit: Setting Device Profile CVar: [[r.Vulkan.UseRealUBs:1]]
[2018.10.04-03.58.43:296][  0]LogInit: Going up to parent DeviceProfile []
[2018.10.04-03.58.43:303][  0]LogInit: Computer: PETEPC
[2018.10.04-03.58.43:304][  0]LogInit: User: Peter
[2018.10.04-03.58.43:304][  0]LogInit: CPU Page size=4096, Cores=2
[2018.10.04-03.58.43:304][  0]LogInit: High frequency timer resolution =3.727432 MHz
[2018.10.04-03.58.43:304][  0]LogMemory: Memory total: Physical=16.0GB (16GB approx)
[2018.10.04-03.58.43:304][  0]LogMemory: Platform Memory Stats for Windows
[2018.10.04-03.58.43:304][  0]LogMemory: Process Physical Memory: 98.35 MB used, 98.35 MB peak
[2018.10.04-03.58.43:304][  0]LogMemory: Process Virtual Memory: 84.28 MB used, 84.28 MB peak
[2018.10.04-03.58.43:304][  0]LogMemory: Physical Memory: 4608.62 MB used,  11756.93 MB free, 16365.55 MB total
[2018.10.04-03.58.43:304][  0]LogMemory: Virtual Memory: 468.17 MB used,  11756.93 MB free, 134217728.00 MB total
[2018.10.04-03.58.43:587][  0]LogInit: Using OS detected language (en-GB).
[2018.10.04-03.58.43:587][  0]LogInit: Using OS detected locale (en-US).
[2018.10.04-03.58.43:588][  0]LogTextLocalizationManager: No specific localization for 'en-GB' exists, so the 'en' localization will be used.
[2018.10.04-03.58.44:243][  0]LogStreaming: Display: Took  0.656s to InitEngineTextLocalization.
[2018.10.04-03.58.44:243][  0]LogInit: Setting process to per monitor DPI aware
[2018.10.04-03.58.44:361][  0]LogSlate: New Slate User Created.  User Index 0, Is Virtual User: 0
[2018.10.04-03.58.44:361][  0]LogSlate: Slate User Registered.  User Index 0, Is Virtual User: 0
[2018.10.04-03.58.47:277][  0]LogHMD: Failed to initialize OpenVR with code 110
[2018.10.04-03.58.47:277][  0]LogD3D11RHI: D3D11 adapters:
[2018.10.04-03.58.47:327][  0]LogD3D11RHI:    0. 'NVIDIA GeForce GTX 970' (Feature Level 11_0)
[2018.10.04-03.58.47:327][  0]LogD3D11RHI:       3992/0/8182 MB DedicatedVideo/DedicatedSystem/SharedSystem, Outputs:2, VendorId:0x10de
[2018.10.04-03.58.47:328][  0]LogD3D11RHI:    1. 'Microsoft Basic Render Driver' (Feature Level 11_0)
[2018.10.04-03.58.47:328][  0]LogD3D11RHI:       0/0/256 MB DedicatedVideo/DedicatedSystem/SharedSystem, Outputs:0, VendorId:0x1414
[2018.10.04-03.58.47:328][  0]LogD3D11RHI: Chosen D3D11 Adapter: 0
[2018.10.04-03.58.47:334][  0]LogD3D11RHI: Creating new Direct3DDevice
[2018.10.04-03.58.47:334][  0]LogD3D11RHI:     GPU DeviceId: 0x13c2 (for the marketing name, search the web for "GPU Device Id")
[2018.10.04-03.58.47:334][  0]LogWindows: EnumDisplayDevices:
[2018.10.04-03.58.47:334][  0]LogWindows:    0. 'NVIDIA GeForce GTX 970' (P:0 D:1)
[2018.10.04-03.58.47:334][  0]LogWindows:    1. 'NVIDIA GeForce GTX 970' (P:1 D:1)
[2018.10.04-03.58.47:334][  0]LogWindows:    2. 'NVIDIA GeForce GTX 970' (P:0 D:0)
[2018.10.04-03.58.47:335][  0]LogWindows:    3. 'NVIDIA GeForce GTX 970' (P:0 D:0)
[2018.10.04-03.58.47:335][  0]LogWindows: DebugString: FoundDriverCount:4 
[2018.10.04-03.58.47:335][  0]LogD3D11RHI:     Adapter Name: NVIDIA GeForce GTX 970
[2018.10.04-03.58.47:335][  0]LogD3D11RHI:   Driver Version: 391.35 (internal:23.21.13.9135, unified:391.35)
[2018.10.04-03.58.47:335][  0]LogD3D11RHI:      Driver Date: 3-23-2018
[2018.10.04-03.58.47:335][  0]LogRHI: Texture pool is 2794 MB (70% of 3992 MB)
[2018.10.04-03.58.47:365][  0]LogD3D11RHI: Async texture creation enabled
[2018.10.04-03.58.47:395][  0]LogD3D11RHI: GPU Timing Frequency: 1000.000000 (Debug: 2 2)
[2018.10.04-03.58.47:448][  0]LogShaderCompilers: Guid format shader working directory is -20 characters bigger than the processId version (../../../../../../Users/Peter/Documents/Unreal Projects/FPSProject/Intermediate/Shaders/WorkingDirectory/4660/).
[2018.10.04-03.58.47:448][  0]LogShaderCompilers: Cleaned the shader compiler working directory 'C:/Users/Peter/AppData/Local/Temp/UnrealShaderWorkingDir/2E844FF94311AF07986BD0B4036502B2/'.
[2018.10.04-03.58.48:128][  0]LogTemp: Display: Loaded TP AllDesktopTargetPlatform
[2018.10.04-03.58.48:167][  0]LogTemp: Display: Loaded TP MacClientTargetPlatform
[2018.10.04-03.58.48:208][  0]LogTemp: Display: Loaded TP MacNoEditorTargetPlatform
[2018.10.04-03.58.48:249][  0]LogTemp: Display: Loaded TP MacServerTargetPlatform
[2018.10.04-03.58.48:294][  0]LogTemp: Display: Loaded TP MacTargetPlatform
[2018.10.04-03.58.48:334][  0]LogTemp: Display: Loaded TP WindowsClientTargetPlatform
[2018.10.04-03.58.48:372][  0]LogTemp: Display: Loaded TP WindowsNoEditorTargetPlatform
[2018.10.04-03.58.48:412][  0]LogTemp: Display: Loaded TP WindowsServerTargetPlatform
[2018.10.04-03.58.48:439][  0]LogTemp: Display: Loaded TP WindowsTargetPlatform
[2018.10.04-03.58.48:610][  0]LogTemp: Display: Loaded TP AndroidTargetPlatform
[2018.10.04-03.58.48:610][  0]LogTemp: Display: Loaded TP AndroidTargetPlatform
[2018.10.04-03.58.48:610][  0]LogTemp: Display: Loaded TP AndroidTargetPlatform
[2018.10.04-03.58.48:610][  0]LogTemp: Display: Loaded TP AndroidTargetPlatform
[2018.10.04-03.58.48:610][  0]LogTemp: Display: Loaded TP AndroidTargetPlatform
[2018.10.04-03.58.48:610][  0]LogTemp: Display: Loaded TP AndroidTargetPlatform
[2018.10.04-03.58.48:610][  0]LogTemp: Display: Loaded TP AndroidTargetPlatform
[2018.10.04-03.58.48:610][  0]LogTemp: Display: Loaded TP AndroidTargetPlatform
[2018.10.04-03.58.48:610][  0]LogTemp: Display: Loaded TP AndroidTargetPlatform
[2018.10.04-03.58.48:610][  0]LogTemp: Display: Loaded TP AndroidTargetPlatform
[2018.10.04-03.58.48:610][  0]LogTemp: Display: Loaded TP AndroidTargetPlatform
[2018.10.04-03.58.48:610][  0]LogTemp: Display: Loaded TP AndroidTargetPlatform
[2018.10.04-03.58.48:610][  0]LogTemp: Display: Loaded TP AndroidTargetPlatform
[2018.10.04-03.58.48:610][  0]LogTemp: Display: Loaded TP AndroidTargetPlatform
[2018.10.04-03.58.48:610][  0]LogTemp: Display: Loaded TP AndroidTargetPlatform
[2018.10.04-03.58.48:610][  0]LogTemp: Display: Loaded TP AndroidTargetPlatform
[2018.10.04-03.58.48:610][  0]LogTemp: Display: Loaded TP AndroidTargetPlatform
[2018.10.04-03.58.48:610][  0]LogTemp: Display: Loaded TP AndroidTargetPlatform
[2018.10.04-03.58.48:630][  0]LogTemp: Display: Loaded TP HTML5TargetPlatform
[2018.10.04-03.58.48:770][  0]LogTemp: Display: Loaded TP IOSTargetPlatform
[2018.10.04-03.58.48:770][  0]LogTemp: Display: Loaded TP IOSTargetPlatform
[2018.10.04-03.58.48:824][  0]LogTemp: Display: Loaded TP TVOSTargetPlatform
[2018.10.04-03.58.48:824][  0]LogTemp: Display: Loaded TP TVOSTargetPlatform
[2018.10.04-03.58.48:860][  0]LogTemp: Display: Loaded TP LinuxClientTargetPlatform
[2018.10.04-03.58.48:897][  0]LogTemp: Display: Loaded TP LinuxNoEditorTargetPlatform
[2018.10.04-03.58.48:933][  0]LogTemp: Display: Loaded TP LinuxServerTargetPlatform
[2018.10.04-03.58.48:979][  0]LogTemp: Display: Loaded TP LinuxTargetPlatform
[2018.10.04-03.58.49:009][  0]LogTemp: Display: Loaded TP LuminTargetPlatform
[2018.10.04-03.58.49:009][  0]LogTargetPlatformManager: Display: Building Assets For Windows
[2018.10.04-03.58.49:491][  0]LogXGEController: Cleaning working directory: C:/Users/Peter/AppData/Local/Temp/UnrealXGEWorkingDir/
[2018.10.04-03.58.49:491][  0]LogXGEController: Cannot use XGE Controller as Incredibuild is not installed on this machine.
[2018.10.04-03.58.49:492][  0]LogShaderCompilers: Cannot use XGE Shader Compiler as Incredibuild is not installed on this machine.
[2018.10.04-03.58.49:492][  0]LogShaderCompilers: Display: Using Local Shader Compiler.
[2018.10.04-03.58.52:318][  0]LogDerivedDataCache: Display: Max Cache Size: 512 MB
[2018.10.04-03.58.52:886][  0]LogDerivedDataCache: Loaded boot cache 0.57s 71MB C:/Users/Peter/AppData/Local/UnrealEngine/4.20/DerivedDataCache/Boot.ddc.
[2018.10.04-03.58.52:887][  0]LogDerivedDataCache: Display: Loaded Boot cache: C:/Users/Peter/AppData/Local/UnrealEngine/4.20/DerivedDataCache/Boot.ddc
[2018.10.04-03.58.52:887][  0]LogDerivedDataCache: FDerivedDataBackendGraph:  Pak pak cache file ../../../../../../Users/Peter/Documents/Unreal Projects/FPSProject/DerivedDataCache/DDC.ddp not found, will not use a pak cache.
[2018.10.04-03.58.52:887][  0]LogDerivedDataCache: Unable to find inner node Pak for hierarchical cache Hierarchy.
[2018.10.04-03.58.52:887][  0]LogDerivedDataCache: FDerivedDataBackendGraph:  CompressedPak pak cache file ../../../../../../Users/Peter/Documents/Unreal Projects/FPSProject/DerivedDataCache/Compressed.ddp not found, will not use a pak cache.
[2018.10.04-03.58.52:887][  0]LogDerivedDataCache: Unable to find inner node CompressedPak for hierarchical cache Hierarchy.
[2018.10.04-03.58.52:922][  0]LogDerivedDataCache: Display: Pak cache opened for reading ../../../Engine/DerivedDataCache/Compressed.ddp.
[2018.10.04-03.58.52:935][  0]LogDerivedDataCache: Using Local data cache path C:/Users/Peter/AppData/Local/UnrealEngine/Common/DerivedDataCache: Writable
[2018.10.04-03.58.52:935][  0]LogDerivedDataCache: Shared data cache path not found in *engine.ini, will not use an Shared cache.
[2018.10.04-03.58.52:935][  0]LogDerivedDataCache: Unable to find inner node Shared for hierarchical cache Hierarchy.
[2018.10.04-03.58.52:968][  0]LogMaterial: Verifying Global Shaders for PCD3D_SM5
[2018.10.04-03.58.52:974][  0]LogSlate: Using FreeType 2.6.0
[2018.10.04-03.58.52:993][  0]LogSlate: SlateFontServices - WITH_FREETYPE: 1, WITH_HARFBUZZ: 1
[2018.10.04-03.58.53:300][  0]LogAssetRegistry: FAssetRegistry took 0.0322 seconds to start up
[2018.10.04-03.58.53:925][  0]LogInit: Selected Device Profile: [Windows]
[2018.10.04-03.58.54:332][  0]LogSimplygon: Simplygon DLL not present - disabling.
[2018.10.04-03.58.54:386][  0]LogMeshReduction: Using SimplygonSwarm for distributed automatic mesh merging
[2018.10.04-03.58.54:386][  0]LogMeshReduction: Using ProxyLODMeshReduction for automatic mesh merging
[2018.10.04-03.58.54:387][  0]LogMeshReduction: Using QuadricMeshReduction for automatic static mesh reduction
[2018.10.04-03.58.54:387][  0]LogMeshReduction: No automatic skeletal mesh reduction module available
[2018.10.04-03.58.54:579][  0]LogNetVersion: FPSProject 1.0.0, NetCL: 4212847, EngineNetVer: 5, GameNetVer: 0 (Checksum: 131968215)
[2018.10.04-03.58.56:212][  0]LogPackageLocalizationCache: Processed 11 localized package path(s) for 2 prioritized culture(s) in 0.165583 seconds
[2018.10.04-03.58.56:222][  0]LogUObjectArray: 38425 objects as part of root set at end of initial load.
[2018.10.04-03.58.56:222][  0]LogUObjectAllocator: 6690864 out of 0 bytes used by permanent object pool.
[2018.10.04-03.58.56:222][  0]LogUObjectArray: CloseDisregardForGC: 0/0 objects in disregard for GC pool
[2018.10.04-03.59.00:708][  0]LogTcpMessaging: Initializing TcpMessaging bridge
[2018.10.04-03.59.00:742][  0]LogUdpMessaging: Initializing bridge on interface 0.0.0.0:0 to multicast group 230.0.0.1:6666.
[2018.10.04-03.59.01:348][  0]SourceControl: Source control is disabled
[2018.10.04-03.59.01:349][  0]SourceControl: Source control is disabled
[2018.10.04-03.59.01:380][  0]SourceControl: Source control is disabled
[2018.10.04-03.59.01:400][  0]SourceControl: Source control is disabled
[2018.10.04-03.59.02:332][  0]LogAndroidPermission: UAndroidPermissionCallbackProxy::GetInstance
[2018.10.04-03.59.02:502][  0]LogOcInput: OculusInput pre-init called
[2018.10.04-03.59.02:719][  0]LogEngine: Initializing Engine...
[2018.10.04-03.59.02:721][  0]LogHMD: Failed to initialize OpenVR with code 110
[2018.10.04-03.59.02:725][  0]LogStats: UGameplayTagsManager::ConstructGameplayTagTree: ImportINI prefixes -  0.001 s
[2018.10.04-03.59.02:725][  0]LogStats: UGameplayTagsManager::ConstructGameplayTagTree: Construct from data asset -  0.000 s
[2018.10.04-03.59.02:725][  0]LogStats: UGameplayTagsManager::ConstructGameplayTagTree: ImportINI -  0.000 s
[2018.10.04-03.59.02:725][  0]LogStats: UGameplayTagsManager::ConstructGameplayTagTree: GameplayTagTreeChangedEvent.Broadcast -  0.000 s
[2018.10.04-03.59.03:270][  0]LogInit: Initializing FReadOnlyCVARCache
[2018.10.04-03.59.03:328][  0]LogAIModule: Creating AISystem for world Untitled
[2018.10.04-03.59.03:350][  0]LogInit: XAudio2 using 'Speakers (2- High Definition Audio Device)' : 2 channels at 44.1 kHz using 16 bits per sample (channel mask 0x3)
[2018.10.04-03.59.03:368][  0]LogInit: FAudioDevice initialized.
[2018.10.04-03.59.03:368][  0]LogNetVersion: Set ProjectVersion to 1.0.0.0. Version Checksum will be recalculated on next use.
[2018.10.04-03.59.03:517][  0]LogDerivedDataCache: Saved boot cache 0.15s 71MB C:/Users/Peter/AppData/Local/UnrealEngine/4.20/DerivedDataCache/Boot.ddc.
[2018.10.04-03.59.03:533][  0]LogInit: Texture streaming: Enabled
[2018.10.04-03.59.03:627][  0]LogEngineSessionManager: EngineSessionManager initialized
[2018.10.04-03.59.03:664][  0]LogInit: Transaction tracking system initialized
[2018.10.04-03.59.03:800][  0]BlueprintLog: New page: Editor Load
[2018.10.04-03.59.04:390][  0]LocalizationService: Localization service is disabled
[2018.10.04-03.59.05:395][  0]LogFileCache: Scanning file cache for directory 'C:/Users/Peter/Documents/Unreal Projects/FPSProject/Content/' took 0.02s
[2018.10.04-03.59.05:395][  0]LogCook: Display: Max memory allowance for cook 16384mb min free memory 0mb
[2018.10.04-03.59.05:400][  0]LogCook: Display: Mobile HDR setting 1
[2018.10.04-03.59.05:401][  0]LogGameplayTags: Display: UGameplayTagsManager::DoneAddingNativeTags. DelegateIsBound: 0
[2018.10.04-03.59.05:401][  0]LogStats: UGameplayTagsManager::ConstructGameplayTagTree: ImportINI prefixes -  0.000 s
[2018.10.04-03.59.05:401][  0]LogStats: UGameplayTagsManager::ConstructGameplayTagTree: Construct from data asset -  0.000 s
[2018.10.04-03.59.05:401][  0]LogStats: UGameplayTagsManager::ConstructGameplayTagTree: ImportINI -  0.000 s
[2018.10.04-03.59.05:401][  0]LogStats: UGameplayTagsManager::ConstructGameplayTagTree: GameplayTagTreeChangedEvent.Broadcast -  0.000 s
[2018.10.04-03.59.06:218][  0]SourceControl: Source control is disabled
[2018.10.04-03.59.06:219][  0]Cmd: MAP LOAD FILE="../../../../../../Users/Peter/Documents/Unreal Projects/FPSProject/Content/Maps/FPSMap.umap" TEMPLATE=0 SHOWPROGRESS=1 FEATURELEVEL=3
[2018.10.04-03.59.06:228][  0]LightingResults: New page: Lighting Build
[2018.10.04-03.59.06:237][  0]MapCheck: New page: Map Check
[2018.10.04-03.59.06:237][  0]LightingResults: New page: Lighting Build
[2018.10.04-03.59.06:715][  0]LogAIModule: Creating AISystem for world FPSMap
[2018.10.04-03.59.06:745][  0]LogEditorServer: Finished looking for orphan Actors (0.000 secs)
[2018.10.04-03.59.06:789][  0]Cmd: MAP CHECKDEP NOCLEARLOG
[2018.10.04-03.59.06:871][  0]MapCheck: Map check complete: 0 Error(s), 0 Warning(s), took 81.907ms to complete.
[2018.10.04-03.59.06:871][  0]LogFileHelpers: Loading map 'FPSMap' took 0.653
[2018.10.04-03.59.07:058][  0]LogSlate: Updating window title bar state: overlay mode, drag disabled, window buttons hidden, title bar hidden
[2018.10.04-03.59.07:070][  0]LogSlate: Updating window title bar state: overlay mode, drag disabled, window buttons hidden, title bar hidden
[2018.10.04-03.59.07:081][  0]LogSlate: Updating window title bar state: overlay mode, drag disabled, window buttons hidden, title bar hidden
[2018.10.04-03.59.07:092][  0]LogSlate: Updating window title bar state: overlay mode, drag disabled, window buttons hidden, title bar hidden
[2018.10.04-03.59.07:123][  0]LogCollectionManager: Loaded 0 collections in 0.001935 seconds
[2018.10.04-03.59.07:179][  0]LogFileCache: Scanning file cache for directory 'C:/Users/Peter/Documents/Unreal Projects/FPSProject/Saved/Collections/' took 0.01s
[2018.10.04-03.59.07:179][  0]LogFileCache: Scanning file cache for directory 'C:/Users/Peter/Documents/Unreal Projects/FPSProject/Content/Developers/Peter/Collections/' took 0.01s
[2018.10.04-03.59.07:179][  0]LogFileCache: Scanning file cache for directory 'C:/Users/Peter/Documents/Unreal Projects/FPSProject/Content/Collections/' took 0.01s
[2018.10.04-03.59.07:179][  0]LogCollectionManager: Rebuilt the GUID cache for 0 collections in 0.000000 seconds
[2018.10.04-03.59.07:198][  0]LogContentBrowser: Native class hierarchy populated in 0.0193 seconds. Added 2575 classes and 605 folders.
[2018.10.04-03.59.07:208][  0]LogContentBrowser: Native class hierarchy updated for 'WidgetCarousel' in 0.0004 seconds. Added 0 classes and 0 folders.
[2018.10.04-03.59.07:652][  0]LogContentBrowser: Native class hierarchy updated for 'AddContentDialog' in 0.0004 seconds. Added 0 classes and 0 folders.
[2018.10.04-03.59.07:683][  0]LogContentBrowser: Native class hierarchy updated for 'SceneOutliner' in 0.0005 seconds. Added 1 classes and 2 folders.
[2018.10.04-03.59.07:748][  0]LogSlate: Took 0.007124 seconds to synchronously load lazily loaded font '../../../Engine/Content/Slate/Fonts/Roboto-Regular.ttf' (155K)
[2018.10.04-03.59.07:757][  0]LogSlate: Took 0.006483 seconds to synchronously load lazily loaded font '../../../Engine/Content/Slate/Fonts/Roboto-Bold.ttf' (160K)
[2018.10.04-03.59.07:773][  0]LogSlate: Took 0.007019 seconds to synchronously load lazily loaded font '../../../Engine/Content/Editor/Slate/Fonts/FontAwesome.ttf' (139K)
[2018.10.04-03.59.07:966][  0]LogRenderer: Reallocating scene render targets to support 1208x576 Format 10 NumSamples 1 (Frame:1).
[2018.10.04-03.59.08:068][  0]LogSlate: Took 0.007220 seconds to synchronously load lazily loaded font '../../../Engine/Content/Slate/Fonts/Roboto-Light.ttf' (167K)
[2018.10.04-03.59.08:239][  0]LogContentBrowser: Native class hierarchy updated for 'HierarchicalLODOutliner' in 0.0006 seconds. Added 0 classes and 0 folders.
[2018.10.04-03.59.08:239][  0]LogLoad: (Engine Initialization) Total time: 30.57 seconds
[2018.10.04-03.59.08:239][  0]LogLoad: (Engine Initialization) Total Blueprint compile time: 0.00 seconds
[2018.10.04-03.59.08:280][  0]LogContentStreaming: Texture pool size now 1000 MB
[2018.10.04-03.59.08:338][  1]LogAssetRegistry: Asset discovery search completed in 15.0611 seconds
[2018.10.04-03.59.08:341][  1]LogCollectionManager: Rebuilt the object cache for 0 collections in 0.000000 seconds (found 0 objects)
[2018.10.04-03.59.08:341][  1]LogCollectionManager: Fixed up redirectors for 0 collections in 0.000082 seconds (updated 0 objects)
[2018.10.04-03.59.47:388][118]LogSlate: FSceneViewport::OnFocusLost() reason 0
[2018.10.04-04.04.27:339][486]LogHotReload: New module detected: UE4Editor-FPSProject-8430.dll
[2018.10.04-04.04.29:026][492]LogHotReload: Starting Hot-Reload from IDE
[2018.10.04-04.04.29:039][492]LogSlate: Took 0.000250 seconds to synchronously load lazily loaded font '../../../Engine/Content/Slate/Fonts/Roboto-Light.ttf' (167K)
[2018.10.04-04.04.29:119][492]LogClass: Could not find existing class FPSProjectile in package /Script/FPSProject for HotReload, assuming new class
[2018.10.04-04.04.29:127][492]LogHotReload: Re-instancing FPSProjectile after hot-reload.
[2018.10.04-04.04.29:214][492]LogContentBrowser: Native class hierarchy updated for 'FPSProject' in 0.0005 seconds. Added 3 classes and 2 folders.
[2018.10.04-04.04.29:218][492]Display: HotReload successful (4 functions remapped  0 scriptstructs remapped)
[2018.10.04-04.04.29:345][492]LogContentBrowser: Native class hierarchy populated in 0.0177 seconds. Added 2576 classes and 607 folders.
[2018.10.04-04.04.29:359][492]Display: HotReload took  0.3s.
[2018.10.04-04.06.10:903][162]LogAssetEditorManager: Opening Asset editor for Class /Script/FPSProject.FPSCharacter
[2018.10.04-04.06.19:861][938]LogAssetEditorManager: Opening Asset editor for Blueprint /Game/Blueprints/BP_FPSCharacter.BP_FPSCharacter
[2018.10.04-04.06.20:814][938]LogContentBrowser: Native class hierarchy updated for 'BlueprintGraph' in 0.0010 seconds. Added 116 classes and 0 folders.
[2018.10.04-04.06.32:434][772]LogSlate: Window 'BP_FPSCharacter' being destroyed
[2018.10.04-04.06.32:436][772]LogSlate: Window 'BP_FPSCharacter' being destroyed
[2018.10.04-04.16.30:369][150]LogHotReload: New module detected: UE4Editor-FPSProject-6855.dll
[2018.10.04-04.16.31:742][155]LogHotReload: Starting Hot-Reload from IDE
[2018.10.04-04.16.31:842][155]LogClass: Could not find existing class FPSCharacter in package /Script/FPSProject for HotReload, assuming new class
[2018.10.04-04.16.31:842][155]LogClass: Function Fire is new.
[2018.10.04-04.16.31:842][155]LogClass: Function MoveForward is new.
[2018.10.04-04.16.31:842][155]LogClass: Function MoveRight is new.
[2018.10.04-04.16.31:842][155]LogClass: Function StartJump is new.
[2018.10.04-04.16.31:842][155]LogClass: Function StopJump is new.
[2018.10.04-04.16.31:860][155]LogHotReload: Re-instancing FPSCharacter after hot-reload.
[2018.10.04-04.16.32:157][155]LogContentBrowser: Native class hierarchy updated for 'FPSProject' in 0.0005 seconds. Added 3 classes and 2 folders.
[2018.10.04-04.16.32:163][155]Display: HotReload successful (0 functions remapped  0 scriptstructs remapped)
[2018.10.04-04.16.32:722][155]LogContentBrowser: Native class hierarchy populated in 0.0179 seconds. Added 2576 classes and 607 folders.
[2018.10.04-04.16.32:735][155]Display: HotReload took  1.0s.
[2018.10.04-04.28.51:831][359]LogHotReload: New module detected: UE4Editor-FPSProject-1860.dll
[2018.10.04-04.28.53:204][364]LogHotReload: Starting Hot-Reload from IDE
[2018.10.04-04.28.53:409][364]LogContentBrowser: Native class hierarchy updated for 'FPSProject' in 0.0008 seconds. Added 3 classes and 2 folders.
[2018.10.04-04.28.53:415][364]Display: HotReload successful (5 functions remapped  0 scriptstructs remapped)
[2018.10.04-04.28.54:014][364]LogContentBrowser: Native class hierarchy populated in 0.0172 seconds. Added 2576 classes and 607 folders.
[2018.10.04-04.28.54:027][364]Display: HotReload took  0.8s.
[2018.10.04-04.30.14:411][171]LogFactory: FactoryCreateFile: StaticMesh with FbxFactory (0 0 ../../../../../../Users/Peter/Downloads/Sphere/Sphere.FBX)
[2018.10.04-04.30.14:448][171]LogFbx: Loading FBX Scene from ../../../../../../Users/Peter/Downloads/Sphere/Sphere.FBX
[2018.10.04-04.30.14:462][171]LogFbx: FBX Scene Loaded Succesfully
[2018.10.04-04.30.21:626][171]LogSlate: Window 'FBX Import Options' being destroyed
[2018.10.04-04.30.21:842][171]LogMaterial: Display: Missing cached shader map for material Fbx_Default_Material, compiling. 
[2018.10.04-04.30.21:914][171]LogShaderCompilers: Display: Shaders left to compile 22
[2018.10.04-04.30.21:914][171]LogShaderCompilers: Display: Shaders left to compile 12
[2018.10.04-04.30.21:914][171]LogShaderCompilers: Display: Shaders left to compile 2
[2018.10.04-04.30.21:922][171]LogStaticMesh: Building static mesh Sphere...
[2018.10.04-04.30.21:937][171]LogStaticMesh: Built static mesh [0.01s] /Game/Sphere.Sphere
[2018.10.04-04.30.21:958][171]FBXImport: Warning: No smoothing group information was found in this FBX scene.  Please make sure to enable the 'Export Smoothing Groups' option in the FBX Exporter plug-in before exporting the file.  Even for tools that don't support smoothing groups, the FBX Exporter will generate appropriate smoothing data at export-time so that correct vertex normals can be inferred while importing. 
[2018.10.04-04.30.26:609][654]LogSlate: Window 'Message Log' being destroyed
[2018.10.04-04.30.26:612][654]LogSlate: Window 'Message Log' being destroyed
[2018.10.04-04.30.31:281][919]LogFileHelpers: Editor autosave (incl. sublevels) for '/Game/Maps/FPSMap' took 0.098
[2018.10.04-04.30.31:282][919]OBJ SavePackage: Generating thumbnails for [1] asset(s) in package [/Game/Sphere] ([1] browsable assets)...
[2018.10.04-04.30.31:302][919]OBJ SavePackage:     Rendered thumbnail for [StaticMesh /Game/Sphere.Sphere]
[2018.10.04-04.30.31:302][919]OBJ SavePackage: Finished generating thumbnails for package [/Game/Sphere]
[2018.10.04-04.30.31:302][919]Cmd: OBJ SAVEPACKAGE PACKAGE="/Game/Sphere" FILE="../../../../../../Users/Peter/Documents/Unreal Projects/FPSProject/Saved/Autosaves/Game/Sphere_Auto1.uasset" SILENT=false AUTOSAVING=true
[2018.10.04-04.30.31:326][919]LogSavePackage: Moving '../../../../../../Users/Peter/Documents/Unreal Projects/FPSProject/Saved/Sphere_Auto1ACD9C4304D70FE67C9603C9017136D73.tmp' to '../../../../../../Users/Peter/Documents/Unreal Projects/FPSProject/Saved/Autosaves/Game/Sphere_Auto1.uasset'
[2018.10.04-04.30.31:328][919]OBJ SavePackage: Generating thumbnails for [1] asset(s) in package [/Game/Fbx_Default_Material] ([1] browsable assets)...
[2018.10.04-04.30.31:348][919]OBJ SavePackage:     Rendered thumbnail for [Material /Game/Fbx_Default_Material.Fbx_Default_Material]
[2018.10.04-04.30.31:348][919]OBJ SavePackage: Finished generating thumbnails for package [/Game/Fbx_Default_Material]
[2018.10.04-04.30.31:369][919]LogSavePackage: Moving '../../../../../../Users/Peter/Documents/Unreal Projects/FPSProject/Saved/Fbx_Default_Material_Auto101F07B44448FAEAC276696884F4471EC.tmp' to '../../../../../../Users/Peter/Documents/Unreal Projects/FPSProject/Saved/Autosaves/Game/Fbx_Default_Material_Auto1.uasset'
[2018.10.04-04.30.31:371][919]LogFileHelpers: Auto-saving content packages took 0.089
[2018.10.04-04.30.41:377][499]Cmd: OBJ SAVEPACKAGE PACKAGE="/Game/Maps/FPSMap" FILE="../../../../../../Users/Peter/Documents/Unreal Projects/FPSProject/Content/Maps/FPSMap.umap" SILENT=true AUTOSAVING=false KEEPDIRTY=false
[2018.10.04-04.30.41:486][499]LogSavePackage: Moving '../../../../../../Users/Peter/Documents/Unreal Projects/FPSProject/Saved/FPSMap6C3D20AD4B8E34F7BD6D3AA1890809CD.tmp' to '../../../../../../Users/Peter/Documents/Unreal Projects/FPSProject/Content/Maps/FPSMap.umap'
[2018.10.04-04.30.41:542][499]Cmd: OBJ SAVEPACKAGE PACKAGE="/Game/Maps/FPSMap_BuiltData" FILE="../../../../../../Users/Peter/Documents/Unreal Projects/FPSProject/Content/Maps/FPSMap_BuiltData.uasset" SILENT=true
[2018.10.04-04.30.41:578][499]LogSavePackage: Moving '../../../../../../Users/Peter/Documents/Unreal Projects/FPSProject/Saved/FPSMap_BuiltDataFB98D3DA466F2D295C300CBCF80FA293.tmp' to '../../../../../../Users/Peter/Documents/Unreal Projects/FPSProject/Content/Maps/FPSMap_BuiltData.uasset'
[2018.10.04-04.30.44:893][843]Cmd: OBJ SAVEPACKAGE PACKAGE="/Game/Sphere" FILE="../../../../../../Users/Peter/Documents/Unreal Projects/FPSProject/Content/Sphere.uasset" SILENT=true
[2018.10.04-04.30.44:907][843]LogSavePackage: Moving '../../../../../../Users/Peter/Documents/Unreal Projects/FPSProject/Saved/Sphere405A228B4C6E11522261879801C54EBB.tmp' to '../../../../../../Users/Peter/Documents/Unreal Projects/FPSProject/Content/Sphere.uasset'
[2018.10.04-04.30.47:510][108]Cmd: OBJ SAVEPACKAGE PACKAGE="/Game/Fbx_Default_Material" FILE="../../../../../../Users/Peter/Documents/Unreal Projects/FPSProject/Content/Fbx_Default_Material.uasset" SILENT=true
[2018.10.04-04.30.47:525][108]LogSavePackage: Moving '../../../../../../Users/Peter/Documents/Unreal Projects/FPSProject/Saved/Fbx_Default_Material8C7CB8054569B16B495C8AB5568C193D.tmp' to '../../../../../../Users/Peter/Documents/Unreal Projects/FPSProject/Content/Fbx_Default_Material.uasset'
[2018.10.04-04.31.20:221][548]LogSlate: Window 'Pick Parent Class' being destroyed
[2018.10.04-04.31.49:287][457]LogAssetEditorManager: Opening Asset editor for Blueprint /Game/Blueprints/BP_FPSProjectile.BP_FPSProjectile
[2018.10.04-04.31.49:915][458]LogRenderer: Reallocating scene render targets to support 1208x648 Format 10 NumSamples 1 (Frame:1).
[2018.10.04-04.31.59:012][544]LogSlate: Took 0.015399 seconds to synchronously load lazily loaded font '../../../Engine/Content/Slate/Fonts/Roboto-Italic.ttf' (157K)
[2018.10.04-04.35.09:860][976]LogClass: Warning: In asset 'None', there is an enum property of type 'ECollisionEnabled' with an invalid value of ''
[2018.10.04-04.35.09:860][976]LogClass: Warning: In asset 'None', there is an enum property of type 'ECollisionEnabled' with an invalid value of ''
[2018.10.04-04.35.09:863][976]LogClass: Warning: In asset 'None', there is an enum property of type 'ECollisionChannel' with an invalid value of ''
[2018.10.04-04.35.09:863][976]LogClass: Warning: In asset 'None', there is an enum property of type 'ECollisionChannel' with an invalid value of ''
[2018.10.04-04.35.15:998][104]BlueprintLog: New page: Compile BP_FPSProjectile
[2018.10.04-04.35.17:514][208]Cmd: OBJ SAVEPACKAGE PACKAGE="/Game/Blueprints/BP_FPSProjectile" FILE="../../../../../../Users/Peter/Documents/Unreal Projects/FPSProject/Content/Blueprints/BP_FPSProjectile.uasset" SILENT=true
[2018.10.04-04.35.17:543][208]LogSavePackage: Moving '../../../../../../Users/Peter/Documents/Unreal Projects/FPSProject/Saved/BP_FPSProjectile0A263DD8416DC172113FF6AE47CFEEFC.tmp' to '../../../../../../Users/Peter/Documents/Unreal Projects/FPSProject/Content/Blueprints/BP_FPSProjectile.uasset'
[2018.10.04-04.35.24:889][336]LogSlate: Window 'BP_FPSProjectile' being destroyed
[2018.10.04-04.35.24:892][336]LogSlate: Window 'BP_FPSProjectile' being destroyed
[2018.10.04-04.35.26:335][491]LogAssetEditorManager: Opening Asset editor for Blueprint /Game/Blueprints/BP_FPSCharacter.BP_FPSCharacter
[2018.10.04-04.35.32:319][928]LogSlate: Window 'BP_FPSCharacter' being destroyed
[2018.10.04-04.35.32:426][928]LogAssetEditorManager: Opening Asset editor for Blueprint /Game/Blueprints/BP_FPSCharacter.BP_FPSCharacter
[2018.10.04-04.35.32:944][928]LogSlate: Took 0.006387 seconds to synchronously load lazily loaded font '../../../Engine/Content/Slate/Fonts/Roboto-BoldCondensed.ttf' (158K)
[2018.10.04-04.35.40:707][567]LogSlate: Prevented a slow task dialog from being summoned while a context menu was open
[2018.10.04-04.35.47:546][181]BlueprintLog: New page: Compile BP_FPSCharacter
[2018.10.04-04.35.51:748][497]Cmd: OBJ SAVEPACKAGE PACKAGE="/Game/Blueprints/BP_FPSCharacter" FILE="../../../../../../Users/Peter/Documents/Unreal Projects/FPSProject/Content/Blueprints/BP_FPSCharacter.uasset" SILENT=true
[2018.10.04-04.35.51:788][497]LogSavePackage: Moving '../../../../../../Users/Peter/Documents/Unreal Projects/FPSProject/Saved/BP_FPSCharacter236044E14970C84B734D4694079B3176.tmp' to '../../../../../../Users/Peter/Documents/Unreal Projects/FPSProject/Content/Blueprints/BP_FPSCharacter.uasset'
[2018.10.04-04.35.54:793][744]LogSlate: Window 'BP_FPSCharacter' being destroyed
[2018.10.04-04.35.54:796][744]LogSlate: Window 'BP_FPSCharacter' being destroyed
[2018.10.04-04.36.01:745][898]LogAssetEditorManager: Opening Asset editor for Blueprint /Game/Blueprints/BP_FPSCharacter.BP_FPSCharacter
[2018.10.04-04.36.27:558][605]BlueprintLog: New page: Compile BP_FPSCharacter
[2018.10.04-04.36.28:683][669]Cmd: OBJ SAVEPACKAGE PACKAGE="/Game/Blueprints/BP_FPSCharacter" FILE="../../../../../../Users/Peter/Documents/Unreal Projects/FPSProject/Content/Blueprints/BP_FPSCharacter.uasset" SILENT=true
[2018.10.04-04.36.28:718][669]LogSavePackage: Moving '../../../../../../Users/Peter/Documents/Unreal Projects/FPSProject/Saved/BP_FPSCharacterFB2AB3C543DD61C965A6EFAA3E238251.tmp' to '../../../../../../Users/Peter/Documents/Unreal Projects/FPSProject/Content/Blueprints/BP_FPSCharacter.uasset'
[2018.10.04-04.36.30:599][821]LogSlate: Window 'BP_FPSCharacter' being destroyed
[2018.10.04-04.36.30:602][821]LogSlate: Window 'BP_FPSCharacter' being destroyed
[2018.10.04-04.36.33:151][113]LogTemp: Repeating last play command: Selected Viewport
[2018.10.04-04.36.33:196][113]LogPlayLevel: PlayLevel: No blueprints needed recompiling
[2018.10.04-04.36.33:211][113]PIE: New page: PIE session: FPSMap (Oct 3, 2018, 6:36:33 PM)
[2018.10.04-04.36.33:211][113]LogPlayLevel: Creating play world package: /Game/Maps/UEDPIE_0_FPSMap
[2018.10.04-04.36.33:215][113]LogPlayLevel: PIE: StaticDuplicateObject took: (0.004589s)
[2018.10.04-04.36.33:216][113]LogAIModule: Creating AISystem for world FPSMap
[2018.10.04-04.36.33:217][113]LogPlayLevel: PIE: World Init took: (0.001222s)
[2018.10.04-04.36.33:217][113]LogPlayLevel: PIE: Created PIE world by copying editor world from /Game/Maps/FPSMap.FPSMap to /Game/Maps/UEDPIE_0_FPSMap.FPSMap (0.006015s)
[2018.10.04-04.36.33:267][113]LogInit: XAudio2 using 'Speakers (2- High Definition Audio Device)' : 2 channels at 44.1 kHz using 16 bits per sample (channel mask 0x3)
[2018.10.04-04.36.33:276][113]LogInit: FAudioDevice initialized.
[2018.10.04-04.36.33:338][113]LogLoad: Game class is 'BP_FPSProjectGameModeBase_C'
[2018.10.04-04.36.33:341][113]LogWorld: Bringing World /Game/Maps/UEDPIE_0_FPSMap.FPSMap up for play (max tick rate 0) at 2018.10.03-23.36.33
[2018.10.04-04.36.33:341][113]LogWorld: Bringing up level for play took: 0.000672
[2018.10.04-04.36.33:362][113]LogContentBrowser: Native class hierarchy updated for 'MovieSceneCapture' in 0.0005 seconds. Added 10 classes and 0 folders.
[2018.10.04-04.36.33:367][113]PIE: Play in editor start time for /Game/Maps/UEDPIE_0_FPSMap -0.089
[2018.10.04-04.36.59:181][194]LogSlate: Updating window title bar state: overlay mode, drag disabled, window buttons hidden, title bar hidden
[2018.10.04-04.36.59:220][194]LogPlayLevel: Display: Shutting down PIE online subsystems
[2018.10.04-04.36.59:257][194]LogSlate: Updating window title bar state: overlay mode, drag disabled, window buttons hidden, title bar hidden
[2018.10.04-04.36.59:285][195]LogPlayLevel: Display: Destroying online subsystem :Context_12
[2018.10.04-04.37.42:441][575]LogSlate: FSceneViewport::OnFocusLost() reason 0
[2018.10.04-04.37.42:660][582]LogSlate: Window 'FPSProject - Unreal Editor' being destroyed
[2018.10.04-04.37.42:661][582]LogWindowsTextInputMethodSystem: Display: IME system now deactivated.
[2018.10.04-04.37.42:863][583]Cmd: QUIT_EDITOR
[2018.10.04-04.37.43:065][583]LogExit: Preparing to exit.
[2018.10.04-04.37.43:643][583]LogExit: Editor shut down
[2018.10.04-04.37.43:643][583]LogExit: Transaction tracking system shut down
[2018.10.04-04.37.43:925][583]LogExit: Object subsystem successfully closed.
[2018.10.04-04.37.43:941][583]LogShaderCompilers: Display: Shaders left to compile 0
[2018.10.04-04.37.43:945][583]LogD3D11RHI: Shutdown
[2018.10.04-04.37.43:945][583]LogD3D11RHI: CleanupD3DDevice
[2018.10.04-04.37.43:948][583]LogD3D11RHI: ~FD3D11DynamicRHI
[2018.10.04-04.37.43:985][583]LogModuleManager: Shutting down and abandoning module MovieSceneCapture (625)
[2018.10.04-04.37.43:985][583]LogModuleManager: Shutting down and abandoning module Voice (623)
[2018.10.04-04.37.43:985][583]LogModuleManager: Shutting down and abandoning module HierarchicalLODUtilities (621)
[2018.10.04-04.37.43:985][583]LogModuleManager: Shutting down and abandoning module MeshBuilder (619)
[2018.10.04-04.37.43:985][583]LogModuleManager: Shutting down and abandoning module FPSProject (617)
[2018.10.04-04.37.43:985][583]LogModuleManager: Shutting down and abandoning module BlueprintGraph (615)
[2018.10.04-04.37.43:985][583]LogModuleManager: Shutting down and abandoning module HierarchicalLODOutliner (612)
[2018.10.04-04.37.43:985][583]LogModuleManager: Shutting down and abandoning module SceneOutliner (610)
[2018.10.04-04.37.43:985][583]LogModuleManager: Shutting down and abandoning module AddContentDialog (608)
[2018.10.04-04.37.43:986][583]LogModuleManager: Shutting down and abandoning module WidgetCarousel (607)
[2018.10.04-04.37.43:986][583]LogModuleManager: Shutting down and abandoning module EditorWidgets (604)
[2018.10.04-04.37.43:986][583]LogModuleManager: Shutting down and abandoning module CollectionManager (602)
[2018.10.04-04.37.43:986][583]LogModuleManager: Shutting down and abandoning module StatsViewer (600)
[2018.10.04-04.37.43:986][583]LogModuleManager: Shutting down and abandoning module FoliageEdit (598)
[2018.10.04-04.37.43:986][583]LogModuleManager: Shutting down and abandoning module LandscapeEditor (596)
[2018.10.04-04.37.43:988][583]LogModuleManager: Shutting down and abandoning module MeshPaintMode (594)
[2018.10.04-04.37.43:988][583]LogModuleManager: Shutting down and abandoning module SceneDepthPickerMode (592)
[2018.10.04-04.37.43:988][583]LogModuleManager: Shutting down and abandoning module ActorPickerMode (590)
[2018.10.04-04.37.43:988][583]LogModuleManager: Shutting down and abandoning module GeometryMode (588)
[2018.10.04-04.37.43:988][583]LogModuleManager: Shutting down and abandoning module TextureAlignMode (586)
[2018.10.04-04.37.43:988][583]LogModuleManager: Shutting down and abandoning module BspMode (584)
[2018.10.04-04.37.43:988][583]LogModuleManager: Shutting down and abandoning module PIEPreviewDeviceProfileSelector (582)
[2018.10.04-04.37.43:988][583]LogModuleManager: Shutting down and abandoning module SequenceRecorderSections (580)
[2018.10.04-04.37.43:988][583]LogModuleManager: Shutting down and abandoning module AutomationWorker (578)
[2018.10.04-04.37.43:988][583]LogModuleManager: Shutting down and abandoning module AudioCaptureEditor (576)
[2018.10.04-04.37.43:988][583]LogModuleManager: Shutting down and abandoning module SequenceRecorder (575)
[2018.10.04-04.37.43:988][583]LogModuleManager: Shutting down and abandoning module MatineeToLevelSequence (572)
[2018.10.04-04.37.43:988][583]LogModuleManager: Shutting down and abandoning module LevelSequenceEditor (570)
[2018.10.04-04.37.43:988][583]LogModuleManager: Shutting down and abandoning module PlacementMode (569)
[2018.10.04-04.37.43:988][583]LogModuleManager: Shutting down and abandoning module MaterialEditor (568)
[2018.10.04-04.37.43:989][583]LogModuleManager: Shutting down and abandoning module WmfMediaFactory (564)
[2018.10.04-04.37.43:989][583]LogModuleManager: Shutting down and abandoning module WmfMediaEditor (562)
[2018.10.04-04.37.43:989][583]LogModuleManager: Shutting down and abandoning module MediaPlayerEditor (560)
[2018.10.04-04.37.43:989][583]LogModuleManager: Shutting down and abandoning module OpenExrWrapper (558)
[2018.10.04-04.37.43:989][583]LogModuleManager: Shutting down and abandoning module ImgMediaFactory (556)
[2018.10.04-04.37.43:989][583]LogModuleManager: Shutting down and abandoning module ImgMediaEditor (554)
[2018.10.04-04.37.43:989][583]LogModuleManager: Shutting down and abandoning module AvfMediaFactory (552)
[2018.10.04-04.37.43:989][583]LogModuleManager: Shutting down and abandoning module AvfMediaEditor (550)
[2018.10.04-04.37.43:989][583]LogModuleManager: Shutting down and abandoning module AndroidMediaFactory (548)
[2018.10.04-04.37.43:989][583]LogModuleManager: Shutting down and abandoning module AndroidMediaEditor (546)
[2018.10.04-04.37.43:989][583]LogModuleManager: Shutting down and abandoning module MagicLeapCameraPreviewFactory (544)
[2018.10.04-04.37.43:989][583]LogModuleManager: Shutting down and abandoning module MagicLeapMediaFactory (542)
[2018.10.04-04.37.43:989][583]LogModuleManager: Shutting down and abandoning module MagicLeapMediaEditor (540)
[2018.10.04-04.37.43:989][583]LogModuleManager: Shutting down and abandoning module CharacterAI (538)
[2018.10.04-04.37.43:989][583]LogModuleManager: Shutting down and abandoning module SmartSnapping (536)
[2018.10.04-04.37.43:990][583]LogModuleManager: Shutting down and abandoning module SessionServices (534)
[2018.10.04-04.37.43:990][583]LogModuleManager: Shutting down and abandoning module ViewportSnapping (532)
[2018.10.04-04.37.43:990][583]LogModuleManager: Shutting down and abandoning module ViewportInteraction (530)
[2018.10.04-04.37.43:990][583]LogModuleManager: Shutting down and abandoning module ClothPainter (528)
[2018.10.04-04.37.43:990][583]LogModuleManager: Shutting down and abandoning module SkeletalMeshEditor (527)
[2018.10.04-04.37.43:991][583]LogModuleManager: Shutting down and abandoning module LogVisualizer (524)
[2018.10.04-04.37.43:991][583]LogModuleManager: Shutting down and abandoning module IntroTutorials (522)
[2018.10.04-04.37.43:991][583]LogModuleManager: Shutting down and abandoning module GameProjectGeneration (521)
[2018.10.04-04.37.43:992][583]LogModuleManager: Shutting down and abandoning module LuminPlatformEditor (518)
[2018.10.04-04.37.43:992][583]LogModuleManager: Shutting down and abandoning module IOSPlatformEditor (516)
[2018.10.04-04.37.43:992][583]LogModuleManager: Shutting down and abandoning module HTML5PlatformEditor (514)
[2018.10.04-04.37.43:992][583]LogModuleManager: Shutting down and abandoning module AndroidPlatformEditor (512)
[2018.10.04-04.37.43:992][583]LogModuleManager: Shutting down and abandoning module AndroidDeviceDetection (511)
[2018.10.04-04.37.44:641][583]LogModuleManager: Shutting down and abandoning module WindowsPlatformEditor (508)
[2018.10.04-04.37.44:641][583]LogModuleManager: Shutting down and abandoning module LuminRuntimeSettings (506)
[2018.10.04-04.37.44:641][583]LogModuleManager: Shutting down and abandoning module IOSRuntimeSettings (504)
[2018.10.04-04.37.44:641][583]LogModuleManager: Shutting down and abandoning module AndroidRuntimeSettings (502)
[2018.10.04-04.37.44:641][583]LogModuleManager: Shutting down and abandoning module InputBindingEditor (500)
[2018.10.04-04.37.44:642][583]LogModuleManager: Shutting down and abandoning module MergeActors (498)
[2018.10.04-04.37.44:642][583]LogModuleManager: Shutting down and abandoning module LocalizationDashboard (496)
[2018.10.04-04.37.44:642][583]LogModuleManager: Shutting down and abandoning module LocalizationService (495)
[2018.10.04-04.37.44:642][583]LogModuleManager: Shutting down and abandoning module HardwareTargeting (492)
[2018.10.04-04.37.44:643][583]LogModuleManager: Shutting down and abandoning module DeviceProfileEditor (490)
[2018.10.04-04.37.44:643][583]LogModuleManager: Shutting down and abandoning module UndoHistory (488)
[2018.10.04-04.37.44:643][583]LogModuleManager: Shutting down and abandoning module XmlParser (486)
[2018.10.04-04.37.44:643][583]LogModuleManager: Shutting down and abandoning module Blutility (484)
[2018.10.04-04.37.44:643][583]LogModuleManager: Shutting down and abandoning module ProjectSettingsViewer (482)
[2018.10.04-04.37.44:643][583]LogModuleManager: Shutting down and abandoning module ProjectTargetPlatformEditor (481)
[2018.10.04-04.37.44:643][583]LogModuleManager: Shutting down and abandoning module EditorSettingsViewer (478)
[2018.10.04-04.37.44:643][583]LogModuleManager: Shutting down and abandoning module SettingsEditor (476)
[2018.10.04-04.37.44:643][583]LogModuleManager: Shutting down and abandoning module ProjectLauncher (474)
[2018.10.04-04.37.44:644][583]LogModuleManager: Shutting down and abandoning module SessionFrontend (472)
[2018.10.04-04.37.44:644][583]LogModuleManager: Shutting down and abandoning module ProfilerClient (470)
[2018.10.04-04.37.44:644][583]LogModuleManager: Shutting down and abandoning module DeviceManager (468)
[2018.10.04-04.37.44:644][583]LogModuleManager: Shutting down and abandoning module TargetDeviceServices (467)
[2018.10.04-04.37.44:688][583]LogModuleManager: Shutting down and abandoning module AutomationController (464)
[2018.10.04-04.37.44:688][583]LogModuleManager: Shutting down and abandoning module AutomationWindow (462)
[2018.10.04-04.37.44:688][583]LogModuleManager: Shutting down and abandoning module Layers (460)
[2018.10.04-04.37.44:690][583]LogModuleManager: Shutting down and abandoning module ComponentVisualizers (458)
[2018.10.04-04.37.44:690][583]LogModuleManager: Shutting down and abandoning module DetailCustomizations (456)
[2018.10.04-04.37.44:690][583]LogModuleManager: Shutting down and abandoning module PackagesDialog (454)
[2018.10.04-04.37.44:690][583]LogModuleManager: Shutting down and abandoning module Persona (452)
[2018.10.04-04.37.44:691][583]LogModuleManager: Shutting down and abandoning module AdvancedPreviewScene (451)
[2018.10.04-04.37.44:691][583]LogModuleManager: Shutting down and abandoning module AnimGraph (449)
[2018.10.04-04.37.44:691][583]LogModuleManager: Shutting down and abandoning module Kismet (446)
[2018.10.04-04.37.44:700][583]LogModuleManager: Shutting down and abandoning module GraphEditor (444)
[2018.10.04-04.37.44:700][583]LogModuleManager: Shutting down and abandoning module ClassViewer (442)
[2018.10.04-04.37.44:702][583]LogModuleManager: Shutting down and abandoning module Toolbox (440)
[2018.10.04-04.37.44:702][583]LogModuleManager: Shutting down and abandoning module DesktopPlatform (439)
[2018.10.04-04.37.44:702][583]LogModuleManager: Shutting down and abandoning module ModuleUI (436)
[2018.10.04-04.37.44:702][583]LogModuleManager: Shutting down and abandoning module MovieSceneTools (434)
[2018.10.04-04.37.44:702][583]LogModuleManager: Shutting down and abandoning module OutputLog (432)
[2018.10.04-04.37.44:702][583]LogModuleManager: Shutting down and abandoning module GammaUI (430)
[2018.10.04-04.37.44:703][583]LogModuleManager: Shutting down and abandoning module Documentation (428)
[2018.10.04-04.37.44:703][583]LogModuleManager: Shutting down and abandoning module MovieSceneTracks (426)
[2018.10.04-04.37.44:703][583]LogModuleManager: Shutting down and abandoning module MovieScene (424)
[2018.10.04-04.37.44:703][583]LogModuleManager: Shutting down and abandoning module StreamingPauseRendering (422)
[2018.10.04-04.37.44:703][583]LogModuleManager: Shutting down and abandoning module LauncherPlatform (420)
[2018.10.04-04.37.44:703][583]LogModuleManager: Shutting down and abandoning module AnalyticsET (418)
[2018.10.04-04.37.44:703][583]LogModuleManager: Shutting down and abandoning module PortalServices (416)
[2018.10.04-04.37.44:703][583]LogModuleManager: Shutting down and abandoning module PortalRpc (414)
[2018.10.04-04.37.44:703][583]LogModuleManager: Shutting down and abandoning module MessagingRpc (412)
[2018.10.04-04.37.44:703][583]LogModuleManager: Shutting down and abandoning module AIModule (410)
[2018.10.04-04.37.44:704][583]LogModuleManager: Shutting down and abandoning module GameplayDebugger (409)
[2018.10.04-04.37.44:704][583]LogModuleManager: Shutting down and abandoning module AITestSuite (407)
[2018.10.04-04.37.44:704][583]LogModuleManager: Shutting down and abandoning module NavigationSystem (405)
[2018.10.04-04.37.44:704][583]LogModuleManager: Shutting down and abandoning module ProfilerService (402)
[2018.10.04-04.37.44:927][583]LogModuleManager: Shutting down and abandoning module TaskGraph (400)
[2018.10.04-04.37.44:927][583]LogModuleManager: Shutting down and abandoning module SteamVRController (398)
[2018.10.04-04.37.44:927][583]LogModuleManager: Shutting down and abandoning module ProceduralMeshComponentEditor (396)
[2018.10.04-04.37.44:927][583]LogModuleManager: Shutting down and abandoning module ProceduralMeshComponent (394)
[2018.10.04-04.37.44:927][583]LogModuleManager: Shutting down and abandoning module OculusInput (392)
[2018.10.04-04.37.44:928][583]LogModuleManager: Shutting down and abandoning module MobilePatchingUtils (390)
[2018.10.04-04.37.44:928][583]LogModuleManager: Shutting down and abandoning module EditableMesh (388)
[2018.10.04-04.37.44:928][583]LogModuleManager: Shutting down and abandoning module CustomMeshComponent (386)
[2018.10.04-04.37.44:928][583]LogModuleManager: Shutting down and abandoning module CableComponent (384)
[2018.10.04-04.37.44:928][583]LogModuleManager: Shutting down and abandoning module AudioCapture (382)
[2018.10.04-04.37.44:928][583]LogModuleManager: Shutting down and abandoning module ArchVisCharacter (380)
[2018.10.04-04.37.44:928][583]LogModuleManager: Shutting down and abandoning module AndroidPermission (378)
[2018.10.04-04.37.44:928][583]LogModuleManager: Shutting down and abandoning module NUTUnrealEngine4 (376)
[2018.10.04-04.37.44:928][583]LogModuleManager: Shutting down and abandoning module NetcodeUnitTest (374)
[2018.10.04-04.37.44:929][583]LogModuleManager: Shutting down and abandoning module MediaCompositingEditor (372)
[2018.10.04-04.37.44:929][583]LogModuleManager: Shutting down and abandoning module MediaCompositing (370)
[2018.10.04-04.37.44:929][583]LogModuleManager: Shutting down and abandoning module LinearTimecode (368)
[2018.10.04-04.37.44:929][583]LogModuleManager: Shutting down and abandoning module ImgMedia (366)
[2018.10.04-04.37.44:941][583]LogModuleManager: Shutting down and abandoning module HTML5Networking (364)
[2018.10.04-04.37.44:941][583]LogModuleManager: Shutting down and abandoning module GeometryCacheTracks (362)
[2018.10.04-04.37.44:941][583]LogModuleManager: Shutting down and abandoning module GeometryCacheSequencer (360)
[2018.10.04-04.37.44:941][583]LogModuleManager: Shutting down and abandoning module BackChannel (358)
[2018.10.04-04.37.44:942][583]LogModuleManager: Shutting down and abandoning module AppleVision (356)
[2018.10.04-04.37.44:942][583]LogModuleManager: Shutting down and abandoning module AppleImageUtils (354)
[2018.10.04-04.37.44:942][583]LogModuleManager: Shutting down and abandoning module AlembicImporter (352)
[2018.10.04-04.37.44:942][583]LogModuleManager: Shutting down and abandoning module AlembicLibrary (351)
[2018.10.04-04.37.44:942][583]LogModuleManager: Shutting down and abandoning module GeometryCache (350)
[2018.10.04-04.37.44:942][583]LogModuleManager: Shutting down and abandoning module GeometryCacheEd (349)
[2018.10.04-04.37.44:942][583]LogModuleManager: Shutting down and abandoning module DatasmithContentEditor (344)
[2018.10.04-04.37.44:942][583]LogModuleManager: Shutting down and abandoning module DatasmithContent (342)
[2018.10.04-04.37.44:943][583]LogModuleManager: Shutting down and abandoning module SpeedTreeImporter (340)
[2018.10.04-04.37.44:943][583]LogModuleManager: Shutting down and abandoning module PluginBrowser (338)
[2018.10.04-04.37.44:944][583]LogModuleManager: Shutting down and abandoning module MobileLauncherProfileWizard (336)
[2018.10.04-04.37.44:944][583]LogModuleManager: Shutting down and abandoning module PolygonModeling (334)
[2018.10.04-04.37.44:944][583]LogModuleManager: Shutting down and abandoning module MeshEditor (332)
[2018.10.04-04.37.44:944][583]LogModuleManager: Shutting down and abandoning module CryptoKeysOpenSSL (330)
[2018.10.04-04.37.44:944][583]LogModuleManager: Shutting down and abandoning module CryptoKeys (328)
[2018.10.04-04.37.44:944][583]LogModuleManager: Shutting down and abandoning module VisualStudioSourceCodeAccess (326)
[2018.10.04-04.37.44:944][583]LogModuleManager: Shutting down and abandoning module VisualStudioCodeSourceCodeAccess (324)
[2018.10.04-04.37.44:944][583]LogModuleManager: Shutting down and abandoning module UObjectPlugin (322)
[2018.10.04-04.37.44:945][583]LogModuleManager: Shutting down and abandoning module SubversionSourceControl (320)
[2018.10.04-04.37.44:945][583]LogModuleManager: Shutting down and abandoning module PerforceSourceControl (318)
[2018.10.04-04.37.44:945][583]LogModuleManager: Shutting down and abandoning module GitSourceControl (316)
[2018.10.04-04.37.44:945][583]LogModuleManager: Shutting down and abandoning module SourceControl (315)
[2018.10.04-04.37.44:945][583]LogModuleManager: Shutting down and abandoning module CLionSourceCodeAccess (312)
[2018.10.04-04.37.44:945][583]LogModuleManager: Shutting down and abandoning module LightPropagationVolumeEditor (310)
[2018.10.04-04.37.44:945][583]LogModuleManager: Shutting down and abandoning module PaperTiledImporter (308)
[2018.10.04-04.37.44:945][583]LogModuleManager: Shutting down and abandoning module PaperSpriteSheetImporter (306)
[2018.10.04-04.37.44:945][583]LogModuleManager: Shutting down and abandoning module Paper2DEditor (304)
[2018.10.04-04.37.44:946][583]LogModuleManager: Shutting down and abandoning module MeshPaint (303)
[2018.10.04-04.37.44:946][583]LogModuleManager: Shutting down and abandoning module RuntimePhysXCooking (298)
[2018.10.04-04.37.44:946][583]LogModuleManager: Shutting down and abandoning module PhysXVehiclesEditor (296)
[2018.10.04-04.37.44:946][583]LogModuleManager: Shutting down and abandoning module PhysXVehicles (294)
[2018.10.04-04.37.44:946][583]LogModuleManager: Shutting down and abandoning module OculusEditor (292)
[2018.10.04-04.37.44:946][583]LogModuleManager: Shutting down and abandoning module LocationServicesBPLibrary (290)
[2018.10.04-04.37.44:946][583]LogModuleManager: Shutting down and abandoning module ImmediatePhysicsEditor (288)
[2018.10.04-04.37.44:946][583]LogModuleManager: Shutting down and abandoning module ImmediatePhysics (286)
[2018.10.04-04.37.44:947][583]LogModuleManager: Shutting down and abandoning module ActorSequence (284)
[2018.10.04-04.37.44:947][583]LogModuleManager: Shutting down and abandoning module UdpMessaging (282)
[2018.10.04-04.37.45:048][583]LogModuleManager: Shutting down and abandoning module TcpMessaging (280)
[2018.10.04-04.37.45:148][583]LogModuleManager: Shutting down and abandoning module MagicLeapAudio (278)
[2018.10.04-04.37.45:148][583]LogModuleManager: Shutting down and abandoning module GameplayTagsEditor (276)
[2018.10.04-04.37.45:149][583]LogModuleManager: Shutting down and abandoning module FacialAnimationEditor (274)
[2018.10.04-04.37.45:149][583]LogModuleManager: Shutting down and abandoning module FacialAnimation (272)
[2018.10.04-04.37.45:149][583]LogModuleManager: Shutting down and abandoning module DataValidation (270)
[2018.10.04-04.37.45:149][583]LogModuleManager: Shutting down and abandoning module AssetManagerEditor (268)
[2018.10.04-04.37.45:149][583]LogModuleManager: Shutting down and abandoning module LevelEditor (267)
[2018.10.04-04.37.45:150][583]LogModuleManager: Shutting down and abandoning module PixelInspectorModule (266)
[2018.10.04-04.37.45:150][583]LogModuleManager: Shutting down and abandoning module CommonMenuExtensions (264)
[2018.10.04-04.37.45:151][583]LogModuleManager: Shutting down and abandoning module MainFrame (262)
[2018.10.04-04.37.45:151][583]LogModuleManager: Shutting down and abandoning module HotReload (261)
[2018.10.04-04.37.45:152][583]LogModuleManager: Shutting down and abandoning module ContentBrowser (257)
[2018.10.04-04.37.45:154][583]LogModuleManager: Shutting down and abandoning module TreeMap (255)
[2018.10.04-04.37.45:154][583]LogModuleManager: Shutting down and abandoning module LightPropagationVolumeRuntime (252)
[2018.10.04-04.37.45:154][583]LogModuleManager: Shutting down and abandoning module AISupportModule (250)
[2018.10.04-04.37.45:154][583]LogModuleManager: Shutting down and abandoning module Paper2D (248)
[2018.10.04-04.37.45:154][583]LogModuleManager: Shutting down and abandoning module WindowsMoviePlayer (246)
[2018.10.04-04.37.45:154][583]LogModuleManager: Shutting down and abandoning module WmfMedia (244)
[2018.10.04-04.37.45:155][583]LogModuleManager: Shutting down and abandoning module Media (243)
[2018.10.04-04.37.45:161][583]LogModuleManager: Shutting down and abandoning module PacketHandler (240)
[2018.10.04-04.37.45:161][583]LogModuleManager: Shutting down and abandoning module ClothingSystemEditor (238)
[2018.10.04-04.37.45:161][583]LogModuleManager: Shutting down and abandoning module ClothingSystemRuntime (236)
[2018.10.04-04.37.45:162][583]LogModuleManager: Shutting down and abandoning module MediaAssets (234)
[2018.10.04-04.37.45:162][583]LogModuleManager: Shutting down and abandoning module Overlay (232)
[2018.10.04-04.37.45:162][583]LogModuleManager: Shutting down and abandoning module OverlayEditor (231)
[2018.10.04-04.37.45:162][583]LogModuleManager: Shutting down and abandoning module VREditor (228)
[2018.10.04-04.37.45:163][583]LogModuleManager: Shutting down and abandoning module StringTableEditor (226)
[2018.10.04-04.37.45:163][583]LogModuleManager: Shutting down and abandoning module GameplayTasksEditor (224)
[2018.10.04-04.37.45:163][583]LogModuleManager: Shutting down and abandoning module BehaviorTreeEditor (222)
[2018.10.04-04.37.45:163][583]LogModuleManager: Shutting down and abandoning module FunctionalTesting (220)
[2018.10.04-04.37.45:164][583]LogModuleManager: Shutting down and abandoning module CollisionAnalyzer (218)
[2018.10.04-04.37.45:164][583]LogModuleManager: Shutting down and abandoning module WorkspaceMenuStructure (217)
[2018.10.04-04.37.45:164][583]LogModuleManager: Shutting down and abandoning module UMG (214)
[2018.10.04-04.37.45:164][583]LogModuleManager: Shutting down and abandoning module UMGEditor (213)
[2018.10.04-04.37.45:165][583]LogModuleManager: Shutting down and abandoning module Sequencer (212)
[2018.10.04-04.37.45:166][583]LogModuleManager: Shutting down and abandoning module MessageLog (209)
[2018.10.04-04.37.45:166][583]LogModuleManager: Shutting down and abandoning module SlateReflector (204)
[2018.10.04-04.37.45:167][583]LogModuleManager: Shutting down and abandoning module Slate (202)
[2018.10.04-04.37.45:167][583]LogModuleManager: Shutting down and abandoning module EditorStyle (200)
[2018.10.04-04.37.45:170][583]LogModuleManager: Shutting down and abandoning module MRMesh (198)
[2018.10.04-04.37.45:170][583]LogModuleManager: Shutting down and abandoning module SourceCodeAccess (196)
[2018.10.04-04.37.45:170][583]LogModuleManager: Shutting down and abandoning module HeadMountedDisplay (194)
[2018.10.04-04.37.45:170][583]LogModuleManager: Shutting down and abandoning module XAudio2 (192)
[2018.10.04-04.37.45:170][583]LogModuleManager: Shutting down and abandoning module Networking (190)
[2018.10.04-04.37.45:171][583]LogModuleManager: Shutting down and abandoning module Core (188)
[2018.10.04-04.37.45:171][583]LogModuleManager: Shutting down and abandoning module LevelSequence (186)
[2018.10.04-04.37.45:171][583]LogModuleManager: Shutting down and abandoning module KismetCompiler (184)
[2018.10.04-04.37.45:171][583]LogModuleManager: Shutting down and abandoning module MeshUtilities (182)
[2018.10.04-04.37.45:171][583]LogModuleManager: Shutting down and abandoning module MeshMergeUtilities (181)
[2018.10.04-04.37.45:171][583]LogModuleManager: Shutting down and abandoning module MeshReductionInterface (180)
[2018.10.04-04.37.45:171][583]LogModuleManager: Shutting down and abandoning module SimplygonSwarm (179)
[2018.10.04-04.37.45:171][583]LogModuleManager: Shutting down and abandoning module ProxyLODMeshReduction (177)
[2018.10.04-04.37.45:172][583]LogModuleManager: Shutting down and abandoning module SimplygonMeshReduction (175)
[2018.10.04-04.37.45:172][583]LogModuleManager: Shutting down and abandoning module QuadricMeshReduction (173)
[2018.10.04-04.37.45:173][583]LogModuleManager: Shutting down and abandoning module MaterialBaking (169)
[2018.10.04-04.37.45:173][583]LogModuleManager: Shutting down and abandoning module DirectoryWatcher (165)
[2018.10.04-04.37.45:173][583]LogModuleManager: Shutting down and abandoning module DerivedDataCache (162)
[2018.10.04-04.37.45:195][583]LogDerivedDataCache: Shutdown
[2018.10.04-04.37.45:196][583]LogModuleManager: Shutting down and abandoning module XGEController (160)
[2018.10.04-04.37.45:196][583]LogXGEController: Cleaning working directory: C:/Users/Peter/AppData/Local/Temp/UnrealXGEWorkingDir/
[2018.10.04-04.37.45:196][583]LogModuleManager: Shutting down and abandoning module TargetPlatform (158)
[2018.10.04-04.37.45:196][583]LogModuleManager: Shutting down and abandoning module VulkanShaderFormat (157)
[2018.10.04-04.37.45:196][583]LogModuleManager: Shutting down and abandoning module ShaderFormatVectorVM (155)
[2018.10.04-04.37.45:196][583]LogModuleManager: Shutting down and abandoning module ShaderFormatOpenGL (153)
[2018.10.04-04.37.45:196][583]LogModuleManager: Shutting down and abandoning module ShaderFormatD3D (151)
[2018.10.04-04.37.45:197][583]LogModuleManager: Shutting down and abandoning module MetalShaderFormat (149)
[2018.10.04-04.37.45:197][583]LogModuleManager: Shutting down and abandoning module TextureFormatUncompressed (147)
[2018.10.04-04.37.45:197][583]LogModuleManager: Shutting down and abandoning module TextureFormatPVR (145)
[2018.10.04-04.37.45:197][583]LogModuleManager: Shutting down and abandoning module TextureFormatDXT (143)
[2018.10.04-04.37.45:197][583]LogModuleManager: Shutting down and abandoning module TextureFormatIntelISPCTexComp (141)
[2018.10.04-04.37.45:197][583]LogModuleManager: Shutting down and abandoning module TextureFormatASTC (139)
[2018.10.04-04.37.45:197][583]LogModuleManager: Shutting down and abandoning module ImageWrapper (138)
[2018.10.04-04.37.45:197][583]LogModuleManager: Shutting down and abandoning module TextureFormatAndroid (135)
[2018.10.04-04.37.45:197][583]LogModuleManager: Shutting down and abandoning module AudioFormatOpus (133)
[2018.10.04-04.37.45:197][583]LogModuleManager: Shutting down and abandoning module AudioFormatOgg (131)
[2018.10.04-04.37.45:197][583]LogModuleManager: Shutting down and abandoning module AudioFormatADPCM (129)
[2018.10.04-04.37.45:197][583]LogModuleManager: Shutting down and abandoning module LuminTargetPlatform (127)
[2018.10.04-04.37.45:198][583]LogModuleManager: Shutting down and abandoning module LinuxTargetPlatform (125)
[2018.10.04-04.37.45:198][583]LogModuleManager: Shutting down and abandoning module LinuxServerTargetPlatform (123)
[2018.10.04-04.37.45:198][583]LogModuleManager: Shutting down and abandoning module LinuxNoEditorTargetPlatform (121)
[2018.10.04-04.37.45:198][583]LogModuleManager: Shutting down and abandoning module LinuxClientTargetPlatform (119)
[2018.10.04-04.37.45:198][583]LogModuleManager: Shutting down and abandoning module TVOSTargetPlatform (117)
[2018.10.04-04.37.45:199][583]LogModuleManager: Shutting down and abandoning module Messaging (115)
[2018.10.04-04.37.45:199][583]LogModuleManager: Shutting down and abandoning module IOSTargetPlatform (113)
[2018.10.04-04.37.45:200][583]LogModuleManager: Shutting down and abandoning module HTML5TargetPlatform (111)
[2018.10.04-04.37.45:200][583]LogModuleManager: Shutting down and abandoning module AndroidTargetPlatform (109)
[2018.10.04-04.37.45:212][583]LogModuleManager: Shutting down and abandoning module WindowsTargetPlatform (107)
[2018.10.04-04.37.45:212][583]LogModuleManager: Shutting down and abandoning module WindowsServerTargetPlatform (105)
[2018.10.04-04.37.45:212][583]LogModuleManager: Shutting down and abandoning module WindowsNoEditorTargetPlatform (103)
[2018.10.04-04.37.45:212][583]LogModuleManager: Shutting down and abandoning module WindowsClientTargetPlatform (101)
[2018.10.04-04.37.45:212][583]LogModuleManager: Shutting down and abandoning module MacTargetPlatform (99)
[2018.10.04-04.37.45:212][583]LogModuleManager: Shutting down and abandoning module MacServerTargetPlatform (97)
[2018.10.04-04.37.45:213][583]LogModuleManager: Shutting down and abandoning module MacNoEditorTargetPlatform (95)
[2018.10.04-04.37.45:213][583]LogModuleManager: Shutting down and abandoning module MacClientTargetPlatform (93)
[2018.10.04-04.37.45:213][583]LogModuleManager: Shutting down and abandoning module AllDesktopTargetPlatform (91)
[2018.10.04-04.37.45:213][583]LogModuleManager: Shutting down and abandoning module InputCore (88)
[2018.10.04-04.37.45:213][583]LogModuleManager: Shutting down and abandoning module Settings (86)
[2018.10.04-04.37.45:213][583]LogModuleManager: Shutting down and abandoning module PhysXCooking (84)
[2018.10.04-04.37.45:213][583]LogModuleManager: Shutting down and abandoning module SteamVR (82)
[2018.10.04-04.37.45:213][583]LogModuleManager: Shutting down and abandoning module OculusHMD (80)
[2018.10.04-04.37.45:213][583]LogModuleManager: Shutting down and abandoning module ExampleDeviceProfileSelector (78)
[2018.10.04-04.37.45:213][583]LogModuleManager: Shutting down and abandoning module LauncherChunkInstaller (76)
[2018.10.04-04.37.45:213][583]LogModuleManager: Shutting down and abandoning module OnlineBlueprintSupport (74)
[2018.10.04-04.37.45:213][583]LogModuleManager: Shutting down and abandoning module OnlineSubsystem (70)
[2018.10.04-04.37.45:214][583]LogModuleManager: Shutting down and abandoning module XMPP (65)
[2018.10.04-04.37.45:215][583]LogModuleManager: Shutting down and abandoning module WebSockets (64)
[2018.10.04-04.37.45:241][583]LogModuleManager: Shutting down and abandoning module HTTP (61)
[2018.10.04-04.37.45:241][583]LogHttp: Display: Http module shutting down, but needs to wait on 1 outstanding Http requests:
[2018.10.04-04.37.45:241][583]LogHttp: Display: 	verb=[POST] url=[https://datarouter.ol.epicgames.com/datarouter/api/v1/public/data?SessionID=%7BD5B4854B-46B4-80B0-0BF5-2F9368D95CAA%7D&AppID=UEEditor.Rocket.Release&AppVersion=4.20.3-4369336%2B%2B%2BUE4%2BRelease-4.20&UserID=15b52cc9472a2ea98d32dc90de97a0b4%7Ca6bb9a295af146eeb619cdf8ccea1563%7C1f176c5f-cff4-4457-b55a-dac67387f93b&AppEnvironment=datacollector-binary&UploadType=eteventstream] status=Processing
[2018.10.04-04.37.45:259][583]LogModuleManager: Shutting down and abandoning module SSL (60)
[2018.10.04-04.37.45:261][583]LogModuleManager: Shutting down and abandoning module MagicLeapEmulator (56)
[2018.10.04-04.37.45:261][583]LogModuleManager: Shutting down and abandoning module MagicLeapPrivileges (54)
[2018.10.04-04.37.45:261][583]LogModuleManager: Shutting down and abandoning module MagicLeapIdentity (52)
[2018.10.04-04.37.45:261][583]LogModuleManager: Shutting down and abandoning module MagicLeapHelperVulkan (50)
[2018.10.04-04.37.45:261][583]LogModuleManager: Shutting down and abandoning module MagicLeapHelperOpenGL (48)
[2018.10.04-04.37.45:261][583]LogModuleManager: Shutting down and abandoning module MagicLeapSecureStorage (46)
[2018.10.04-04.37.45:261][583]LogModuleManager: Shutting down and abandoning module MagicLeapGestures (44)
[2018.10.04-04.37.45:262][583]LogModuleManager: Shutting down and abandoning module MagicLeapEyeTracker (42)
[2018.10.04-04.37.45:262][583]LogModuleManager: Shutting down and abandoning module MagicLeapController (40)
[2018.10.04-04.37.45:262][583]LogSlate: Slate User Destroyed.  User Index 0, Is Virtual User: 0
[2018.10.04-04.37.45:262][583]LogModuleManager: Shutting down and abandoning module MagicLeap (38)
[2018.10.04-04.37.45:262][583]LogModuleManager: Shutting down and abandoning module AnimationModifiers (36)
[2018.10.04-04.37.45:262][583]LogModuleManager: Shutting down and abandoning module PropertyEditor (35)
[2018.10.04-04.37.45:262][583]LogModuleManager: Shutting down and abandoning module AudioEditor (32)
[2018.10.04-04.37.45:263][583]LogModuleManager: Shutting down and abandoning module TextureCompressor (30)
[2018.10.04-04.37.45:263][583]LogModuleManager: Shutting down and abandoning module ShaderCore (28)
[2018.10.04-04.37.45:263][583]LogModuleManager: Shutting down and abandoning module Landscape (26)
[2018.10.04-04.37.45:263][583]LogModuleManager: Shutting down and abandoning module SlateRHIRenderer (24)
[2018.10.04-04.37.45:264][583]LogModuleManager: Shutting down and abandoning module OpenGLDrv (22)
[2018.10.04-04.37.45:265][583]LogModuleManager: Shutting down and abandoning module D3D11RHI (20)
[2018.10.04-04.37.45:265][583]LogModuleManager: Shutting down and abandoning module AnimGraphRuntime (18)
[2018.10.04-04.37.45:265][583]LogModuleManager: Shutting down and abandoning module Renderer (16)
[2018.10.04-04.37.45:265][583]LogModuleManager: Shutting down and abandoning module Engine (14)
[2018.10.04-04.37.45:265][583]LogModuleManager: Shutting down and abandoning module CoreUObject (12)
[2018.10.04-04.37.45:265][583]LogModuleManager: Shutting down and abandoning module NetworkFile (10)
[2018.10.04-04.37.45:265][583]LogModuleManager: Shutting down and abandoning module CookedIterativeFile (8)
[2018.10.04-04.37.45:265][583]LogModuleManager: Shutting down and abandoning module StreamingFile (6)
[2018.10.04-04.37.45:265][583]LogModuleManager: Shutting down and abandoning module SandboxFile (4)
[2018.10.04-04.37.45:265][583]LogModuleManager: Shutting down and abandoning module PakFile (2)
[2018.10.04-04.37.45:270][583]LogExit: Exiting.
[2018.10.04-04.37.45:306][583]Log file closed, 10/03/18 23:37:45
